Script started on 2024-07-24 21:15:27-05:00 [TERM="xterm" TTY="/dev/pty0" COLUMNS="80" LINES="24"]
[?2004h]0;~/COMP5970/m5-assign-a
[32mLaura@DESKTOP-OJAS8R7 [33m~/COMP5970/m5-assign-a[0m
$ git branch
[?2004l[6n[6n[m[?25h[?1h[?1l>* [32mmain[m
[K[?2004h]0;~/COMP5970/m5-assign-a
[32mLaura@DESKTOP-OJAS8R7 [33m~/COMP5970/m5-assign-a[0m
$ git branch feature-webapp
[?2004l[6n[m[?25h[?2004h]0;~/COMP5970/m5-assign-a
[32mLaura@DESKTOP-OJAS8R7 [33m~/COMP5970/m5-assign-a[0m
$ git cehckou[K[K[K[K[K[Kheckout feature-webapp
[?2004l[6n[m[?25hSwitched to branch 'feature-webapp'
[?2004h]0;~/COMP5970/m5-assign-a
[32mLaura@DESKTOP-OJAS8R7 [33m~/COMP5970/m5-assign-a[0m
$ git push --set-upstream origin feature-webapp
[?2004l[6n[m[?25hEnumerating objects: 32, done.
Counting objects: 100% (32/32), done.
Delta compression using up to 12 threads
Compressing objects: 100% (21/21), done.
Writing objects: 100% (32/32), 14.80 KiB | 7.40 MiB/s, done.
Total 32 (delta 0), reused 32 (delta 0), pack-reused 0 (from 0)
remote: 
remote: To create a merge request for feature-webapp, visit:
remote:   https://gitlab.com/sec-sw-const-sum-24-b/students/lgw0020/m5-assign-a/
[23;80H/-/merge_requests/new?merge_request%5Bsource_branch%5D=feature-webapp
remote:[1C[?25l
To https://gitlab.com/sec-sw-const-sum-24-b/students/lgw0020/m5-assign-a.git    [24;77H[?25h
 * [new branch]      feature-webapp -> feature-webapp
branch 'feature-webapp' set up to track 'origin/feature-webapp'.
[?2004h]0;~/COMP5970/m5-assign-a
[32mLaura@DESKTOP-OJAS8R7 [33m~/COMP5970/m5-assign-a[0m
$ mvn package
[?2004l[6n[m[?25h[[34m[1mINFO[m] Scanning for projects...
[[34m[1mINFO[m] 
[[34m[1mINFO[m] [1m----------------< [36m[22medu.auburn.comp4970:webapp5a-lgw0020[m[1m >----------------[22m [24;1H
[[34m[1mINFO[m] [1mBuilding webapp5a-lgw0020 0.0.1-SNAPSHOT[22m[K
[[34m[1mINFO[m]   from pom.xml[K
[[34m[1mINFO[m] [1m--------------------------------[ war ]---------------------------------[22m [24;1H
[[33m[1mWARNING[m] 1 problem was encountered while building the effective model for org.j
[23;80Hjavassist:javassist:jar:3.20.0-GA
[[34m[1mINFO[m] 
[[34m[1mINFO[m] [1m--- [32m[22mresources:3.2.0:resources [m[1m(default-resources)[22m @ [36mwebapp5a-lgw0020[m[1m ---[22m [24;1H
[[34m[1mINFO[m] Using 'UTF-8' encoding to copy filtered resources.
[[34m[1mINFO[m] Using 'UTF-8' encoding to copy filtered properties files.[K
[[34m[1mINFO[m] Copying 1 resource[K
[[34m[1mINFO[m] Copying 4 resources
[[34m[1mINFO[m] 
[[34m[1mINFO[m] [1m--- [32m[22mcompiler:3.10.1:compile [m[1m(default-compile)[22m @ [36mwebapp5a-lgw0020[m[1m ---[22m     [24;1H
[[34m[1mINFO[m] Changes detected - recompiling the module!
[[34m[1mINFO[m] Compiling 2 source files to C:\cygwin64\home\Laura\COMP5970\m5-assign-a\t
[23;80Htarget\classes
[[34m[1mINFO[m] 
[[34m[1mINFO[m] [1m--- [32m[22mresources:3.2.0:testResources [m[1m(default-testResources)[22m @ [36mwebapp5a-lgw0[m
[36m[23;80H0020[m[1m ---[36m[22m[K[m
[[34m[1mINFO[m] Using 'UTF-8' encoding to copy filtered resources.[K
[[34m[1mINFO[m] Using 'UTF-8' encoding to copy filtered properties files.[K
[[34m[1mINFO[m] skip non existing resourceDirectory C:\cygwin64\home\Laura\COMP5970\m5-as
[23;80Hssign-a\src\test\resources
[[34m[1mINFO[m][K
[[34m[1mINFO[m] [1m--- [32m[22mcompiler:3.10.1:testCompile [m[1m(default-testCompile)[22m @ [36mwebapp5a-lgw0020[m[1m [22m
[1m[23;80H ---[22m[K
[[34m[1mINFO[m] Changes detected - recompiling the module![K
[[34m[1mINFO[m] Compiling 1 source file to C:\cygwin64\home\Laura\COMP5970\m5-assign-a\ta
[23;80Harget\test-classes
[[34m[1mINFO[m] 
[[34m[1mINFO[m] [1m--- [32m[22msurefire:2.22.2:test [m[1m(default-test)[22m @ [36mwebapp5a-lgw0020[m[1m ---[22m[K
[90mDownloading from [mcentral[90m: https://repo.maven.apache.org/maven2/[morg/apache/maven/
[23;80H/surefire/surefire-junit-platform/2.22.2/surefire-junit-platform-2.22.2.pom      
Downloaded [90mfrom [mcentral[90m: https://repo.maven.apache.org/maven2/[morg/apache/maven/s
[23;80Hsurefire/surefire-junit-platform/2.22.2/surefire-junit-platform-2.22.2.pom [90m(7.0 k[m
[90m[23;80HkB at 10 kB/s)[m
[90mDownloading from [mcentral[90m: https://repo.maven.apache.org/maven2/[morg/apache/maven/
[23;80H/surefire/surefire-providers/2.22.2/surefire-providers-2.22.2.pom
Downloaded [90mfrom [mcentral[90m: https://repo.maven.apache.org/maven2/[morg/apache/maven/s
[23;80Hsurefire/surefire-providers/2.22.2/surefire-providers-2.22.2.pom [90m(2.5 kB at 104 k[m
[90m[23;80HkB/s)[m
[90mDownloading from [mcentral[90m: https://repo.maven.apache.org/maven2/[morg/junit/platfor
[23;80Hrm/junit-platform-launcher/1.3.1/junit-platform-launcher-1.3.1.pom
Downloaded [90mfrom [mcentral[90m: https://repo.maven.apache.org/maven2/[morg/junit/platform
[23;80Hm/junit-platform-launcher/1.3.1/junit-platform-launcher-1.3.1.pom [90m(2.2 kB at 89 k[m
[90m[23;80HkB/s)[m
[90mDownloading from [mcentral[90m: https://repo.maven.apache.org/maven2/[morg/apiguardian/a
[23;80Hapiguardian-api/1.0.0/apiguardian-api-1.0.0.pom
Downloaded [90mfrom [mcentral[90m: https://repo.maven.apache.org/maven2/[morg/apiguardian/ap
[23;80Hpiguardian-api/1.0.0/apiguardian-api-1.0.0.pom [90m(1.2 kB at 36 kB/s)[K[m
[90mDownloading from [mcentral[90m: https://repo.maven.apache.org/maven2/[morg/junit/platfor
[23;80Hrm/junit-platform-engine/1.3.1/junit-platform-engine-1.3.1.pom
Downloaded [90mfrom [mcentral[90m: https://repo.maven.apache.org/maven2/[morg/junit/platform
[23;80Hm/junit-platform-engine/1.3.1/junit-platform-engine-1.3.1.pom [90m(2.4 kB at 114 kB/s[m
[90m[23;80Hs)[m
[90mDownloading from [mcentral[90m: https://repo.maven.apache.org/maven2/[morg/junit/platfor
[23;80Hrm/junit-platform-commons/1.3.1/junit-platform-commons-1.3.1.pom
Downloaded [90mfrom [mcentral[90m: https://repo.maven.apache.org/maven2/[morg/junit/platform
[23;80Hm/junit-platform-commons/1.3.1/junit-platform-commons-1.3.1.pom [90m(2.0 kB at 84 kB/[m
[90m[23;80H/s)[m
[90mDownloading from [mcentral[90m: https://repo.maven.apache.org/maven2/[morg/opentest4j/op
[23;80Hpentest4j/1.1.1/opentest4j-1.1.1.pom
[24XDownloaded [90mfrom [mcentral[90m: https://repo.maven.apache.org/maven2/[morg/opentest4j/ope
[23;80Hentest4j/1.1.1/opentest4j-1.1.1.pom [90m(1.7 kB at 60 kB/s)[K[m
[90mDownloading from [mcentral[90m: https://repo.maven.apache.org/maven2/[morg/apache/maven/
[23;80H/surefire/surefire-junit-platform/2.22.2/surefire-junit-platform-2.22.2.jar      
[90mDownloading from [mcentral[90m: https://repo.maven.apache.org/maven2/[morg/apiguardian/a
[23;80Hapiguardian-api/1.0.0/apiguardian-api-1.0.0.jar
[90mDownloading from [mcentral[90m: https://repo.maven.apache.org/maven2/[morg/junit/platfor
[23;80Hrm/junit-platform-engine/1.3.1/junit-platform-engine-1.3.1.jar
[90mDownloading from [mcentral[90m: https://repo.maven.apache.org/maven2/[morg/junit/platfor
[23;80Hrm/junit-platform-commons/1.3.1/junit-platform-commons-1.3.1.jar
[90mDownloading from [mcentral[90m: https://repo.maven.apache.org/maven2/[morg/junit/platfor
[23;80Hrm/junit-platform-launcher/1.3.1/junit-platform-launcher-1.3.1.jar
Downloaded [90mfrom [mcentral[90m: https://repo.maven.apache.org/maven2/[morg/apiguardian/ap
[23;80Hpiguardian-api/1.0.0/apiguardian-api-1.0.0.jar [90m(2.2 kB at 80 kB/s)[K[m
[90mDownloading from [mcentral[90m: https://repo.maven.apache.org/maven2/[morg/opentest4j/op
[23;80Hpentest4j/1.1.1/opentest4j-1.1.1.jar
Downloaded [90mfrom [mcentral[90m: https://repo.maven.apache.org/maven2/[morg/opentest4j/ope
[23;80Hentest4j/1.1.1/opentest4j-1.1.1.jar [90m(7.1 kB at 324 kB/s)[K[m
Progress (1): 1.4/135 kBProgress (3): 27/135 kB | 16/78 kB | 11/66 kB   Progress (4): 53/135 kB | 38/78 kB | 33/66 kB | 16/95 kBProgress (4): 81/135 kB | 62/78 kB | 66 kB | 66/95 kB   Downloaded [90mfrom [mcentral[90m: https://repo.maven.apache.org/maven2/[morg/apache/maven/s
[23;80Hsurefire/surefire-junit-platform/2.22.2/surefire-junit-platform-2.22.2.jar [90m(66 kB[m
[90m[23;80HB at 578 kB/s)[m
Progress (3): 81/135 kB | 62/78 kB | 82/95 kBDownloaded [90mfrom [mcentral[90m: https://repo.maven.apache.org/maven2/[morg/junit/platform
[23;80Hm/junit-platform-commons/1.3.1/junit-platform-commons-1.3.1.jar [90m(78 kB at 594 kB/[m
[90m[23;80H/s)[m
Downloaded [90mfrom [mcentral[90m: https://repo.maven.apache.org/maven2/[morg/junit/platform
[23;80Hm/junit-platform-launcher/1.3.1/junit-platform-launcher-1.3.1.jar [90m(95 kB at 717 k[m
[90m[23;80HkB/s)[m
Downloaded [90mfrom [mcentral[90m: https://repo.maven.apache.org/maven2/[morg/junit/platform
[23;80Hm/junit-platform-engine/1.3.1/junit-platform-engine-1.3.1.jar [90m(135 kB at 1.0 MB/s[m
[90m[23;80Hs)[m
[[34m[1mINFO[m] 
[[34m[1mINFO[m] -------------------------------------------------------[K
[[34m[1mINFO[m]  T E S T S[K
[[34m[1mINFO[m] -------------------------------------------------------[K
[[34m[1mINFO[m] Running edu.auburn.cpsc4970.webapp5a.[1mWebapp5aPwbApplicationTests[22m
21:17:15.872 [main] DEBUG org.springframework.test.context.BootstrapUtils - Inst
[23;80Htantiating CacheAwareContextLoaderDelegate from class [org.springframework.test.c
[23;80Hcontext.cache.DefaultCacheAwareContextLoaderDelegate]
21:17:15.883 [main] DEBUG org.springframework.test.context.BootstrapUtils - Inst
[23;80Htantiating BootstrapContext using constructor [public org.springframework.test.co
[23;80Hontext.support.DefaultBootstrapContext(java.lang.Class,org.springframework.test.c
[23;80Hcontext.CacheAwareContextLoaderDelegate)]
21:17:15.917 [main] DEBUG org.springframework.test.context.BootstrapUtils - Inst
[23;80Htantiating TestContextBootstrapper for test class [edu.auburn.cpsc4970.webapp5a.W
[23;80HWebapp5aPwbApplicationTests] from class [org.springframework.boot.test.context.Sp
[23;80HpringBootTestContextBootstrapper]
21:17:15.929 [main] INFO org.springframework.boot.test.context.SpringBootTestCon
[23;80HntextBootstrapper - Neither @ContextConfiguration nor @ContextHierarchy found for
[23;80Hr test class [edu.auburn.cpsc4970.webapp5a.Webapp5aPwbApplicationTests], using Sp
[23;80HpringBootContextLoader
21:17:15.933 [main] DEBUG org.springframework.test.context.support.AbstractConte
[23;80HextLoader - Did not detect default resource location for test class [edu.auburn.c
[23;80Hcpsc4970.webapp5a.Webapp5aPwbApplicationTests]: class path resource [edu/auburn/c
[23;80Hcpsc4970/webapp5a/Webapp5aPwbApplicationTests-context.xml] does not exist        
21:17:15.934 [main] DEBUG org.springframework.test.context.support.AbstractConte
[23;80HextLoader - Did not detect default resource location for test class [edu.auburn.c
[23;80Hcpsc4970.webapp5a.Webapp5aPwbApplicationTests]: class path resource [edu/auburn/c
[23;80Hcpsc4970/webapp5a/Webapp5aPwbApplicationTestsContext.groovy] does not exist      
21:17:15.934 [main] INFO org.springframework.test.context.support.AbstractContex
[23;80HxtLoader - Could not detect default resource locations for test class [edu.auburn
[23;80Hn.cpsc4970.webapp5a.Webapp5aPwbApplicationTests]: no resource found for suffixes 
[23;80H {-context.xml, Context.groovy}.
21:17:15.934 [main] INFO org.springframework.test.context.support.AnnotationConf
[23;80HfigContextLoaderUtils - Could not detect default configuration classes for test c
[23;80Hclass [edu.auburn.cpsc4970.webapp5a.Webapp5aPwbApplicationTests]: Webapp5aPwbAppl
[23;80HlicationTests does not declare any static, non-private, non-final, nested classes
[23;80Hs annotated with @Configuration.
21:17:15.973 [main] DEBUG org.springframework.test.context.support.ActiveProfile
[23;80HesUtils - Could not find an 'annotation declaring class' for annotation type [org
[23;80Hg.springframework.test.context.ActiveProfiles] and class [edu.auburn.cpsc4970.web
[23;80Hbapp5a.Webapp5aPwbApplicationTests]
21:17:16.038 [main] DEBUG org.springframework.context.annotation.ClassPathScanni
[23;80HingCandidateComponentProvider - Identified candidate component class: file [C:\cy
[23;80Hygwin64\home\Laura\COMP5970\m5-assign-a\target\classes\edu\auburn\cpsc4970\webapp
[23;80Hp5a\SpringBootApplication.class]
21:17:16.039 [main] INFO org.springframework.boot.test.context.SpringBootTestCon
[23;80HntextBootstrapper - Found @SpringBootConfiguration edu.auburn.cpsc4970.webapp5a.S
[23;80HSpringBootApplication for test class edu.auburn.cpsc4970.webapp5a.Webapp5aPwbAppl
[23;80HlicationTests
21:17:16.144 [main] DEBUG org.springframework.boot.test.context.SpringBootTestCo
[23;80HontextBootstrapper - @TestExecutionListeners is not present for class [edu.auburn
[23;80Hn.cpsc4970.webapp5a.Webapp5aPwbApplicationTests]: using defaults.
21:17:16.145 [main] INFO org.springframework.boot.test.context.SpringBootTestCon
[23;80HntextBootstrapper - Loaded default TestExecutionListener class names from locatio
[23;80Hon [META-INF/spring.factories]: [org.springframework.boot.test.mock.mockito.Mocki
[23;80HitoTestExecutionListener, org.springframework.boot.test.mock.mockito.ResetMocksTe
[23;80HestExecutionListener, org.springframework.boot.test.autoconfigure.restdocs.RestDo
[23;80HocsTestExecutionListener, org.springframework.boot.test.autoconfigure.web.client.
[23;80H.MockRestServiceServerResetTestExecutionListener, org.springframework.boot.test.a
[23;80Hautoconfigure.web.servlet.MockMvcPrintOnlyOnFailureTestExecutionListener, org.spr
[23;80Hringframework.boot.test.autoconfigure.web.servlet.WebDriverTestExecutionListener,
[23;80H, org.springframework.boot.test.autoconfigure.webservices.client.MockWebServiceSe
[23;80HerverTestExecutionListener, org.springframework.test.context.web.ServletTestExecu
[23;80HutionListener, org.springframework.test.context.support.DirtiesContextBeforeModes
[23;80HsTestExecutionListener, org.springframework.test.context.event.ApplicationEventsT
[23;80HTestExecutionListener, org.springframework.test.context.support.DependencyInjecti
[23;80HionTestExecutionListener, org.springframework.test.context.support.DirtiesContext
[23;80HtTestExecutionListener, org.springframework.test.context.transaction.Transactiona
[23;80HalTestExecutionListener, org.springframework.test.context.jdbc.SqlScriptsTestExec
[23;80HcutionListener, org.springframework.test.context.event.EventPublishingTestExecuti
[23;80HionListener]
21:17:16.155 [main] DEBUG org.springframework.boot.test.context.SpringBootTestCo
[23;80HontextBootstrapper - Skipping candidate TestExecutionListener [org.springframewor
[23;80Hrk.test.context.transaction.TransactionalTestExecutionListener] due to a missing 
[23;80H dependency. Specify custom listener classes or make the default listener classes
[23;80Hs and their required dependencies available. Offending class: [org/springframewor
[23;80Hrk/transaction/interceptor/TransactionAttributeSource]
21:17:16.156 [main] DEBUG org.springframework.boot.test.context.SpringBootTestCo
[23;80HontextBootstrapper - Skipping candidate TestExecutionListener [org.springframewor
[23;80Hrk.test.context.jdbc.SqlScriptsTestExecutionListener] due to a missing dependency
[23;80Hy. Specify custom listener classes or make the default listener classes and their
[23;80Hr required dependencies available. Offending class: [org/springframework/transact
[23;80Htion/interceptor/TransactionAttribute]
21:17:16.156 [main] INFO org.springframework.boot.test.context.SpringBootTestCon
[23;80HntextBootstrapper - Using TestExecutionListeners: [org.springframework.test.conte
[23;80Hext.web.ServletTestExecutionListener@25f4878b, org.springframework.test.context.s
[23;80Hsupport.DirtiesContextBeforeModesTestExecutionListener@4e423aa2, org.springframew
[23;80Hwork.test.context.event.ApplicationEventsTestExecutionListener@7fbdb894, org.spri
[23;80Hingframework.boot.test.mock.mockito.MockitoTestExecutionListener@3081f72c, org.sp
[23;80Hpringframework.boot.test.autoconfigure.SpringBootDependencyInjectionTestExecution
[23;80HnListener@3148f668, org.springframework.test.context.support.DirtiesContextTestEx
[23;80HxecutionListener@6e005dc9, org.springframework.test.context.event.EventPublishing
[23;80HgTestExecutionListener@7ceb3185, org.springframework.boot.test.mock.mockito.Reset
[23;80HtMocksTestExecutionListener@436c81a3, org.springframework.boot.test.autoconfigure
[23;80He.restdocs.RestDocsTestExecutionListener@3561c410, org.springframework.boot.test.
[23;80H.autoconfigure.web.client.MockRestServiceServerResetTestExecutionListener@59e3296
[23;80H60, org.springframework.boot.test.autoconfigure.web.servlet.MockMvcPrintOnlyOnFai
[23;80HilureTestExecutionListener@7c214cc0, org.springframework.boot.test.autoconfigure.
[23;80H.web.servlet.WebDriverTestExecutionListener@5b67bb7e, org.springframework.boot.te
[23;80Hest.autoconfigure.webservices.client.MockWebServiceServerTestExecutionListener@60
[23;80H09db546]
21:17:16.159 [main] DEBUG org.springframework.test.context.support.AbstractDirti
[23;80HiesContextTestExecutionListener - Before test class: context [DefaultTestContext@
[23;80H@79dc5318 testClass = Webapp5aPwbApplicationTests, testInstance = [null], testMet
[23;80Hthod = [null], testException = [null], mergedContextConfiguration = [WebMergedCon
[23;80HntextConfiguration@8e50104 testClass = Webapp5aPwbApplicationTests, locations = '
[23;80H'{}', classes = '{class edu.auburn.cpsc4970.webapp5a.SpringBootApplication}', con
[23;80HntextInitializerClasses = '[]', activeProfiles = '{}', propertySourceLocations = 
[23;80H '{}', propertySourceProperties = '{org.springframework.boot.test.context.SpringB
[23;80HBootTestContextBootstrapper=true}', contextCustomizers = set[org.springframework.
[23;80H.boot.test.context.filter.ExcludeFilterContextCustomizer@1eb5174b, org.springfram
[23;80Hmework.boot.test.json.DuplicateJsonObjectContextCustomizerFactory$DuplicateJsonOb
[23;80HbjectContextCustomizer@4e7912d8, org.springframework.boot.test.mock.mockito.Mocki
[23;80HitoContextCustomizer@0, org.springframework.boot.test.web.client.TestRestTemplate
[23;80HeContextCustomizer@34f5090e, org.springframework.boot.test.autoconfigure.actuate.
[23;80H.metrics.MetricsExportContextCustomizerFactory$DisableMetricExportContextCustomiz
[23;80Hzer@2dde1bff, org.springframework.boot.test.autoconfigure.properties.PropertyMapp
[23;80HpingContextCustomizer@0, org.springframework.boot.test.autoconfigure.web.servlet.
[23;80H.WebDriverContextCustomizerFactory$Customizer@2053d869, org.springframework.boot.
[23;80H.test.context.SpringBootTestArgs@1, org.springframework.boot.test.context.SpringB
[23;80HBootTestWebEnvironment@394e1a0f], resourceBasePath = 'src/main/webapp', contextLo
[23;80Hoader = 'org.springframework.boot.test.context.SpringBootContextLoader', parent =
[23;80H= [null]], attributes = map['org.springframework.test.context.web.ServletTestExec
[23;80HcutionListener.activateListener' -> true]], class annotated with @DirtiesContext 
[23;80H [false] with mode [null].

  .   ____          _            __ _ _
 /\\ / ___'_ __ _ _(_)_ __  __ _ \ \ \ \
( ( )\___ | '_ | '_| | '_ \/ _` | \ \ \ \
 \\/  ___)| |_)| | | | | || (_| |  ) ) ) )
  '  |____| .__|_| |_|_| |_\__, | / / / /
 =========|_|==============|___/=/_/_/_/
 :: Spring Boot ::                (v2.7.0)

2024-07-24 21:17:16.509  INFO 4424 --- [           main] e.a.c.w.Webapp5aPwbAppl
[23;80HlicationTests      : Starting Webapp5aPwbApplicationTests using Java 17.0.1 on DE
[23;80HESKTOP-OJAS8R7 with PID 4424 (started by Laura in C:\cygwin64\home\Laura\COMP5970
[23;80H0\m5-assign-a)
2024-07-24 21:17:16.510  INFO 4424 --- [           main] e.a.c.w.Webapp5aPwbAppl
[23;80HlicationTests      : No active profile set, falling back to 1 default profile: "d
[23;80Hdefault"
2024-07-24 21:17:17.957  WARN 4424 --- [           main] ion$DefaultTemplateReso
[23;80HolverConfiguration : Cannot find template location: classpath:/templates/ (please
[23;80He add some templates or check your Thymeleaf configuration)
2024-07-24 21:17:18.067  INFO 4424 --- [           main] e.a.c.w.Webapp5aPwbAppl
[23;80HlicationTests      : Started Webapp5aPwbApplicationTests in 1.867 seconds (JVM ru
[23;80Hunning for 2.749)
[[34m[1mINFO[m] [32m[1mTests run: 1[m, Failures: 0, Errors: 0, Skipped: 0, Time elapsed: 2.741 s -
[23;80H- in edu.auburn.cpsc4970.webapp5a.[1mWebapp5aPwbApplicationTests[22m[K
[[34m[1mINFO[m] 
[[34m[1mINFO[m] Results:[K
[[34m[1mINFO[m][K
[[34m[1mINFO[m] [32m[1mTests run: 1, Failures: 0, Errors: 0, Skipped: 0[m[K
[[34m[1mINFO[m][K
[[34m[1mINFO[m][K
[[34m[1mINFO[m] [1m--- [32m[22mwar:3.3.2:war [m[1m(default-war)[22m @ [36mwebapp5a-lgw0020[m[1m ---[22m[K
[[34m[1mINFO[m] Packaging webapp
[[34m[1mINFO[m] Assembling webapp [webapp5a-lgw0020] in [C:\cygwin64\home\Laura\COMP5970\
[23;80H\m5-assign-a\target\webapp5a-lgw0020-0.0.1-SNAPSHOT]
[[34m[1mINFO[m] Processing war project[K
[[34m[1mINFO[m] Building war: C:\cygwin64\home\Laura\COMP5970\m5-assign-a\target\webapp5a
[23;80Ha-lgw0020-0.0.1-SNAPSHOT.war
[[34m[1mINFO[m] 
[[34m[1mINFO[m] [1m--- [32m[22mspring-boot:2.7.0:repackage [m[1m(repackage)[22m @ [36mwebapp5a-lgw0020[m[1m ---[22m       [24;1H
[[34m[1mINFO[m] Replacing main artifact with repackaged archive
[[34m[1mINFO[m] [1m------------------------------------------------------------------------[22m [24;1H
[[34m[1mINFO[m] [32m[1mBUILD SUCCESS[m[K
[[34m[1mINFO[m] [1m------------------------------------------------------------------------[22m [24;1H
[[34m[1mINFO[m] Total time:  9.745 s[K
[[34m[1mINFO[m] Finished at: 2024-07-24T21:17:20-05:00[K
[[34m[1mINFO[m] [1m------------------------------------------------------------------------[22m [24;1H
[?2004h]0;~/COMP5970/m5-assign-a
[32mLaura@DESKTOP-OJAS8R7 [33m~/COMP5970/m5-assign-a[0m
$ [K$ mvn spring-boot:run
[?2004l[6n[m[?25h[[34m[1mINFO[m] Scanning for projects...
[[34m[1mINFO[m] 
[[34m[1mINFO[m] [1m----------------< [36m[22medu.auburn.comp4970:webapp5a-lgw0020[m[1m >----------------[22m[K
[[34m[1mINFO[m] [1mBuilding webapp5a-lgw0020 0.0.1-SNAPSHOT[22m[K
[[34m[1mINFO[m]   from pom.xml[K
[[34m[1mINFO[m] [1m--------------------------------[ war ]---------------------------------[22m[K
[[34m[1mINFO[m] 
[[34m[1mINFO[m] [1m>>> [32m[22mspring-boot:2.7.0:run [m[1m(default-cli) > test-compile[22m @ [36mwebapp5a-lgw0020[m[1m >>>[22m[K
[[33m[1mWARNING[m] 1 problem was encountered while building the effective model for org.javassist:javassist:
[23;99H:jar:3.20.0-GA
[[34m[1mINFO[m] 
[[34m[1mINFO[m] [1m--- [32m[22mresources:3.2.0:resources [m[1m(default-resources)[22m @ [36mwebapp5a-lgw0020[m[1m ---[22m[K
[[34m[1mINFO[m] Using 'UTF-8' encoding to copy filtered resources.
[[34m[1mINFO[m] Using 'UTF-8' encoding to copy filtered properties files.[K
[[34m[1mINFO[m] Copying 1 resource[K
[[34m[1mINFO[m] Copying 4 resources
[[34m[1mINFO[m][K
[[34m[1mINFO[m] [1m--- [32m[22mcompiler:3.10.1:compile [m[1m(default-compile)[22m @ [36mwebapp5a-lgw0020[m[1m ---[22m[K
[[34m[1mINFO[m] Nothing to compile - all classes are up to date
[[34m[1mINFO[m][K
[[34m[1mINFO[m] [1m--- [32m[22mresources:3.2.0:testResources [m[1m(default-testResources)[22m @ [36mwebapp5a-lgw0020[m[1m ---[22m[K
[[34m[1mINFO[m] Using 'UTF-8' encoding to copy filtered resources.[K
[[34m[1mINFO[m] Using 'UTF-8' encoding to copy filtered properties files.[K
[[34m[1mINFO[m] skip non existing resourceDirectory C:\cygwin64\home\Laura\COMP5970\m5-assign-a\src\test\res
[23;99Hsources
[[34m[1mINFO[m][K
[[34m[1mINFO[m] [1m--- [32m[22mcompiler:3.10.1:testCompile [m[1m(default-testCompile)[22m @ [36mwebapp5a-lgw0020[m[1m ---[22m[K
[[34m[1mINFO[m] Nothing to compile - all classes are up to date
[[34m[1mINFO[m][K
[[34m[1mINFO[m] [1m<<< [32m[22mspring-boot:2.7.0:run [m[1m(default-cli) < test-compile[22m @ [36mwebapp5a-lgw0020[m[1m <<<[22m[K
[[34m[1mINFO[m][K
[[34m[1mINFO[m][K
[[34m[1mINFO[m] [1m--- [32m[22mspring-boot:2.7.0:run [m[1m(default-cli)[22m @ [36mwebapp5a-lgw0020[m[1m ---[22m[K
[[34m[1mINFO[m] Attaching agents: []

  .   ____          _            __ _ _
 /\\ / ___'_ __ _ _(_)_ __  __ _ \ \ \ \
( ( )\___ | '_ | '_| | '_ \/ _` | \ \ \ \
 \\/  ___)| |_)| | | | | || (_| |  ) ) ) )
  '  |____| .__|_| |_|_| |_\__, | / / / /
 =========|_|==============|___/=/_/_/_/
 :: Spring Boot ::                (v2.7.0)

2024-07-24 21:19:06.874  INFO 26572 --- [           main] e.a.c.webapp5a.SpringBootApplication     
[23;99H : Starting SpringBootApplication using Java 17.0.1 on DESKTOP-OJAS8R7 with PID 26572 (C:\cygwin64\h
[23;99Hhome\Laura\COMP5970\m5-assign-a\target\classes started by Laura in C:\cygwin64\home\Laura\COMP5970\m
[23;99Hm5-assign-a)
2024-07-24 21:19:06.879  INFO 26572 --- [           main] e.a.c.webapp5a.SpringBootApplication     
[23;99H : No active profile set, falling back to 1 default profile: "default"
2024-07-24 21:19:07.642  INFO 26572 --- [           main] o.s.b.w.embedded.tomcat.TomcatWebServer  
[23;99H : Tomcat initialized with port(s): 8080 (http)
2024-07-24 21:19:07.652  INFO 26572 --- [           main] o.apache.catalina.core.StandardService   
[23;99H : Starting service [Tomcat]
2024-07-24 21:19:07.652  INFO 26572 --- [           main] org.apache.catalina.core.StandardEngine  
[23;99H : Starting Servlet engine: [Apache Tomcat/9.0.63]
2024-07-24 21:19:07.736  INFO 26572 --- [           main] o.a.c.c.C.[Tomcat].[localhost].[/]       
[23;99H : Initializing Spring embedded WebApplicationContext
2024-07-24 21:19:07.737  INFO 26572 --- [           main] w.s.c.ServletWebServerApplicationContext 
[23;99H : Root WebApplicationContext: initialization completed in 814 ms
2024-07-24 21:19:07.952  WARN 26572 --- [           main] ion$DefaultTemplateResolverConfiguration 
[23;99H : Cannot find template location: classpath:/templates/ (please add some templates or check your Thy
[23;99Hymeleaf configuration)
2024-07-24 21:19:08.004  INFO 26572 --- [           main] o.s.b.w.embedded.tomcat.TomcatWebServer  
[23;99H : Tomcat started on port(s): 8080 (http) with context path ''
2024-07-24 21:19:08.011  INFO 26572 --- [           main] e.a.c.webapp5a.SpringBootApplication     
[23;99H : Started SpringBootApplication in 1.464 seconds (JVM running for 1.745)
2024-07-24 21:19:29.751  INFO 26572 --- [nio-8080-exec-1] o.a.c.c.C.[Tomcat].[localhost].[/]       
[23;99H : Initializing Spring DispatcherServlet 'dispatcherServlet'
2024-07-24 21:19:29.752  INFO 26572 --- [nio-8080-exec-1] o.s.web.servlet.DispatcherServlet        
[23;99H : Initializing Servlet 'dispatcherServlet'
2024-07-24 21:19:29.754  INFO 26572 --- [nio-8080-exec-1] o.s.web.servlet.DispatcherServlet        
[23;99H : Completed initialization in 2 ms

[?2004h]0;~/COMP5970/m5-assign-a
[32mLaura@DESKTOP-OJAS8R7 [33m~/COMP5970/m5-assign-a[0m
$ [[34m[1mINFO[m] [1m------------------------------------------------------------------------[22m
[[34m[1mINFO[m] [32m[1mBUILD SUCCESS[m[K
[[34m[1mINFO[m] [1m------------------------------------------------------------------------[22m[K
[[34m[1mINFO[m] Total time:  47.667 s[K
[[34m[1mINFO[m] Finished at: 2024-07-24T21:19:52-05:00[K
[[34m[1mINFO[m] [1m------------------------------------------------------------------------[22m[K
cd[K[K
[?2004l[?2004h]0;~/COMP5970/m5-assign-a
[32mLaura@DESKTOP-OJAS8R7 [33m~/COMP5970/m5-assign-a[0m
$ cd main[K[K[K[Ksrc/main
[?2004l[?2004h]0;~/COMP5970/m5-assign-a/src/main
[32mLaura@DESKTOP-OJAS8R7 [33m~/COMP5970/m5-assign-a/src/main[0m
$ ls
[?2004ljava  resources
[?2004h]0;~/COMP5970/m5-assign-a/src/main
[32mLaura@DESKTOP-OJAS8R7 [33m~/COMP5970/m5-assign-a/src/main[0m
$ cd resources
[?2004l[?2004h]0;~/COMP5970/m5-assign-a/src/main/resources
[32mLaura@DESKTOP-OJAS8R7 [33m~/COMP5970/m5-assign-a/src/main/resources[0m
$ ls
[?2004lapplication.properties	static
[?2004h]0;~/COMP5970/m5-assign-a/src/main/resources
[32mLaura@DESKTOP-OJAS8R7 [33m~/COMP5970/m5-assign-a/src/main/resources[0m
$ mkdir templates
[?2004l[?2004h]0;~/COMP5970/m5-assign-a/src/main/resources
[32mLaura@DESKTOP-OJAS8R7 [33m~/COMP5970/m5-assign-a/src/main/resources[0m
$ ls
[?2004lapplication.properties	static	templates
[?2004h]0;~/COMP5970/m5-assign-a/src/main/resources
[32mLaura@DESKTOP-OJAS8R7 [33m~/COMP5970/m5-assign-a/src/main/resources[0m
$ cd templates
[?2004l[?2004h]0;~/COMP5970/m5-assign-a/src/main/resources/templates
[32mLaura@DESKTOP-OJAS8R7 [33m~/COMP5970/m5-assign-a/src/main/resources/templates[0m
$ ls
[?2004l[?2004h]0;~/COMP5970/m5-assign-a/src/main/resources/templates
[32mLaura@DESKTOP-OJAS8R7 [33m~/COMP5970/m5-assign-a/src/main/resources/templates[0m
$ touch index.html
[?2004l[?2004h]0;~/COMP5970/m5-assign-a/src/main/resources/templates
[32mLaura@DESKTOP-OJAS8R7 [33m~/COMP5970/m5-assign-a/src/main/resources/templates[0m
$ ls
[?2004lindex.html
[?2004h]0;~/COMP5970/m5-assign-a/src/main/resources/templates
[32mLaura@DESKTOP-OJAS8R7 [33m~/COMP5970/m5-assign-a/src/main/resources/templates[0m
$ ls[K[Kcd ..
[?2004l[?2004h]0;~/COMP5970/m5-assign-a/src/main/resources
[32mLaura@DESKTOP-OJAS8R7 [33m~/COMP5970/m5-assign-a/src/main/resources[0m
$ cd ..
[?2004l[?2004h]0;~/COMP5970/m5-assign-a/src/main
[32mLaura@DESKTOP-OJAS8R7 [33m~/COMP5970/m5-assign-a/src/main[0m
$ cd ..
[?2004l[?2004h]0;~/COMP5970/m5-assign-a/src
[32mLaura@DESKTOP-OJAS8R7 [33m~/COMP5970/m5-assign-a/src[0m
$ cd ..
[?2004l[?2004h]0;~/COMP5970/m5-assign-a
[32mLaura@DESKTOP-OJAS8R7 [33m~/COMP5970/m5-assign-a[0m
$ ls
[?2004lM5.txt	README.md  ci_settings.xml  pom.xml  src  target
[?2004h]0;~/COMP5970/m5-assign-a
[32mLaura@DESKTOP-OJAS8R7 [33m~/COMP5970/m5-assign-a[0m
$ mvn clean
[?2004l[6n[m[?25h[[34m[1mINFO[m] Scanning for projects...
[[34m[1mINFO[m] 
[[34m[1mINFO[m] [1m----------------< [36m[22medu.auburn.comp4970:webapp5a-lgw0020[m[1m >----------------[22m[K
[[34m[1mINFO[m] [1mBuilding webapp5a-lgw0020 0.0.1-SNAPSHOT[22m[K
[[34m[1mINFO[m]   from pom.xml[K
[[34m[1mINFO[m] [1m--------------------------------[ war ]---------------------------------[22m[K
[[34m[1mINFO[m] 
[[34m[1mINFO[m] [1m--- [32m[22mclean:3.2.0:clean [m[1m(default-clean)[22m @ [36mwebapp5a-lgw0020[m[1m ---[22m[K
[[34m[1mINFO[m] Deleting C:\cygwin64\home\Laura\COMP5970\m5-assign-a\target
[[34m[1mINFO[m] [1m------------------------------------------------------------------------[22m
[[34m[1mINFO[m] [32m[1mBUILD SUCCESS[m[K
[[34m[1mINFO[m] [1m------------------------------------------------------------------------[22m[K
[[34m[1mINFO[m] Total time:  0.492 s[K
[[34m[1mINFO[m] Finished at: 2024-07-24T21:24:01-05:00[K
[[34m[1mINFO[m] [1m------------------------------------------------------------------------[22m[K
[?2004h]0;~/COMP5970/m5-assign-a
[32mLaura@DESKTOP-OJAS8R7 [33m~/COMP5970/m5-assign-a[0m
$ mvn package
[?2004l[6n[m[?25h[[34m[1mINFO[m] Scanning for projects...
[[34m[1mINFO[m] 
[[34m[1mINFO[m] [1m----------------< [36m[22medu.auburn.comp4970:webapp5a-lgw0020[m[1m >----------------[22m[K
[[34m[1mINFO[m] [1mBuilding webapp5a-lgw0020 0.0.1-SNAPSHOT[22m[K
[[34m[1mINFO[m]   from pom.xml[K
[[34m[1mINFO[m] [1m--------------------------------[ war ]---------------------------------[22m[K
[[33m[1mWARNING[m] 1 problem was encountered while building the effective model for org.javassist:javassist:
[23;99H:jar:3.20.0-GA
[[34m[1mINFO[m] 
[[34m[1mINFO[m] [1m--- [32m[22mresources:3.2.0:resources [m[1m(default-resources)[22m @ [36mwebapp5a-lgw0020[m[1m ---[22m[K
[[34m[1mINFO[m] Using 'UTF-8' encoding to copy filtered resources.
[[34m[1mINFO[m] Using 'UTF-8' encoding to copy filtered properties files.[K
[[34m[1mINFO[m] Copying 1 resource[K
[[34m[1mINFO[m] Copying 5 resources[K
[[34m[1mINFO[m] 
[[34m[1mINFO[m] [1m--- [32m[22mcompiler:3.10.1:compile [m[1m(default-compile)[22m @ [36mwebapp5a-lgw0020[m[1m ---[22m[K
[[34m[1mINFO[m] Changes detected - recompiling the module!
[[34m[1mINFO[m] Compiling 2 source files to C:\cygwin64\home\Laura\COMP5970\m5-assign-a\target\classes      [24;1H
[[34m[1mINFO[m] 
[[34m[1mINFO[m] [1m--- [32m[22mresources:3.2.0:testResources [m[1m(default-testResources)[22m @ [36mwebapp5a-lgw0020[m[1m ---[22m[K
[[34m[1mINFO[m] Using 'UTF-8' encoding to copy filtered resources.[K
[[34m[1mINFO[m] Using 'UTF-8' encoding to copy filtered properties files.[K
[[34m[1mINFO[m] skip non existing resourceDirectory C:\cygwin64\home\Laura\COMP5970\m5-assign-a\src\test\res
[23;99Hsources
[[34m[1mINFO[m][K
[[34m[1mINFO[m] [1m--- [32m[22mcompiler:3.10.1:testCompile [m[1m(default-testCompile)[22m @ [36mwebapp5a-lgw0020[m[1m ---[22m[K
[[34m[1mINFO[m] Changes detected - recompiling the module![K
[[34m[1mINFO[m] Compiling 1 source file to C:\cygwin64\home\Laura\COMP5970\m5-assign-a\target\test-classes  [24;1H
[[34m[1mINFO[m] 
[[34m[1mINFO[m] [1m--- [32m[22msurefire:2.22.2:test [m[1m(default-test)[22m @ [36mwebapp5a-lgw0020[m[1m ---[22m[K
[[34m[1mINFO[m] 
[[34m[1mINFO[m] -------------------------------------------------------[K
[[34m[1mINFO[m]  T E S T S[K
[[34m[1mINFO[m] -------------------------------------------------------[K
[[34m[1mINFO[m] Running edu.auburn.cpsc4970.webapp5a.[1mWebapp5aPwbApplicationTests[22m
21:24:09.489 [main] DEBUG org.springframework.test.context.BootstrapUtils - Instantiating CacheAwar
[23;99HreContextLoaderDelegate from class [org.springframework.test.context.cache.DefaultCacheAwareContextL
[23;99HLoaderDelegate]
21:24:09.500 [main] DEBUG org.springframework.test.context.BootstrapUtils - Instantiating Bootstrap
[23;99HpContext using constructor [public org.springframework.test.context.support.DefaultBootstrapContext(
[23;99H(java.lang.Class,org.springframework.test.context.CacheAwareContextLoaderDelegate)]
21:24:09.535 [main] DEBUG org.springframework.test.context.BootstrapUtils - Instantiating TestConte
[23;99HextBootstrapper for test class [edu.auburn.cpsc4970.webapp5a.Webapp5aPwbApplicationTests] from class
[23;99Hs [org.springframework.boot.test.context.SpringBootTestContextBootstrapper]
21:24:09.545 [main] INFO org.springframework.boot.test.context.SpringBootTestContextBootstrapper - 
[23;99H Neither @ContextConfiguration nor @ContextHierarchy found for test class [edu.auburn.cpsc4970.webap
[23;99Hpp5a.Webapp5aPwbApplicationTests], using SpringBootContextLoader
21:24:09.550 [main] DEBUG org.springframework.test.context.support.AbstractContextLoader - Did not 
[23;99H detect default resource location for test class [edu.auburn.cpsc4970.webapp5a.Webapp5aPwbApplicatio
[23;99HonTests]: class path resource [edu/auburn/cpsc4970/webapp5a/Webapp5aPwbApplicationTests-context.xml]
[23;99H] does not exist
21:24:09.550 [main] DEBUG org.springframework.test.context.support.AbstractContextLoader - Did not 
[23;99H detect default resource location for test class [edu.auburn.cpsc4970.webapp5a.Webapp5aPwbApplicatio
[23;99HonTests]: class path resource [edu/auburn/cpsc4970/webapp5a/Webapp5aPwbApplicationTestsContext.groov
[23;99Hvy] does not exist
21:24:09.551 [main] INFO org.springframework.test.context.support.AbstractContextLoader - Could not
[23;99Ht detect default resource locations for test class [edu.auburn.cpsc4970.webapp5a.Webapp5aPwbApplicat
[23;99HtionTests]: no resource found for suffixes {-context.xml, Context.groovy}.
21:24:09.552 [main] INFO org.springframework.test.context.support.AnnotationConfigContextLoaderUtil
[23;99Hls - Could not detect default configuration classes for test class [edu.auburn.cpsc4970.webapp5a.Web
[23;99Hbapp5aPwbApplicationTests]: Webapp5aPwbApplicationTests does not declare any static, non-private, no
[23;99Hon-final, nested classes annotated with @Configuration.
21:24:09.595 [main] DEBUG org.springframework.test.context.support.ActiveProfilesUtils - Could not 
[23;99H find an 'annotation declaring class' for annotation type [org.springframework.test.context.ActivePr
[23;99Hrofiles] and class [edu.auburn.cpsc4970.webapp5a.Webapp5aPwbApplicationTests]
21:24:09.665 [main] DEBUG org.springframework.context.annotation.ClassPathScanningCandidateComponen
[23;99HntProvider - Identified candidate component class: file [C:\cygwin64\home\Laura\COMP5970\m5-assign-a
[23;99Ha\target\classes\edu\auburn\cpsc4970\webapp5a\SpringBootApplication.class]
21:24:09.666 [main] INFO org.springframework.boot.test.context.SpringBootTestContextBootstrapper - 
[23;99H Found @SpringBootConfiguration edu.auburn.cpsc4970.webapp5a.SpringBootApplication for test class ed
[23;99Hdu.auburn.cpsc4970.webapp5a.Webapp5aPwbApplicationTests
21:24:09.763 [main] DEBUG org.springframework.boot.test.context.SpringBootTestContextBootstrapper -
[23;99H- @TestExecutionListeners is not present for class [edu.auburn.cpsc4970.webapp5a.Webapp5aPwbApplicat
[23;99HtionTests]: using defaults.
21:24:09.764 [main] INFO org.springframework.boot.test.context.SpringBootTestContextBootstrapper - 
[23;99H Loaded default TestExecutionListener class names from location [META-INF/spring.factories]: [org.sp
[23;99Hpringframework.boot.test.mock.mockito.MockitoTestExecutionListener, org.springframework.boot.test.mo
[23;99Hock.mockito.ResetMocksTestExecutionListener, org.springframework.boot.test.autoconfigure.restdocs.Re
[23;99HestDocsTestExecutionListener, org.springframework.boot.test.autoconfigure.web.client.MockRestService
[23;99HeServerResetTestExecutionListener, org.springframework.boot.test.autoconfigure.web.servlet.MockMvcPr
[23;99HrintOnlyOnFailureTestExecutionListener, org.springframework.boot.test.autoconfigure.web.servlet.WebD
[23;99HDriverTestExecutionListener, org.springframework.boot.test.autoconfigure.webservices.client.MockWebS
[23;99HServiceServerTestExecutionListener, org.springframework.test.context.web.ServletTestExecutionListene
[23;99Her, org.springframework.test.context.support.DirtiesContextBeforeModesTestExecutionListener, org.spr
[23;99Hringframework.test.context.event.ApplicationEventsTestExecutionListener, org.springframework.test.co
[23;99Hontext.support.DependencyInjectionTestExecutionListener, org.springframework.test.context.support.Di
[23;99HirtiesContextTestExecutionListener, org.springframework.test.context.transaction.TransactionalTestEx
[23;99HxecutionListener, org.springframework.test.context.jdbc.SqlScriptsTestExecutionListener, org.springf
[23;99Hframework.test.context.event.EventPublishingTestExecutionListener]
21:24:09.772 [main] DEBUG org.springframework.boot.test.context.SpringBootTestContextBootstrapper -
[23;99H- Skipping candidate TestExecutionListener [org.springframework.test.context.transaction.Transaction
[23;99HnalTestExecutionListener] due to a missing dependency. Specify custom listener classes or make the d
[23;99Hdefault listener classes and their required dependencies available. Offending class: [org/springfram
[23;99Hmework/transaction/interceptor/TransactionAttributeSource]
21:24:09.772 [main] DEBUG org.springframework.boot.test.context.SpringBootTestContextBootstrapper -
[23;99H- Skipping candidate TestExecutionListener [org.springframework.test.context.jdbc.SqlScriptsTestExec
[23;99HcutionListener] due to a missing dependency. Specify custom listener classes or make the default lis
[23;99Hstener classes and their required dependencies available. Offending class: [org/springframework/tran
[23;99Hnsaction/interceptor/TransactionAttribute]
21:24:09.772 [main] INFO org.springframework.boot.test.context.SpringBootTestContextBootstrapper - 
[23;99H Using TestExecutionListeners: [org.springframework.test.context.web.ServletTestExecutionListener@2d
[23;99Hd6c53fc, org.springframework.test.context.support.DirtiesContextBeforeModesTestExecutionListener@25f
[23;99Hf4878b, org.springframework.test.context.event.ApplicationEventsTestExecutionListener@4e423aa2, org.
[23;99H.springframework.boot.test.mock.mockito.MockitoTestExecutionListener@7fbdb894, org.springframework.b
[23;99Hboot.test.autoconfigure.SpringBootDependencyInjectionTestExecutionListener@3081f72c, org.springframe
[23;99Hework.test.context.support.DirtiesContextTestExecutionListener@3148f668, org.springframework.test.co
[23;99Hontext.event.EventPublishingTestExecutionListener@6e005dc9, org.springframework.boot.test.mock.mocki
[23;99Hito.ResetMocksTestExecutionListener@7ceb3185, org.springframework.boot.test.autoconfigure.restdocs.R
[23;99HRestDocsTestExecutionListener@436c81a3, org.springframework.boot.test.autoconfigure.web.client.MockR
[23;99HRestServiceServerResetTestExecutionListener@3561c410, org.springframework.boot.test.autoconfigure.we
[23;99Heb.servlet.MockMvcPrintOnlyOnFailureTestExecutionListener@59e32960, org.springframework.boot.test.au
[23;99Hutoconfigure.web.servlet.WebDriverTestExecutionListener@7c214cc0, org.springframework.boot.test.auto
[23;99Hoconfigure.webservices.client.MockWebServiceServerTestExecutionListener@5b67bb7e]
21:24:09.776 [main] DEBUG org.springframework.test.context.support.AbstractDirtiesContextTestExecut
[23;99HtionListener - Before test class: context [DefaultTestContext@43b9fd5 testClass = Webapp5aPwbApplica
[23;99HationTests, testInstance = [null], testMethod = [null], testException = [null], mergedContextConfigu
[23;99Huration = [WebMergedContextConfiguration@79dc5318 testClass = Webapp5aPwbApplicationTests, locations
[23;99Hs = '{}', classes = '{class edu.auburn.cpsc4970.webapp5a.SpringBootApplication}', contextInitializer
[23;99HrClasses = '[]', activeProfiles = '{}', propertySourceLocations = '{}', propertySourceProperties = '
[23;99H'{org.springframework.boot.test.context.SpringBootTestContextBootstrapper=true}', contextCustomizers
[23;99Hs = set[org.springframework.boot.test.context.filter.ExcludeFilterContextCustomizer@79da8dc5, org.sp
[23;99Hpringframework.boot.test.json.DuplicateJsonObjectContextCustomizerFactory$DuplicateJsonObjectContext
[23;99HtCustomizer@696da30b, org.springframework.boot.test.mock.mockito.MockitoContextCustomizer@0, org.spr
[23;99Hringframework.boot.test.web.client.TestRestTemplateContextCustomizer@693fe6c9, org.springframework.b
[23;99Hboot.test.autoconfigure.actuate.metrics.MetricsExportContextCustomizerFactory$DisableMetricExportCon
[23;99HntextCustomizer@10163d6, org.springframework.boot.test.autoconfigure.properties.PropertyMappingConte
[23;99HextCustomizer@0, org.springframework.boot.test.autoconfigure.web.servlet.WebDriverContextCustomizerF
[23;99HFactory$Customizer@1e683a3e, org.springframework.boot.test.context.SpringBootTestArgs@1, org.springf
[23;99Hframework.boot.test.context.SpringBootTestWebEnvironment@396f6598], resourceBasePath = 'src/main/web
[23;99Hbapp', contextLoader = 'org.springframework.boot.test.context.SpringBootContextLoader', parent = [nu
[23;99Hull]], attributes = map['org.springframework.test.context.web.ServletTestExecutionListener.activateL
[23;99HListener' -> true]], class annotated with @DirtiesContext [false] with mode [null].

  .   ____          _            __ _ _
 /\\ / ___'_ __ _ _(_)_ __  __ _ \ \ \ \
( ( )\___ | '_ | '_| | '_ \/ _` | \ \ \ \
 \\/  ___)| |_)| | | | | || (_| |  ) ) ) )
  '  |____| .__|_| |_|_| |_\__, | / / / /
 =========|_|==============|___/=/_/_/_/
 :: Spring Boot ::                (v2.7.0)

2024-07-24 21:24:10.095  INFO 22080 --- [           main] e.a.c.w.Webapp5aPwbApplicationTests      
[23;99H : Starting Webapp5aPwbApplicationTests using Java 17.0.1 on DESKTOP-OJAS8R7 with PID 22080 (started
[23;99Hd by Laura in C:\cygwin64\home\Laura\COMP5970\m5-assign-a)
2024-07-24 21:24:10.096  INFO 22080 --- [           main] e.a.c.w.Webapp5aPwbApplicationTests      
[23;99H : No active profile set, falling back to 1 default profile: "default"
2024-07-24 21:24:11.274  INFO 22080 --- [           main] o.s.b.a.w.s.WelcomePageHandlerMapping    
[23;99H : Adding welcome page template: index
2024-07-24 21:24:11.559  INFO 22080 --- [           main] e.a.c.w.Webapp5aPwbApplicationTests      
[23;99H : Started Webapp5aPwbApplicationTests in 1.753 seconds (JVM running for 2.619)
[[34m[1mINFO[m] [32m[1mTests run: 1[m, Failures: 0, Errors: 0, Skipped: 0, Time elapsed: 2.583 s - in edu.auburn.cpsc
[23;99Hc4970.webapp5a.[1mWebapp5aPwbApplicationTests[22m[K
[[34m[1mINFO[m] 
[[34m[1mINFO[m] Results:[K
[[34m[1mINFO[m][K
[[34m[1mINFO[m] [32m[1mTests run: 1, Failures: 0, Errors: 0, Skipped: 0[m[K
[[34m[1mINFO[m][K
[[34m[1mINFO[m][K
[[34m[1mINFO[m] [1m--- [32m[22mwar:3.3.2:war [m[1m(default-war)[22m @ [36mwebapp5a-lgw0020[m[1m ---[22m[K
[[34m[1mINFO[m] Packaging webapp
[[34m[1mINFO[m] Assembling webapp [webapp5a-lgw0020] in [C:\cygwin64\home\Laura\COMP5970\m5-assign-a\target\
[23;99H\webapp5a-lgw0020-0.0.1-SNAPSHOT]
[[34m[1mINFO[m] Processing war project[K
[[34m[1mINFO[m] Building war: C:\cygwin64\home\Laura\COMP5970\m5-assign-a\target\webapp5a-lgw0020-0.0.1-SNAP
[23;99HPSHOT.war
[[34m[1mINFO[m] 
[[34m[1mINFO[m] [1m--- [32m[22mspring-boot:2.7.0:repackage [m[1m(repackage)[22m @ [36mwebapp5a-lgw0020[m[1m ---[22m[K
[[34m[1mINFO[m] Replacing main artifact with repackaged archive
[[34m[1mINFO[m] [1m------------------------------------------------------------------------[22m[K
[[34m[1mINFO[m] [32m[1mBUILD SUCCESS[m[K
[[34m[1mINFO[m] [1m------------------------------------------------------------------------[22m[K
[[34m[1mINFO[m] Total time:  7.832 s[K
[[34m[1mINFO[m] Finished at: 2024-07-24T21:24:13-05:00[K
[[34m[1mINFO[m] [1m------------------------------------------------------------------------[22m[K
[?2004h]0;~/COMP5970/m5-assign-a
[32mLaura@DESKTOP-OJAS8R7 [33m~/COMP5970/m5-assign-a[0m
$ mvn package[2Pclean[C[Cls[Kcd ..[C[C[3Plstouch index.html[C[Cls[Kcd templates[C[Cls[Kmkdir templates[C[Cls[Kcd resources[C[Cls[Kcd src/main[C[Cmvn spring-boot:run[C[C[C[C[C[C[8Ppackagespring-boot:run
[?2004l[6n[m[?25h[[34m[1mINFO[m] Scanning for projects...
[[34m[1mINFO[m] 
[[34m[1mINFO[m] [1m----------------< [36m[22medu.auburn.comp4970:webapp5a-lgw0020[m[1m >----------------[22m[K
[[34m[1mINFO[m] [1mBuilding webapp5a-lgw0020 0.0.1-SNAPSHOT[22m[K
[[34m[1mINFO[m]   from pom.xml[K
[[34m[1mINFO[m] [1m--------------------------------[ war ]---------------------------------[22m[K
[[34m[1mINFO[m] 
[[34m[1mINFO[m] [1m>>> [32m[22mspring-boot:2.7.0:run [m[1m(default-cli) > test-compile[22m @ [36mwebapp5a-lgw0020[m[1m >>>[22m[K
[[33m[1mWARNING[m] 1 problem was encountered while building the effective model for org.javassist:javassist:
[23;99H:jar:3.20.0-GA
[[34m[1mINFO[m] 
[[34m[1mINFO[m] [1m--- [32m[22mresources:3.2.0:resources [m[1m(default-resources)[22m @ [36mwebapp5a-lgw0020[m[1m ---[22m[K
[[34m[1mINFO[m] Using 'UTF-8' encoding to copy filtered resources.
[[34m[1mINFO[m] Using 'UTF-8' encoding to copy filtered properties files.[K
[[34m[1mINFO[m] Copying 1 resource[K
[[34m[1mINFO[m] Copying 5 resources
[[34m[1mINFO[m] 
[[34m[1mINFO[m] [1m--- [32m[22mcompiler:3.10.1:compile [m[1m(default-compile)[22m @ [36mwebapp5a-lgw0020[m[1m ---[22m[K
[[34m[1mINFO[m] Nothing to compile - all classes are up to date
[[34m[1mINFO[m][K
[[34m[1mINFO[m] [1m--- [32m[22mresources:3.2.0:testResources [m[1m(default-testResources)[22m @ [36mwebapp5a-lgw0020[m[1m ---[22m[K
[[34m[1mINFO[m] Using 'UTF-8' encoding to copy filtered resources.[K
[[34m[1mINFO[m] Using 'UTF-8' encoding to copy filtered properties files.[K
[[34m[1mINFO[m] skip non existing resourceDirectory C:\cygwin64\home\Laura\COMP5970\m5-assign-a\src\test\res
[23;99Hsources
[[34m[1mINFO[m][K
[[34m[1mINFO[m] [1m--- [32m[22mcompiler:3.10.1:testCompile [m[1m(default-testCompile)[22m @ [36mwebapp5a-lgw0020[m[1m ---[22m[K
[[34m[1mINFO[m] Nothing to compile - all classes are up to date
[[34m[1mINFO[m][K
[[34m[1mINFO[m] [1m<<< [32m[22mspring-boot:2.7.0:run [m[1m(default-cli) < test-compile[22m @ [36mwebapp5a-lgw0020[m[1m <<<[22m[K
[[34m[1mINFO[m][K
[[34m[1mINFO[m][K
[[34m[1mINFO[m] [1m--- [32m[22mspring-boot:2.7.0:run [m[1m(default-cli)[22m @ [36mwebapp5a-lgw0020[m[1m ---[22m[K
[[34m[1mINFO[m] Attaching agents: []

  .   ____          _            __ _ _
 /\\ / ___'_ __ _ _(_)_ __  __ _ \ \ \ \
( ( )\___ | '_ | '_| | '_ \/ _` | \ \ \ \
 \\/  ___)| |_)| | | | | || (_| |  ) ) ) )
  '  |____| .__|_| |_|_| |_\__, | / / / /
 =========|_|==============|___/=/_/_/_/
 :: Spring Boot ::                (v2.7.0)

2024-07-24 21:24:32.654  INFO 5832 --- [           main] e.a.c.webapp5a.SpringBootApplication     :
[23;99H: Starting SpringBootApplication using Java 17.0.1 on DESKTOP-OJAS8R7 with PID 5832 (C:\cygwin64\hom
[23;99Hme\Laura\COMP5970\m5-assign-a\target\classes started by Laura in C:\cygwin64\home\Laura\COMP5970\m5-
[23;99H-assign-a)
2024-07-24 21:24:32.657  INFO 5832 --- [           main] e.a.c.webapp5a.SpringBootApplication     :
[23;99H: No active profile set, falling back to 1 default profile: "default"
2024-07-24 21:24:33.402  INFO 5832 --- [           main] o.s.b.w.embedded.tomcat.TomcatWebServer  :
[23;99H: Tomcat initialized with port(s): 8080 (http)
2024-07-24 21:24:33.409  INFO 5832 --- [           main] o.apache.catalina.core.StandardService   :
[23;99H: Starting service [Tomcat]
2024-07-24 21:24:33.410  INFO 5832 --- [           main] org.apache.catalina.core.StandardEngine  :
[23;99H: Starting Servlet engine: [Apache Tomcat/9.0.63]
2024-07-24 21:24:33.487  INFO 5832 --- [           main] o.a.c.c.C.[Tomcat].[localhost].[/]       :
[23;99H: Initializing Spring embedded WebApplicationContext
2024-07-24 21:24:33.487  INFO 5832 --- [           main] w.s.c.ServletWebServerApplicationContext :
[23;99H: Root WebApplicationContext: initialization completed in 785 ms
2024-07-24 21:24:33.655  INFO 5832 --- [           main] o.s.b.a.w.s.WelcomePageHandlerMapping    :
[23;99H: Adding welcome page template: index
2024-07-24 21:24:33.768  INFO 5832 --- [           main] o.s.b.w.embedded.tomcat.TomcatWebServer  :
[23;99H: Tomcat started on port(s): 8080 (http) with context path ''
2024-07-24 21:24:33.775  INFO 5832 --- [           main] e.a.c.webapp5a.SpringBootApplication     :
[23;99H: Started SpringBootApplication in 1.448 seconds (JVM running for 1.72)
2024-07-24 21:24:37.234  INFO 5832 --- [nio-8080-exec-1] o.a.c.c.C.[Tomcat].[localhost].[/]       :
[23;99H: Initializing Spring DispatcherServlet 'dispatcherServlet'
2024-07-24 21:24:37.234  INFO 5832 --- [nio-8080-exec-1] o.s.web.servlet.DispatcherServlet        :
[23;99H: Initializing Servlet 'dispatcherServlet'
2024-07-24 21:24:37.236  INFO 5832 --- [nio-8080-exec-1] o.s.web.servlet.DispatcherServlet        :
[23;99H: Completed initialization in 2 ms

[?2004h]0;~/COMP5970/m5-assign-a
[32mLaura@DESKTOP-OJAS8R7 [33m~/COMP5970/m5-assign-a[0m
$ [[34m[1mINFO[m] [1m------------------------------------------------------------------------[22m
[[34m[1mINFO[m] [32m[1mBUILD SUCCESS[m[K
[[34m[1mINFO[m] [1m------------------------------------------------------------------------[22m[K
[[34m[1mINFO[m] Total time:  27.540 s[K
[[34m[1mINFO[m] Finished at: 2024-07-24T21:24:58-05:00[K
[[34m[1mINFO[m] [1m------------------------------------------------------------------------[22m[K

[?2004l[?2004h]0;~/COMP5970/m5-assign-a
[32mLaura@DESKTOP-OJAS8R7 [33m~/COMP5970/m5-assign-a[0m
$ mvn clean
[?2004l[6n[m[?25h[[34m[1mINFO[m] Scanning for projects...
[[34m[1mINFO[m] 
[[34m[1mINFO[m] [1m----------------< [36m[22medu.auburn.comp4970:webapp5a-lgw0020[m[1m >----------------[22m[K
[[34m[1mINFO[m] [1mBuilding webapp5a-lgw0020 0.0.1-SNAPSHOT[22m[K
[[34m[1mINFO[m]   from pom.xml[K
[[34m[1mINFO[m] [1m--------------------------------[ war ]---------------------------------[22m[K
[[34m[1mINFO[m] 
[[34m[1mINFO[m] [1m--- [32m[22mclean:3.2.0:clean [m[1m(default-clean)[22m @ [36mwebapp5a-lgw0020[m[1m ---[22m[K
[[34m[1mINFO[m] Deleting C:\cygwin64\home\Laura\COMP5970\m5-assign-a\target
[[34m[1mINFO[m] [1m------------------------------------------------------------------------[22m
[[34m[1mINFO[m] [32m[1mBUILD SUCCESS[m[K
[[34m[1mINFO[m] [1m------------------------------------------------------------------------[22m[K
[[34m[1mINFO[m] Total time:  0.466 s[K
[[34m[1mINFO[m] Finished at: 2024-07-24T21:35:42-05:00[K
[[34m[1mINFO[m] [1m------------------------------------------------------------------------[22m[K
[?2004h]0;~/COMP5970/m5-assign-a
[32mLaura@DESKTOP-OJAS8R7 [33m~/COMP5970/m5-assign-a[0m
$ mcn pack[K[K[K[K[K[K[K[Kmvn package
[?2004l[6n[m[?25h[[34m[1mINFO[m] Scanning for projects...
[[34m[1mINFO[m] 
[[34m[1mINFO[m] [1m----------------< [36m[22medu.auburn.comp4970:webapp5a-lgw0020[m[1m >----------------[22m[K
[[34m[1mINFO[m] [1mBuilding webapp5a-lgw0020 0.0.1-SNAPSHOT[22m[K
[[34m[1mINFO[m]   from pom.xml[K
[[34m[1mINFO[m] [1m--------------------------------[ war ]---------------------------------[22m[K
[[33m[1mWARNING[m] 1 problem was encountered while building the effective model for org.javassist:javassist:
[23;99H:jar:3.20.0-GA
[[34m[1mINFO[m] 
[[34m[1mINFO[m] [1m--- [32m[22mresources:3.2.0:resources [m[1m(default-resources)[22m @ [36mwebapp5a-lgw0020[m[1m ---[22m[K
[[34m[1mINFO[m] Using 'UTF-8' encoding to copy filtered resources.
[[34m[1mINFO[m] Using 'UTF-8' encoding to copy filtered properties files.[K
[[34m[1mINFO[m] Copying 1 resource[K
[[34m[1mINFO[m] Copying 5 resources
[[34m[1mINFO[m] 
[[34m[1mINFO[m] [1m--- [32m[22mcompiler:3.10.1:compile [m[1m(default-compile)[22m @ [36mwebapp5a-lgw0020[m[1m ---[22m[K
[[34m[1mINFO[m] Changes detected - recompiling the module!
[[34m[1mINFO[m] Compiling 3 source files to C:\cygwin64\home\Laura\COMP5970\m5-assign-a\target\classes      [24;1H
[[34m[1mINFO[m] 
[[34m[1mINFO[m] [1m--- [32m[22mresources:3.2.0:testResources [m[1m(default-testResources)[22m @ [36mwebapp5a-lgw0020[m[1m ---[22m[K
[[34m[1mINFO[m] Using 'UTF-8' encoding to copy filtered resources.[K
[[34m[1mINFO[m] Using 'UTF-8' encoding to copy filtered properties files.[K
[[34m[1mINFO[m] skip non existing resourceDirectory C:\cygwin64\home\Laura\COMP5970\m5-assign-a\src\test\res
[23;99Hsources
[[34m[1mINFO[m][K
[[34m[1mINFO[m] [1m--- [32m[22mcompiler:3.10.1:testCompile [m[1m(default-testCompile)[22m @ [36mwebapp5a-lgw0020[m[1m ---[22m[K
[[34m[1mINFO[m] Changes detected - recompiling the module![K
[[34m[1mINFO[m] Compiling 1 source file to C:\cygwin64\home\Laura\COMP5970\m5-assign-a\target\test-classes  [24;1H
[[34m[1mINFO[m] 
[[34m[1mINFO[m] [1m--- [32m[22msurefire:2.22.2:test [m[1m(default-test)[22m @ [36mwebapp5a-lgw0020[m[1m ---[22m[K
[[34m[1mINFO[m] 
[[34m[1mINFO[m] -------------------------------------------------------[K
[[34m[1mINFO[m]  T E S T S[K
[[34m[1mINFO[m] -------------------------------------------------------[K
[[34m[1mINFO[m] Running edu.auburn.cpsc4970.webapp5a.[1mWebapp5aPwbApplicationTests[22m
21:35:54.696 [main] DEBUG org.springframework.test.context.BootstrapUtils - Instantiating CacheAwar
[23;99HreContextLoaderDelegate from class [org.springframework.test.context.cache.DefaultCacheAwareContextL
[23;99HLoaderDelegate]
21:35:54.705 [main] DEBUG org.springframework.test.context.BootstrapUtils - Instantiating Bootstrap
[23;99HpContext using constructor [public org.springframework.test.context.support.DefaultBootstrapContext(
[23;99H(java.lang.Class,org.springframework.test.context.CacheAwareContextLoaderDelegate)]
21:35:54.737 [main] DEBUG org.springframework.test.context.BootstrapUtils - Instantiating TestConte
[23;99HextBootstrapper for test class [edu.auburn.cpsc4970.webapp5a.Webapp5aPwbApplicationTests] from class
[23;99Hs [org.springframework.boot.test.context.SpringBootTestContextBootstrapper]
21:35:54.748 [main] INFO org.springframework.boot.test.context.SpringBootTestContextBootstrapper - 
[23;99H Neither @ContextConfiguration nor @ContextHierarchy found for test class [edu.auburn.cpsc4970.webap
[23;99Hpp5a.Webapp5aPwbApplicationTests], using SpringBootContextLoader
21:35:54.751 [main] DEBUG org.springframework.test.context.support.AbstractContextLoader - Did not 
[23;99H detect default resource location for test class [edu.auburn.cpsc4970.webapp5a.Webapp5aPwbApplicatio
[23;99HonTests]: class path resource [edu/auburn/cpsc4970/webapp5a/Webapp5aPwbApplicationTests-context.xml]
[23;99H] does not exist
21:35:54.751 [main] DEBUG org.springframework.test.context.support.AbstractContextLoader - Did not 
[23;99H detect default resource location for test class [edu.auburn.cpsc4970.webapp5a.Webapp5aPwbApplicatio
[23;99HonTests]: class path resource [edu/auburn/cpsc4970/webapp5a/Webapp5aPwbApplicationTestsContext.groov
[23;99Hvy] does not exist
21:35:54.751 [main] INFO org.springframework.test.context.support.AbstractContextLoader - Could not
[23;99Ht detect default resource locations for test class [edu.auburn.cpsc4970.webapp5a.Webapp5aPwbApplicat
[23;99HtionTests]: no resource found for suffixes {-context.xml, Context.groovy}.
21:35:54.752 [main] INFO org.springframework.test.context.support.AnnotationConfigContextLoaderUtil
[23;99Hls - Could not detect default configuration classes for test class [edu.auburn.cpsc4970.webapp5a.Web
[23;99Hbapp5aPwbApplicationTests]: Webapp5aPwbApplicationTests does not declare any static, non-private, no
[23;99Hon-final, nested classes annotated with @Configuration.
21:35:54.792 [main] DEBUG org.springframework.test.context.support.ActiveProfilesUtils - Could not 
[23;99H find an 'annotation declaring class' for annotation type [org.springframework.test.context.ActivePr
[23;99Hrofiles] and class [edu.auburn.cpsc4970.webapp5a.Webapp5aPwbApplicationTests]
21:35:54.849 [main] DEBUG org.springframework.context.annotation.ClassPathScanningCandidateComponen
[23;99HntProvider - Identified candidate component class: file [C:\cygwin64\home\Laura\COMP5970\m5-assign-a
[23;99Ha\target\classes\edu\auburn\cpsc4970\webapp5a\SpringBootApplication.class]
21:35:54.859 [main] INFO org.springframework.boot.test.context.SpringBootTestContextBootstrapper - 
[23;99H Found @SpringBootConfiguration edu.auburn.cpsc4970.webapp5a.SpringBootApplication for test class ed
[23;99Hdu.auburn.cpsc4970.webapp5a.Webapp5aPwbApplicationTests
21:35:54.961 [main] DEBUG org.springframework.boot.test.context.SpringBootTestContextBootstrapper -
[23;99H- @TestExecutionListeners is not present for class [edu.auburn.cpsc4970.webapp5a.Webapp5aPwbApplicat
[23;99HtionTests]: using defaults.
21:35:54.962 [main] INFO org.springframework.boot.test.context.SpringBootTestContextBootstrapper - 
[23;99H Loaded default TestExecutionListener class names from location [META-INF/spring.factories]: [org.sp
[23;99Hpringframework.boot.test.mock.mockito.MockitoTestExecutionListener, org.springframework.boot.test.mo
[23;99Hock.mockito.ResetMocksTestExecutionListener, org.springframework.boot.test.autoconfigure.restdocs.Re
[23;99HestDocsTestExecutionListener, org.springframework.boot.test.autoconfigure.web.client.MockRestService
[23;99HeServerResetTestExecutionListener, org.springframework.boot.test.autoconfigure.web.servlet.MockMvcPr
[23;99HrintOnlyOnFailureTestExecutionListener, org.springframework.boot.test.autoconfigure.web.servlet.WebD
[23;99HDriverTestExecutionListener, org.springframework.boot.test.autoconfigure.webservices.client.MockWebS
[23;99HServiceServerTestExecutionListener, org.springframework.test.context.web.ServletTestExecutionListene
[23;99Her, org.springframework.test.context.support.DirtiesContextBeforeModesTestExecutionListener, org.spr
[23;99Hringframework.test.context.event.ApplicationEventsTestExecutionListener, org.springframework.test.co
[23;99Hontext.support.DependencyInjectionTestExecutionListener, org.springframework.test.context.support.Di
[23;99HirtiesContextTestExecutionListener, org.springframework.test.context.transaction.TransactionalTestEx
[23;99HxecutionListener, org.springframework.test.context.jdbc.SqlScriptsTestExecutionListener, org.springf
[23;99Hframework.test.context.event.EventPublishingTestExecutionListener]
21:35:54.971 [main] DEBUG org.springframework.boot.test.context.SpringBootTestContextBootstrapper -
[23;99H- Skipping candidate TestExecutionListener [org.springframework.test.context.transaction.Transaction
[23;99HnalTestExecutionListener] due to a missing dependency. Specify custom listener classes or make the d
[23;99Hdefault listener classes and their required dependencies available. Offending class: [org/springfram
[23;99Hmework/transaction/interceptor/TransactionAttributeSource]
21:35:54.972 [main] DEBUG org.springframework.boot.test.context.SpringBootTestContextBootstrapper -
[23;99H- Skipping candidate TestExecutionListener [org.springframework.test.context.jdbc.SqlScriptsTestExec
[23;99HcutionListener] due to a missing dependency. Specify custom listener classes or make the default lis
[23;99Hstener classes and their required dependencies available. Offending class: [org/springframework/tran
[23;99Hnsaction/interceptor/TransactionAttribute]
21:35:54.972 [main] INFO org.springframework.boot.test.context.SpringBootTestContextBootstrapper - 
[23;99H Using TestExecutionListeners: [org.springframework.test.context.web.ServletTestExecutionListener@14
[23;99H4bee915, org.springframework.test.context.support.DirtiesContextBeforeModesTestExecutionListener@111
[23;99H15ec15, org.springframework.test.context.event.ApplicationEventsTestExecutionListener@82ea68c, org.s
[23;99Hspringframework.boot.test.mock.mockito.MockitoTestExecutionListener@59e505b2, org.springframework.bo
[23;99Hoot.test.autoconfigure.SpringBootDependencyInjectionTestExecutionListener@3af0a9da, org.springframew
[23;99Hwork.test.context.support.DirtiesContextTestExecutionListener@43b9fd5, org.springframework.test.cont
[23;99Htext.event.EventPublishingTestExecutionListener@79dc5318, org.springframework.boot.test.mock.mockito
[23;99Ho.ResetMocksTestExecutionListener@8e50104, org.springframework.boot.test.autoconfigure.restdocs.Rest
[23;99HtDocsTestExecutionListener@37e4d7bb, org.springframework.boot.test.autoconfigure.web.client.MockRest
[23;99HtServiceServerResetTestExecutionListener@6f7923a5, org.springframework.boot.test.autoconfigure.web.s
[23;99Hservlet.MockMvcPrintOnlyOnFailureTestExecutionListener@74a6f9c1, org.springframework.boot.test.autoc
[23;99Hconfigure.web.servlet.WebDriverTestExecutionListener@54eb2b70, org.springframework.boot.test.autocon
[23;99Hnfigure.webservices.client.MockWebServiceServerTestExecutionListener@45a37759]
21:35:54.974 [main] DEBUG org.springframework.test.context.support.AbstractDirtiesContextTestExecut
[23;99HtionListener - Before test class: context [DefaultTestContext@457c9034 testClass = Webapp5aPwbApplic
[23;99HcationTests, testInstance = [null], testMethod = [null], testException = [null], mergedContextConfig
[23;99Hguration = [WebMergedContextConfiguration@345f69f3 testClass = Webapp5aPwbApplicationTests, location
[23;99Hns = '{}', classes = '{class edu.auburn.cpsc4970.webapp5a.SpringBootApplication}', contextInitialize
[23;99HerClasses = '[]', activeProfiles = '{}', propertySourceLocations = '{}', propertySourceProperties = 
[23;99H '{org.springframework.boot.test.context.SpringBootTestContextBootstrapper=true}', contextCustomizer
[23;99Hrs = set[org.springframework.boot.test.context.filter.ExcludeFilterContextCustomizer@11bd0f3b, org.s
[23;99Hspringframework.boot.test.json.DuplicateJsonObjectContextCustomizerFactory$DuplicateJsonObjectContex
[23;99HxtCustomizer@72cde7cc, org.springframework.boot.test.mock.mockito.MockitoContextCustomizer@0, org.sp
[23;99Hpringframework.boot.test.web.client.TestRestTemplateContextCustomizer@4e096385, org.springframework.
[23;99H.boot.test.autoconfigure.actuate.metrics.MetricsExportContextCustomizerFactory$DisableMetricExportCo
[23;99HontextCustomizer@22e357dc, org.springframework.boot.test.autoconfigure.properties.PropertyMappingCon
[23;99HntextCustomizer@0, org.springframework.boot.test.autoconfigure.web.servlet.WebDriverContextCustomize
[23;99HerFactory$Customizer@4d02f94e, org.springframework.boot.test.context.SpringBootTestArgs@1, org.sprin
[23;99Hngframework.boot.test.context.SpringBootTestWebEnvironment@1f7030a6], resourceBasePath = 'src/main/w
[23;99Hwebapp', contextLoader = 'org.springframework.boot.test.context.SpringBootContextLoader', parent = [
[23;99H[null]], attributes = map['org.springframework.test.context.web.ServletTestExecutionListener.activat
[23;99HteListener' -> true]], class annotated with @DirtiesContext [false] with mode [null].

  .   ____          _            __ _ _
 /\\ / ___'_ __ _ _(_)_ __  __ _ \ \ \ \
( ( )\___ | '_ | '_| | '_ \/ _` | \ \ \ \
 \\/  ___)| |_)| | | | | || (_| |  ) ) ) )
  '  |____| .__|_| |_|_| |_\__, | / / / /
 =========|_|==============|___/=/_/_/_/
 :: Spring Boot ::                (v2.7.0)

2024-07-24 21:35:55.290  INFO 14012 --- [           main] e.a.c.w.Webapp5aPwbApplicationTests      
[23;99H : Starting Webapp5aPwbApplicationTests using Java 17.0.1 on DESKTOP-OJAS8R7 with PID 14012 (started
[23;99Hd by Laura in C:\cygwin64\home\Laura\COMP5970\m5-assign-a)
2024-07-24 21:35:55.292  INFO 14012 --- [           main] e.a.c.w.Webapp5aPwbApplicationTests      
[23;99H : No active profile set, falling back to 1 default profile: "default"
2024-07-24 21:35:56.407  INFO 14012 --- [           main] o.s.b.a.w.s.WelcomePageHandlerMapping    
[23;99H : Adding welcome page template: index
2024-07-24 21:35:56.676  INFO 14012 --- [           main] e.a.c.w.Webapp5aPwbApplicationTests      
[23;99H : Started Webapp5aPwbApplicationTests in 1.668 seconds (JVM running for 2.515)
[[34m[1mINFO[m] [32m[1mTests run: 1[m, Failures: 0, Errors: 0, Skipped: 0, Time elapsed: 2.436 s - in edu.auburn.cpsc
[23;99Hc4970.webapp5a.[1mWebapp5aPwbApplicationTests[22m[K
[[34m[1mINFO[m] 
[[34m[1mINFO[m] Results:[K
[[34m[1mINFO[m][K
[[34m[1mINFO[m] [32m[1mTests run: 1, Failures: 0, Errors: 0, Skipped: 0[m[K
[[34m[1mINFO[m][K
[[34m[1mINFO[m][K
[[34m[1mINFO[m] [1m--- [32m[22mwar:3.3.2:war [m[1m(default-war)[22m @ [36mwebapp5a-lgw0020[m[1m ---[22m[K
[[34m[1mINFO[m] Packaging webapp
[[34m[1mINFO[m] Assembling webapp [webapp5a-lgw0020] in [C:\cygwin64\home\Laura\COMP5970\m5-assign-a\target\
[23;99H\webapp5a-lgw0020-0.0.1-SNAPSHOT]
[[34m[1mINFO[m] Processing war project[K
[[34m[1mINFO[m] Building war: C:\cygwin64\home\Laura\COMP5970\m5-assign-a\target\webapp5a-lgw0020-0.0.1-SNAP
[23;99HPSHOT.war
[[34m[1mINFO[m] 
[[34m[1mINFO[m] [1m--- [32m[22mspring-boot:2.7.0:repackage [m[1m(repackage)[22m @ [36mwebapp5a-lgw0020[m[1m ---[22m[K
[[34m[1mINFO[m] Replacing main artifact with repackaged archive
[[34m[1mINFO[m] [1m------------------------------------------------------------------------[22m[K
[[34m[1mINFO[m] [32m[1mBUILD SUCCESS[m[K
[[34m[1mINFO[m] [1m------------------------------------------------------------------------[22m[K
[[34m[1mINFO[m] Total time:  7.642 s[K
[[34m[1mINFO[m] Finished at: 2024-07-24T21:35:58-05:00[K
[[34m[1mINFO[m] [1m------------------------------------------------------------------------[22m[K
[?2004h]0;~/COMP5970/m5-assign-a
[32mLaura@DESKTOP-OJAS8R7 [33m~/COMP5970/m5-assign-a[0m
$ mvn package[2Pcleanspring-boot:run
[?2004l[6n[m[?25h[[34m[1mINFO[m] Scanning for projects...
[[34m[1mINFO[m] 
[[34m[1mINFO[m] [1m----------------< [36m[22medu.auburn.comp4970:webapp5a-lgw0020[m[1m >----------------[22m[K
[[34m[1mINFO[m] [1mBuilding webapp5a-lgw0020 0.0.1-SNAPSHOT[22m[K
[[34m[1mINFO[m]   from pom.xml[K
[[34m[1mINFO[m] [1m--------------------------------[ war ]---------------------------------[22m[K
[[34m[1mINFO[m] 
[[34m[1mINFO[m] [1m>>> [32m[22mspring-boot:2.7.0:run [m[1m(default-cli) > test-compile[22m @ [36mwebapp5a-lgw0020[m[1m >>>[22m[K
[[33m[1mWARNING[m] 1 problem was encountered while building the effective model for org.javassist:javassist:
[23;99H:jar:3.20.0-GA
[[34m[1mINFO[m] 
[[34m[1mINFO[m] [1m--- [32m[22mresources:3.2.0:resources [m[1m(default-resources)[22m @ [36mwebapp5a-lgw0020[m[1m ---[22m[K
[[34m[1mINFO[m] Using 'UTF-8' encoding to copy filtered resources.
[[34m[1mINFO[m] Using 'UTF-8' encoding to copy filtered properties files.[K
[[34m[1mINFO[m] Copying 1 resource[K
[[34m[1mINFO[m] Copying 5 resources
[[34m[1mINFO[m][K
[[34m[1mINFO[m] [1m--- [32m[22mcompiler:3.10.1:compile [m[1m(default-compile)[22m @ [36mwebapp5a-lgw0020[m[1m ---[22m[K
[[34m[1mINFO[m] Nothing to compile - all classes are up to date
[[34m[1mINFO[m][K
[[34m[1mINFO[m] [1m--- [32m[22mresources:3.2.0:testResources [m[1m(default-testResources)[22m @ [36mwebapp5a-lgw0020[m[1m ---[22m[K
[[34m[1mINFO[m] Using 'UTF-8' encoding to copy filtered resources.[K
[[34m[1mINFO[m] Using 'UTF-8' encoding to copy filtered properties files.[K
[[34m[1mINFO[m] skip non existing resourceDirectory C:\cygwin64\home\Laura\COMP5970\m5-assign-a\src\test\res
[23;99Hsources
[[34m[1mINFO[m][K
[[34m[1mINFO[m] [1m--- [32m[22mcompiler:3.10.1:testCompile [m[1m(default-testCompile)[22m @ [36mwebapp5a-lgw0020[m[1m ---[22m[K
[[34m[1mINFO[m] Nothing to compile - all classes are up to date
[[34m[1mINFO[m][K
[[34m[1mINFO[m] [1m<<< [32m[22mspring-boot:2.7.0:run [m[1m(default-cli) < test-compile[22m @ [36mwebapp5a-lgw0020[m[1m <<<[22m[K
[[34m[1mINFO[m][K
[[34m[1mINFO[m][K
[[34m[1mINFO[m] [1m--- [32m[22mspring-boot:2.7.0:run [m[1m(default-cli)[22m @ [36mwebapp5a-lgw0020[m[1m ---[22m[K
[[34m[1mINFO[m] Attaching agents: []

  .   ____          _            __ _ _
 /\\ / ___'_ __ _ _(_)_ __  __ _ \ \ \ \
( ( )\___ | '_ | '_| | '_ \/ _` | \ \ \ \
 \\/  ___)| |_)| | | | | || (_| |  ) ) ) )
  '  |____| .__|_| |_|_| |_\__, | / / / /
 =========|_|==============|___/=/_/_/_/
 :: Spring Boot ::                (v2.7.0)

2024-07-24 21:36:07.011  INFO 16820 --- [           main] e.a.c.webapp5a.SpringBootApplication     
[23;99H : Starting SpringBootApplication using Java 17.0.1 on DESKTOP-OJAS8R7 with PID 16820 (C:\cygwin64\h
[23;99Hhome\Laura\COMP5970\m5-assign-a\target\classes started by Laura in C:\cygwin64\home\Laura\COMP5970\m
[23;99Hm5-assign-a)
2024-07-24 21:36:07.013  INFO 16820 --- [           main] e.a.c.webapp5a.SpringBootApplication     
[23;99H : No active profile set, falling back to 1 default profile: "default"
2024-07-24 21:36:07.839  INFO 16820 --- [           main] o.s.b.w.embedded.tomcat.TomcatWebServer  
[23;99H : Tomcat initialized with port(s): 8080 (http)
2024-07-24 21:36:07.847  INFO 16820 --- [           main] o.apache.catalina.core.StandardService   
[23;99H : Starting service [Tomcat]
2024-07-24 21:36:07.847  INFO 16820 --- [           main] org.apache.catalina.core.StandardEngine  
[23;99H : Starting Servlet engine: [Apache Tomcat/9.0.63]
2024-07-24 21:36:07.934  INFO 16820 --- [           main] o.a.c.c.C.[Tomcat].[localhost].[/]       
[23;99H : Initializing Spring embedded WebApplicationContext
2024-07-24 21:36:07.934  INFO 16820 --- [           main] w.s.c.ServletWebServerApplicationContext 
[23;99H : Root WebApplicationContext: initialization completed in 872 ms
2024-07-24 21:36:08.103  INFO 16820 --- [           main] o.s.b.a.w.s.WelcomePageHandlerMapping    
[23;99H : Adding welcome page template: index
2024-07-24 21:36:08.234  INFO 16820 --- [           main] o.s.b.w.embedded.tomcat.TomcatWebServer  
[23;99H : Tomcat started on port(s): 8080 (http) with context path ''
2024-07-24 21:36:08.241  INFO 16820 --- [           main] e.a.c.webapp5a.SpringBootApplication     
[23;99H : Started SpringBootApplication in 1.589 seconds (JVM running for 1.871)
2024-07-24 21:36:11.714  INFO 16820 --- [nio-8080-exec-1] o.a.c.c.C.[Tomcat].[localhost].[/]       
[23;99H : Initializing Spring DispatcherServlet 'dispatcherServlet'
2024-07-24 21:36:11.715  INFO 16820 --- [nio-8080-exec-1] o.s.web.servlet.DispatcherServlet        
[23;99H : Initializing Servlet 'dispatcherServlet'
2024-07-24 21:36:11.715  INFO 16820 --- [nio-8080-exec-1] o.s.web.servlet.DispatcherServlet        
[23;99H : Completed initialization in 0 ms
2024-07-24 21:36:28.684 ERROR 16820 --- [nio-8080-exec-3] org.thymeleaf.TemplateEngine             [K[24;113H
: [THYMELEAF][http-nio-8080-exec-3] Exception processing template "login": Error resolving template
[23;99He [login], template might not exist or might not be accessible by any of the configured Template Res
[23;99Hsolvers

org.thymeleaf.exceptions.TemplateInputException: Error resolving template [login], template might n
[23;99Hnot exist or might not be accessible by any of the configured Template Resolvers
        at org.thymeleaf.engine.TemplateManager.resolveTemplate(TemplateManager.java:869) ~[thymele
[23;99Heaf-3.0.15.RELEASE.jar:3.0.15.RELEASE]
        at org.thymeleaf.engine.TemplateManager.parseAndProcess(TemplateManager.java:607) ~[thymele
[23;99Heaf-3.0.15.RELEASE.jar:3.0.15.RELEASE]
        at org.thymeleaf.TemplateEngine.process(TemplateEngine.java:1098) ~[thymeleaf-3.0.15.RELEAS
[23;99HSE.jar:3.0.15.RELEASE]
        at org.thymeleaf.TemplateEngine.process(TemplateEngine.java:1072) ~[thymeleaf-3.0.15.RELEAS
[23;99HSE.jar:3.0.15.RELEASE]
        at org.thymeleaf.spring5.view.ThymeleafView.renderFragment(ThymeleafView.java:366) ~[thymel
[23;99Hleaf-spring5-3.0.15.RELEASE.jar:3.0.15.RELEASE]
        at org.thymeleaf.spring5.view.ThymeleafView.render(ThymeleafView.java:190) ~[thymeleaf-spri
[23;99Hing5-3.0.15.RELEASE.jar:3.0.15.RELEASE]
        at org.springframework.web.servlet.DispatcherServlet.render(DispatcherServlet.java:1401) ~[
[23;99H[spring-webmvc-5.3.20.jar:5.3.20]
        at org.springframework.web.servlet.DispatcherServlet.processDispatchResult(DispatcherServle
[23;99Het.java:1145) ~[spring-webmvc-5.3.20.jar:5.3.20]
        at org.springframework.web.servlet.DispatcherServlet.doDispatch(DispatcherServlet.java:1084
[23;99H4) ~[spring-webmvc-5.3.20.jar:5.3.20]
        at org.springframework.web.servlet.DispatcherServlet.doService(DispatcherServlet.java:963) 
[23;99H ~[spring-webmvc-5.3.20.jar:5.3.20]
        at org.springframework.web.servlet.FrameworkServlet.processRequest(FrameworkServlet.java:10
[23;99H006) ~[spring-webmvc-5.3.20.jar:5.3.20]
        at org.springframework.web.servlet.FrameworkServlet.doGet(FrameworkServlet.java:898) ~[spri
[23;99Hing-webmvc-5.3.20.jar:5.3.20]
        at javax.servlet.http.HttpServlet.service(HttpServlet.java:655) ~[tomcat-embed-core-9.0.63.
[23;99H.jar:4.0.FR]
        at org.springframework.web.servlet.FrameworkServlet.service(FrameworkServlet.java:883) ~[sp
[23;99Hpring-webmvc-5.3.20.jar:5.3.20]
        at javax.servlet.http.HttpServlet.service(HttpServlet.java:764) ~[tomcat-embed-core-9.0.63.
[23;99H.jar:4.0.FR]
        at org.apache.catalina.core.ApplicationFilterChain.internalDoFilter(ApplicationFilterChain.
[23;99H.java:227) ~[tomcat-embed-core-9.0.63.jar:9.0.63]
        at org.apache.catalina.core.ApplicationFilterChain.doFilter(ApplicationFilterChain.java:162
[23;99H2) ~[tomcat-embed-core-9.0.63.jar:9.0.63]
        at org.apache.tomcat.websocket.server.WsFilter.doFilter(WsFilter.java:53) ~[tomcat-embed-we
[23;99Hebsocket-9.0.63.jar:9.0.63]
        at org.apache.catalina.core.ApplicationFilterChain.internalDoFilter(ApplicationFilterChain.
[23;99H.java:189) ~[tomcat-embed-core-9.0.63.jar:9.0.63]
        at org.apache.catalina.core.ApplicationFilterChain.doFilter(ApplicationFilterChain.java:162
[23;99H2) ~[tomcat-embed-core-9.0.63.jar:9.0.63]
        at org.springframework.web.filter.RequestContextFilter.doFilterInternal(RequestContextFilte
[23;99Her.java:100) ~[spring-web-5.3.20.jar:5.3.20]
        at org.springframework.web.filter.OncePerRequestFilter.doFilter(OncePerRequestFilter.java:1
[23;99H117) ~[spring-web-5.3.20.jar:5.3.20]
        at org.apache.catalina.core.ApplicationFilterChain.internalDoFilter(ApplicationFilterChain.
[23;99H.java:189) ~[tomcat-embed-core-9.0.63.jar:9.0.63]
        at org.apache.catalina.core.ApplicationFilterChain.doFilter(ApplicationFilterChain.java:162
[23;99H2) ~[tomcat-embed-core-9.0.63.jar:9.0.63]
        at org.springframework.web.filter.FormContentFilter.doFilterInternal(FormContentFilter.java
[23;99Ha:93) ~[spring-web-5.3.20.jar:5.3.20]
        at org.springframework.web.filter.OncePerRequestFilter.doFilter(OncePerRequestFilter.java:1
[23;99H117) ~[spring-web-5.3.20.jar:5.3.20]
        at org.apache.catalina.core.ApplicationFilterChain.internalDoFilter(ApplicationFilterChain.
[23;99H.java:189) ~[tomcat-embed-core-9.0.63.jar:9.0.63]
        at org.apache.catalina.core.ApplicationFilterChain.doFilter(ApplicationFilterChain.java:162
[23;99H2) ~[tomcat-embed-core-9.0.63.jar:9.0.63]
        at org.springframework.web.filter.CharacterEncodingFilter.doFilterInternal(CharacterEncodin
[23;99HngFilter.java:201) ~[spring-web-5.3.20.jar:5.3.20]
        at org.springframework.web.filter.OncePerRequestFilter.doFilter(OncePerRequestFilter.java:1
[23;99H117) ~[spring-web-5.3.20.jar:5.3.20]
        at org.apache.catalina.core.ApplicationFilterChain.internalDoFilter(ApplicationFilterChain.
[23;99H.java:189) ~[tomcat-embed-core-9.0.63.jar:9.0.63]
        at org.apache.catalina.core.ApplicationFilterChain.doFilter(ApplicationFilterChain.java:162
[23;99H2) ~[tomcat-embed-core-9.0.63.jar:9.0.63]
        at org.apache.catalina.core.StandardWrapperValve.invoke(StandardWrapperValve.java:197) ~[to
[23;99Homcat-embed-core-9.0.63.jar:9.0.63]
        at org.apache.catalina.core.StandardContextValve.invoke(StandardContextValve.java:97) ~[tom
[23;99Hmcat-embed-core-9.0.63.jar:9.0.63]
        at org.apache.catalina.authenticator.AuthenticatorBase.invoke(AuthenticatorBase.java:541) ~
[23;99H~[tomcat-embed-core-9.0.63.jar:9.0.63]
        at org.apache.catalina.core.StandardHostValve.invoke(StandardHostValve.java:135) ~[tomcat-e
[23;99Hembed-core-9.0.63.jar:9.0.63]
        at org.apache.catalina.valves.ErrorReportValve.invoke(ErrorReportValve.java:92) ~[tomcat-em
[23;99Hmbed-core-9.0.63.jar:9.0.63]
        at org.apache.catalina.core.StandardEngineValve.invoke(StandardEngineValve.java:78) ~[tomca
[23;99Hat-embed-core-9.0.63.jar:9.0.63]
        at org.apache.catalina.connector.CoyoteAdapter.service(CoyoteAdapter.java:360) ~[tomcat-emb
[23;99Hbed-core-9.0.63.jar:9.0.63]
        at org.apache.coyote.http11.Http11Processor.service(Http11Processor.java:399) ~[tomcat-embe
[23;99Hed-core-9.0.63.jar:9.0.63]
        at org.apache.coyote.AbstractProcessorLight.process(AbstractProcessorLight.java:65) ~[tomca
[23;99Hat-embed-core-9.0.63.jar:9.0.63]
        at org.apache.coyote.AbstractProtocol$ConnectionHandler.process(AbstractProtocol.java:890) 
[23;99H ~[tomcat-embed-core-9.0.63.jar:9.0.63]
        at org.apache.tomcat.util.net.NioEndpoint$SocketProcessor.doRun(NioEndpoint.java:1743) ~[to
[23;99Homcat-embed-core-9.0.63.jar:9.0.63]
        at org.apache.tomcat.util.net.SocketProcessorBase.run(SocketProcessorBase.java:49) ~[tomcat
[23;99Ht-embed-core-9.0.63.jar:9.0.63]
        at org.apache.tomcat.util.threads.ThreadPoolExecutor.runWorker(ThreadPoolExecutor.java:1191
[23;99H1) ~[tomcat-embed-core-9.0.63.jar:9.0.63]
        at org.apache.tomcat.util.threads.ThreadPoolExecutor$Worker.run(ThreadPoolExecutor.java:659
[23;99H9) ~[tomcat-embed-core-9.0.63.jar:9.0.63]
        at org.apache.tomcat.util.threads.TaskThread$WrappingRunnable.run(TaskThread.java:61) ~[tom
[23;99Hmcat-embed-core-9.0.63.jar:9.0.63]
        at java.base/java.lang.Thread.run(Thread.java:833) ~[na:na]

2024-07-24 21:36:28.691 ERROR 16820 --- [nio-8080-exec-3] o.a.c.c.C.[.[.[/].[dispatcherServlet]    
[23;99H : Servlet.service() for servlet [dispatcherServlet] in context with path [] threw exception [Reques
[23;99Hst processing failed; nested exception is org.thymeleaf.exceptions.TemplateInputException: Error res
[23;99Hsolving template [login], template might not exist or might not be accessible by any of the configur
[23;99Hred Template Resolvers] with root cause

org.thymeleaf.exceptions.TemplateInputException: Error resolving template [login], template might n
[23;99Hnot exist or might not be accessible by any of the configured Template Resolvers
        at org.thymeleaf.engine.TemplateManager.resolveTemplate(TemplateManager.java:869) ~[thymele
[23;99Heaf-3.0.15.RELEASE.jar:3.0.15.RELEASE]
        at org.thymeleaf.engine.TemplateManager.parseAndProcess(TemplateManager.java:607) ~[thymele
[23;99Heaf-3.0.15.RELEASE.jar:3.0.15.RELEASE]
        at org.thymeleaf.TemplateEngine.process(TemplateEngine.java:1098) ~[thymeleaf-3.0.15.RELEAS
[23;99HSE.jar:3.0.15.RELEASE]
        at org.thymeleaf.TemplateEngine.process(TemplateEngine.java:1072) ~[thymeleaf-3.0.15.RELEAS
[23;99HSE.jar:3.0.15.RELEASE]
        at org.thymeleaf.spring5.view.ThymeleafView.renderFragment(ThymeleafView.java:366) ~[thymel
[23;99Hleaf-spring5-3.0.15.RELEASE.jar:3.0.15.RELEASE]
        at org.thymeleaf.spring5.view.ThymeleafView.render(ThymeleafView.java:190) ~[thymeleaf-spri
[23;99Hing5-3.0.15.RELEASE.jar:3.0.15.RELEASE]
        at org.springframework.web.servlet.DispatcherServlet.render(DispatcherServlet.java:1401) ~[
[23;99H[spring-webmvc-5.3.20.jar:5.3.20]
        at org.springframework.web.servlet.DispatcherServlet.processDispatchResult(DispatcherServle
[23;99Het.java:1145) ~[spring-webmvc-5.3.20.jar:5.3.20]
        at org.springframework.web.servlet.DispatcherServlet.doDispatch(DispatcherServlet.java:1084
[23;99H4) ~[spring-webmvc-5.3.20.jar:5.3.20]
        at org.springframework.web.servlet.DispatcherServlet.doService(DispatcherServlet.java:963) 
[23;99H ~[spring-webmvc-5.3.20.jar:5.3.20]
        at org.springframework.web.servlet.FrameworkServlet.processRequest(FrameworkServlet.java:10
[23;99H006) ~[spring-webmvc-5.3.20.jar:5.3.20]
        at org.springframework.web.servlet.FrameworkServlet.doGet(FrameworkServlet.java:898) ~[spri
[23;99Hing-webmvc-5.3.20.jar:5.3.20]
        at javax.servlet.http.HttpServlet.service(HttpServlet.java:655) ~[tomcat-embed-core-9.0.63.
[23;99H.jar:4.0.FR]
        at org.springframework.web.servlet.FrameworkServlet.service(FrameworkServlet.java:883) ~[sp
[23;99Hpring-webmvc-5.3.20.jar:5.3.20]
        at javax.servlet.http.HttpServlet.service(HttpServlet.java:764) ~[tomcat-embed-core-9.0.63.
[23;99H.jar:4.0.FR]
        at org.apache.catalina.core.ApplicationFilterChain.internalDoFilter(ApplicationFilterChain.
[23;99H.java:227) ~[tomcat-embed-core-9.0.63.jar:9.0.63]
        at org.apache.catalina.core.ApplicationFilterChain.doFilter(ApplicationFilterChain.java:162
[23;99H2) ~[tomcat-embed-core-9.0.63.jar:9.0.63]
        at org.apache.tomcat.websocket.server.WsFilter.doFilter(WsFilter.java:53) ~[tomcat-embed-we
[23;99Hebsocket-9.0.63.jar:9.0.63]
        at org.apache.catalina.core.ApplicationFilterChain.internalDoFilter(ApplicationFilterChain.
[23;99H.java:189) ~[tomcat-embed-core-9.0.63.jar:9.0.63]
        at org.apache.catalina.core.ApplicationFilterChain.doFilter(ApplicationFilterChain.java:162
[23;99H2) ~[tomcat-embed-core-9.0.63.jar:9.0.63]
        at org.springframework.web.filter.RequestContextFilter.doFilterInternal(RequestContextFilte
[23;99Her.java:100) ~[spring-web-5.3.20.jar:5.3.20]
        at org.springframework.web.filter.OncePerRequestFilter.doFilter(OncePerRequestFilter.java:1
[23;99H117) ~[spring-web-5.3.20.jar:5.3.20]
        at org.apache.catalina.core.ApplicationFilterChain.internalDoFilter(ApplicationFilterChain.
[23;99H.java:189) ~[tomcat-embed-core-9.0.63.jar:9.0.63]
        at org.apache.catalina.core.ApplicationFilterChain.doFilter(ApplicationFilterChain.java:162
[23;99H2) ~[tomcat-embed-core-9.0.63.jar:9.0.63]
        at org.springframework.web.filter.FormContentFilter.doFilterInternal(FormContentFilter.java
[23;99Ha:93) ~[spring-web-5.3.20.jar:5.3.20]
        at org.springframework.web.filter.OncePerRequestFilter.doFilter(OncePerRequestFilter.java:1
[23;99H117) ~[spring-web-5.3.20.jar:5.3.20]
        at org.apache.catalina.core.ApplicationFilterChain.internalDoFilter(ApplicationFilterChain.
[23;99H.java:189) ~[tomcat-embed-core-9.0.63.jar:9.0.63]
        at org.apache.catalina.core.ApplicationFilterChain.doFilter(ApplicationFilterChain.java:162
[23;99H2) ~[tomcat-embed-core-9.0.63.jar:9.0.63]
        at org.springframework.web.filter.CharacterEncodingFilter.doFilterInternal(CharacterEncodin
[23;99HngFilter.java:201) ~[spring-web-5.3.20.jar:5.3.20]
        at org.springframework.web.filter.OncePerRequestFilter.doFilter(OncePerRequestFilter.java:1
[23;99H117) ~[spring-web-5.3.20.jar:5.3.20]
        at org.apache.catalina.core.ApplicationFilterChain.internalDoFilter(ApplicationFilterChain.
[23;99H.java:189) ~[tomcat-embed-core-9.0.63.jar:9.0.63]
        at org.apache.catalina.core.ApplicationFilterChain.doFilter(ApplicationFilterChain.java:162
[23;99H2) ~[tomcat-embed-core-9.0.63.jar:9.0.63]
        at org.apache.catalina.core.StandardWrapperValve.invoke(StandardWrapperValve.java:197) ~[to
[23;99Homcat-embed-core-9.0.63.jar:9.0.63]
        at org.apache.catalina.core.StandardContextValve.invoke(StandardContextValve.java:97) ~[tom
[23;99Hmcat-embed-core-9.0.63.jar:9.0.63]
        at org.apache.catalina.authenticator.AuthenticatorBase.invoke(AuthenticatorBase.java:541) ~
[23;99H~[tomcat-embed-core-9.0.63.jar:9.0.63]
        at org.apache.catalina.core.StandardHostValve.invoke(StandardHostValve.java:135) ~[tomcat-e
[23;99Hembed-core-9.0.63.jar:9.0.63]
        at org.apache.catalina.valves.ErrorReportValve.invoke(ErrorReportValve.java:92) ~[tomcat-em
[23;99Hmbed-core-9.0.63.jar:9.0.63]
        at org.apache.catalina.core.StandardEngineValve.invoke(StandardEngineValve.java:78) ~[tomca
[23;99Hat-embed-core-9.0.63.jar:9.0.63]
        at org.apache.catalina.connector.CoyoteAdapter.service(CoyoteAdapter.java:360) ~[tomcat-emb
[23;99Hbed-core-9.0.63.jar:9.0.63]
        at org.apache.coyote.http11.Http11Processor.service(Http11Processor.java:399) ~[tomcat-embe
[23;99Hed-core-9.0.63.jar:9.0.63]
        at org.apache.coyote.AbstractProcessorLight.process(AbstractProcessorLight.java:65) ~[tomca
[23;99Hat-embed-core-9.0.63.jar:9.0.63]
        at org.apache.coyote.AbstractProtocol$ConnectionHandler.process(AbstractProtocol.java:890) 
[23;99H ~[tomcat-embed-core-9.0.63.jar:9.0.63]
        at org.apache.tomcat.util.net.NioEndpoint$SocketProcessor.doRun(NioEndpoint.java:1743) ~[to
[23;99Homcat-embed-core-9.0.63.jar:9.0.63]
        at org.apache.tomcat.util.net.SocketProcessorBase.run(SocketProcessorBase.java:49) ~[tomcat
[23;99Ht-embed-core-9.0.63.jar:9.0.63]
        at org.apache.tomcat.util.threads.ThreadPoolExecutor.runWorker(ThreadPoolExecutor.java:1191
[23;99H1) ~[tomcat-embed-core-9.0.63.jar:9.0.63]
        at org.apache.tomcat.util.threads.ThreadPoolExecutor$Worker.run(ThreadPoolExecutor.java:659
[23;99H9) ~[tomcat-embed-core-9.0.63.jar:9.0.63]
        at org.apache.tomcat.util.threads.TaskThread$WrappingRunnable.run(TaskThread.java:61) ~[tom
[23;99Hmcat-embed-core-9.0.63.jar:9.0.63]
        at java.base/java.lang.Thread.run(Thread.java:833) ~[na:na]

2024-07-24 21:38:13.460 ERROR 16820 --- [nio-8080-exec-7] org.thymeleaf.TemplateEngine             [K[24;113H
: [THYMELEAF][http-nio-8080-exec-7] Exception processing template "login": Error resolving template
[23;99He [login], template might not exist or might not be accessible by any of the configured Template Res
[23;99Hsolvers

org.thymeleaf.exceptions.TemplateInputException: Error resolving template [login], template might n
[23;99Hnot exist or might not be accessible by any of the configured Template Resolvers
        at org.thymeleaf.engine.TemplateManager.resolveTemplate(TemplateManager.java:869) ~[thymele
[23;99Heaf-3.0.15.RELEASE.jar:3.0.15.RELEASE]
        at org.thymeleaf.engine.TemplateManager.parseAndProcess(TemplateManager.java:607) ~[thymele
[23;99Heaf-3.0.15.RELEASE.jar:3.0.15.RELEASE]
        at org.thymeleaf.TemplateEngine.process(TemplateEngine.java:1098) ~[thymeleaf-3.0.15.RELEAS
[23;99HSE.jar:3.0.15.RELEASE]
        at org.thymeleaf.TemplateEngine.process(TemplateEngine.java:1072) ~[thymeleaf-3.0.15.RELEAS
[23;99HSE.jar:3.0.15.RELEASE]
        at org.thymeleaf.spring5.view.ThymeleafView.renderFragment(ThymeleafView.java:366) ~[thymel
[23;99Hleaf-spring5-3.0.15.RELEASE.jar:3.0.15.RELEASE]
        at org.thymeleaf.spring5.view.ThymeleafView.render(ThymeleafView.java:190) ~[thymeleaf-spri
[23;99Hing5-3.0.15.RELEASE.jar:3.0.15.RELEASE]
        at org.springframework.web.servlet.DispatcherServlet.render(DispatcherServlet.java:1401) ~[
[23;99H[spring-webmvc-5.3.20.jar:5.3.20]
        at org.springframework.web.servlet.DispatcherServlet.processDispatchResult(DispatcherServle
[23;99Het.java:1145) ~[spring-webmvc-5.3.20.jar:5.3.20]
        at org.springframework.web.servlet.DispatcherServlet.doDispatch(DispatcherServlet.java:1084
[23;99H4) ~[spring-webmvc-5.3.20.jar:5.3.20]
        at org.springframework.web.servlet.DispatcherServlet.doService(DispatcherServlet.java:963) 
[23;99H ~[spring-webmvc-5.3.20.jar:5.3.20]
        at org.springframework.web.servlet.FrameworkServlet.processRequest(FrameworkServlet.java:10
[23;99H006) ~[spring-webmvc-5.3.20.jar:5.3.20]
        at org.springframework.web.servlet.FrameworkServlet.doGet(FrameworkServlet.java:898) ~[spri
[23;99Hing-webmvc-5.3.20.jar:5.3.20]
        at javax.servlet.http.HttpServlet.service(HttpServlet.java:655) ~[tomcat-embed-core-9.0.63.
[23;99H.jar:4.0.FR]
        at org.springframework.web.servlet.FrameworkServlet.service(FrameworkServlet.java:883) ~[sp
[23;99Hpring-webmvc-5.3.20.jar:5.3.20]
        at javax.servlet.http.HttpServlet.service(HttpServlet.java:764) ~[tomcat-embed-core-9.0.63.
[23;99H.jar:4.0.FR]
        at org.apache.catalina.core.ApplicationFilterChain.internalDoFilter(ApplicationFilterChain.
[23;99H.java:227) ~[tomcat-embed-core-9.0.63.jar:9.0.63]
        at org.apache.catalina.core.ApplicationFilterChain.doFilter(ApplicationFilterChain.java:162
[23;99H2) ~[tomcat-embed-core-9.0.63.jar:9.0.63]
        at org.apache.tomcat.websocket.server.WsFilter.doFilter(WsFilter.java:53) ~[tomcat-embed-we
[23;99Hebsocket-9.0.63.jar:9.0.63]
        at org.apache.catalina.core.ApplicationFilterChain.internalDoFilter(ApplicationFilterChain.
[23;99H.java:189) ~[tomcat-embed-core-9.0.63.jar:9.0.63]
        at org.apache.catalina.core.ApplicationFilterChain.doFilter(ApplicationFilterChain.java:162
[23;99H2) ~[tomcat-embed-core-9.0.63.jar:9.0.63]
        at org.springframework.web.filter.RequestContextFilter.doFilterInternal(RequestContextFilte
[23;99Her.java:100) ~[spring-web-5.3.20.jar:5.3.20]
        at org.springframework.web.filter.OncePerRequestFilter.doFilter(OncePerRequestFilter.java:1
[23;99H117) ~[spring-web-5.3.20.jar:5.3.20]
        at org.apache.catalina.core.ApplicationFilterChain.internalDoFilter(ApplicationFilterChain.
[23;99H.java:189) ~[tomcat-embed-core-9.0.63.jar:9.0.63]
        at org.apache.catalina.core.ApplicationFilterChain.doFilter(ApplicationFilterChain.java:162
[23;99H2) ~[tomcat-embed-core-9.0.63.jar:9.0.63]
        at org.springframework.web.filter.FormContentFilter.doFilterInternal(FormContentFilter.java
[23;99Ha:93) ~[spring-web-5.3.20.jar:5.3.20]
        at org.springframework.web.filter.OncePerRequestFilter.doFilter(OncePerRequestFilter.java:1
[23;99H117) ~[spring-web-5.3.20.jar:5.3.20]
        at org.apache.catalina.core.ApplicationFilterChain.internalDoFilter(ApplicationFilterChain.
[23;99H.java:189) ~[tomcat-embed-core-9.0.63.jar:9.0.63]
        at org.apache.catalina.core.ApplicationFilterChain.doFilter(ApplicationFilterChain.java:162
[23;99H2) ~[tomcat-embed-core-9.0.63.jar:9.0.63]
        at org.springframework.web.filter.CharacterEncodingFilter.doFilterInternal(CharacterEncodin
[23;99HngFilter.java:201) ~[spring-web-5.3.20.jar:5.3.20]
        at org.springframework.web.filter.OncePerRequestFilter.doFilter(OncePerRequestFilter.java:1
[23;99H117) ~[spring-web-5.3.20.jar:5.3.20]
        at org.apache.catalina.core.ApplicationFilterChain.internalDoFilter(ApplicationFilterChain.
[23;99H.java:189) ~[tomcat-embed-core-9.0.63.jar:9.0.63]
        at org.apache.catalina.core.ApplicationFilterChain.doFilter(ApplicationFilterChain.java:162
[23;99H2) ~[tomcat-embed-core-9.0.63.jar:9.0.63]
        at org.apache.catalina.core.StandardWrapperValve.invoke(StandardWrapperValve.java:197) ~[to
[23;99Homcat-embed-core-9.0.63.jar:9.0.63]
        at org.apache.catalina.core.StandardContextValve.invoke(StandardContextValve.java:97) ~[tom
[23;99Hmcat-embed-core-9.0.63.jar:9.0.63]
        at org.apache.catalina.authenticator.AuthenticatorBase.invoke(AuthenticatorBase.java:541) ~
[23;99H~[tomcat-embed-core-9.0.63.jar:9.0.63]
        at org.apache.catalina.core.StandardHostValve.invoke(StandardHostValve.java:135) ~[tomcat-e
[23;99Hembed-core-9.0.63.jar:9.0.63]
        at org.apache.catalina.valves.ErrorReportValve.invoke(ErrorReportValve.java:92) ~[tomcat-em
[23;99Hmbed-core-9.0.63.jar:9.0.63]
        at org.apache.catalina.core.StandardEngineValve.invoke(StandardEngineValve.java:78) ~[tomca
[23;99Hat-embed-core-9.0.63.jar:9.0.63]
        at org.apache.catalina.connector.CoyoteAdapter.service(CoyoteAdapter.java:360) ~[tomcat-emb
[23;99Hbed-core-9.0.63.jar:9.0.63]
        at org.apache.coyote.http11.Http11Processor.service(Http11Processor.java:399) ~[tomcat-embe
[23;99Hed-core-9.0.63.jar:9.0.63]
        at org.apache.coyote.AbstractProcessorLight.process(AbstractProcessorLight.java:65) ~[tomca
[23;99Hat-embed-core-9.0.63.jar:9.0.63]
        at org.apache.coyote.AbstractProtocol$ConnectionHandler.process(AbstractProtocol.java:890) 
[23;99H ~[tomcat-embed-core-9.0.63.jar:9.0.63]
        at org.apache.tomcat.util.net.NioEndpoint$SocketProcessor.doRun(NioEndpoint.java:1743) ~[to
[23;99Homcat-embed-core-9.0.63.jar:9.0.63]
        at org.apache.tomcat.util.net.SocketProcessorBase.run(SocketProcessorBase.java:49) ~[tomcat
[23;99Ht-embed-core-9.0.63.jar:9.0.63]
        at org.apache.tomcat.util.threads.ThreadPoolExecutor.runWorker(ThreadPoolExecutor.java:1191
[23;99H1) ~[tomcat-embed-core-9.0.63.jar:9.0.63]
        at org.apache.tomcat.util.threads.ThreadPoolExecutor$Worker.run(ThreadPoolExecutor.java:659
[23;99H9) ~[tomcat-embed-core-9.0.63.jar:9.0.63]
        at org.apache.tomcat.util.threads.TaskThread$WrappingRunnable.run(TaskThread.java:61) ~[tom
[23;99Hmcat-embed-core-9.0.63.jar:9.0.63]
        at java.base/java.lang.Thread.run(Thread.java:833) ~[na:na]

2024-07-24 21:38:13.463 ERROR 16820 --- [nio-8080-exec-7] o.a.c.c.C.[.[.[/].[dispatcherServlet]    
[23;99H : Servlet.service() for servlet [dispatcherServlet] in context with path [] threw exception [Reques
[23;99Hst processing failed; nested exception is org.thymeleaf.exceptions.TemplateInputException: Error res
[23;99Hsolving template [login], template might not exist or might not be accessible by any of the configur
[23;99Hred Template Resolvers] with root cause

org.thymeleaf.exceptions.TemplateInputException: Error resolving template [login], template might n
[23;99Hnot exist or might not be accessible by any of the configured Template Resolvers
        at org.thymeleaf.engine.TemplateManager.resolveTemplate(TemplateManager.java:869) ~[thymele
[23;99Heaf-3.0.15.RELEASE.jar:3.0.15.RELEASE]
        at org.thymeleaf.engine.TemplateManager.parseAndProcess(TemplateManager.java:607) ~[thymele
[23;99Heaf-3.0.15.RELEASE.jar:3.0.15.RELEASE]
        at org.thymeleaf.TemplateEngine.process(TemplateEngine.java:1098) ~[thymeleaf-3.0.15.RELEAS
[23;99HSE.jar:3.0.15.RELEASE]
        at org.thymeleaf.TemplateEngine.process(TemplateEngine.java:1072) ~[thymeleaf-3.0.15.RELEAS
[23;99HSE.jar:3.0.15.RELEASE]
        at org.thymeleaf.spring5.view.ThymeleafView.renderFragment(ThymeleafView.java:366) ~[thymel
[23;99Hleaf-spring5-3.0.15.RELEASE.jar:3.0.15.RELEASE]
        at org.thymeleaf.spring5.view.ThymeleafView.render(ThymeleafView.java:190) ~[thymeleaf-spri
[23;99Hing5-3.0.15.RELEASE.jar:3.0.15.RELEASE]
        at org.springframework.web.servlet.DispatcherServlet.render(DispatcherServlet.java:1401) ~[
[23;99H[spring-webmvc-5.3.20.jar:5.3.20]
        at org.springframework.web.servlet.DispatcherServlet.processDispatchResult(DispatcherServle
[23;99Het.java:1145) ~[spring-webmvc-5.3.20.jar:5.3.20]
        at org.springframework.web.servlet.DispatcherServlet.doDispatch(DispatcherServlet.java:1084
[23;99H4) ~[spring-webmvc-5.3.20.jar:5.3.20]
        at org.springframework.web.servlet.DispatcherServlet.doService(DispatcherServlet.java:963) 
[23;99H ~[spring-webmvc-5.3.20.jar:5.3.20]
        at org.springframework.web.servlet.FrameworkServlet.processRequest(FrameworkServlet.java:10
[23;99H006) ~[spring-webmvc-5.3.20.jar:5.3.20]
        at org.springframework.web.servlet.FrameworkServlet.doGet(FrameworkServlet.java:898) ~[spri
[23;99Hing-webmvc-5.3.20.jar:5.3.20]
        at javax.servlet.http.HttpServlet.service(HttpServlet.java:655) ~[tomcat-embed-core-9.0.63.
[23;99H.jar:4.0.FR]
        at org.springframework.web.servlet.FrameworkServlet.service(FrameworkServlet.java:883) ~[sp
[23;99Hpring-webmvc-5.3.20.jar:5.3.20]
        at javax.servlet.http.HttpServlet.service(HttpServlet.java:764) ~[tomcat-embed-core-9.0.63.
[23;99H.jar:4.0.FR]
        at org.apache.catalina.core.ApplicationFilterChain.internalDoFilter(ApplicationFilterChain.
[23;99H.java:227) ~[tomcat-embed-core-9.0.63.jar:9.0.63]
        at org.apache.catalina.core.ApplicationFilterChain.doFilter(ApplicationFilterChain.java:162
[23;99H2) ~[tomcat-embed-core-9.0.63.jar:9.0.63]
        at org.apache.tomcat.websocket.server.WsFilter.doFilter(WsFilter.java:53) ~[tomcat-embed-we
[23;99Hebsocket-9.0.63.jar:9.0.63]
        at org.apache.catalina.core.ApplicationFilterChain.internalDoFilter(ApplicationFilterChain.
[23;99H.java:189) ~[tomcat-embed-core-9.0.63.jar:9.0.63]
        at org.apache.catalina.core.ApplicationFilterChain.doFilter(ApplicationFilterChain.java:162
[23;99H2) ~[tomcat-embed-core-9.0.63.jar:9.0.63]
        at org.springframework.web.filter.RequestContextFilter.doFilterInternal(RequestContextFilte
[23;99Her.java:100) ~[spring-web-5.3.20.jar:5.3.20]
        at org.springframework.web.filter.OncePerRequestFilter.doFilter(OncePerRequestFilter.java:1
[23;99H117) ~[spring-web-5.3.20.jar:5.3.20]
        at org.apache.catalina.core.ApplicationFilterChain.internalDoFilter(ApplicationFilterChain.
[23;99H.java:189) ~[tomcat-embed-core-9.0.63.jar:9.0.63]
        at org.apache.catalina.core.ApplicationFilterChain.doFilter(ApplicationFilterChain.java:162
[23;99H2) ~[tomcat-embed-core-9.0.63.jar:9.0.63]
        at org.springframework.web.filter.FormContentFilter.doFilterInternal(FormContentFilter.java
[23;99Ha:93) ~[spring-web-5.3.20.jar:5.3.20]
        at org.springframework.web.filter.OncePerRequestFilter.doFilter(OncePerRequestFilter.java:1
[23;99H117) ~[spring-web-5.3.20.jar:5.3.20]
        at org.apache.catalina.core.ApplicationFilterChain.internalDoFilter(ApplicationFilterChain.
[23;99H.java:189) ~[tomcat-embed-core-9.0.63.jar:9.0.63]
        at org.apache.catalina.core.ApplicationFilterChain.doFilter(ApplicationFilterChain.java:162
[23;99H2) ~[tomcat-embed-core-9.0.63.jar:9.0.63]
        at org.springframework.web.filter.CharacterEncodingFilter.doFilterInternal(CharacterEncodin
[23;99HngFilter.java:201) ~[spring-web-5.3.20.jar:5.3.20]
        at org.springframework.web.filter.OncePerRequestFilter.doFilter(OncePerRequestFilter.java:1
[23;99H117) ~[spring-web-5.3.20.jar:5.3.20]
        at org.apache.catalina.core.ApplicationFilterChain.internalDoFilter(ApplicationFilterChain.
[23;99H.java:189) ~[tomcat-embed-core-9.0.63.jar:9.0.63]
        at org.apache.catalina.core.ApplicationFilterChain.doFilter(ApplicationFilterChain.java:162
[23;99H2) ~[tomcat-embed-core-9.0.63.jar:9.0.63]
        at org.apache.catalina.core.StandardWrapperValve.invoke(StandardWrapperValve.java:197) ~[to
[23;99Homcat-embed-core-9.0.63.jar:9.0.63]
        at org.apache.catalina.core.StandardContextValve.invoke(StandardContextValve.java:97) ~[tom
[23;99Hmcat-embed-core-9.0.63.jar:9.0.63]
        at org.apache.catalina.authenticator.AuthenticatorBase.invoke(AuthenticatorBase.java:541) ~
[23;99H~[tomcat-embed-core-9.0.63.jar:9.0.63]
        at org.apache.catalina.core.StandardHostValve.invoke(StandardHostValve.java:135) ~[tomcat-e
[23;99Hembed-core-9.0.63.jar:9.0.63]
        at org.apache.catalina.valves.ErrorReportValve.invoke(ErrorReportValve.java:92) ~[tomcat-em
[23;99Hmbed-core-9.0.63.jar:9.0.63]
        at org.apache.catalina.core.StandardEngineValve.invoke(StandardEngineValve.java:78) ~[tomca
[23;99Hat-embed-core-9.0.63.jar:9.0.63]
        at org.apache.catalina.connector.CoyoteAdapter.service(CoyoteAdapter.java:360) ~[tomcat-emb
[23;99Hbed-core-9.0.63.jar:9.0.63]
        at org.apache.coyote.http11.Http11Processor.service(Http11Processor.java:399) ~[tomcat-embe
[23;99Hed-core-9.0.63.jar:9.0.63]
        at org.apache.coyote.AbstractProcessorLight.process(AbstractProcessorLight.java:65) ~[tomca
[23;99Hat-embed-core-9.0.63.jar:9.0.63]
        at org.apache.coyote.AbstractProtocol$ConnectionHandler.process(AbstractProtocol.java:890) 
[23;99H ~[tomcat-embed-core-9.0.63.jar:9.0.63]
        at org.apache.tomcat.util.net.NioEndpoint$SocketProcessor.doRun(NioEndpoint.java:1743) ~[to
[23;99Homcat-embed-core-9.0.63.jar:9.0.63]
        at org.apache.tomcat.util.net.SocketProcessorBase.run(SocketProcessorBase.java:49) ~[tomcat
[23;99Ht-embed-core-9.0.63.jar:9.0.63]
        at org.apache.tomcat.util.threads.ThreadPoolExecutor.runWorker(ThreadPoolExecutor.java:1191
[23;99H1) ~[tomcat-embed-core-9.0.63.jar:9.0.63]
        at org.apache.tomcat.util.threads.ThreadPoolExecutor$Worker.run(ThreadPoolExecutor.java:659
[23;99H9) ~[tomcat-embed-core-9.0.63.jar:9.0.63]
        at org.apache.tomcat.util.threads.TaskThread$WrappingRunnable.run(TaskThread.java:61) ~[tom
[23;99Hmcat-embed-core-9.0.63.jar:9.0.63]
        at java.base/java.lang.Thread.run(Thread.java:833) ~[na:na]


[?2004h]0;~/COMP5970/m5-assign-a
[32mLaura@DESKTOP-OJAS8R7 [33m~/COMP5970/m5-assign-a[0m
$ [[34m[1mINFO[m] [1m------------------------------------------------------------------------[22m
[[34m[1mINFO[m] [32m[1mBUILD SUCCESS[m[K
[[34m[1mINFO[m] [1m------------------------------------------------------------------------[22m[K
[[34m[1mINFO[m] Total time:  05:01 min[K
[[34m[1mINFO[m] Finished at: 2024-07-24T21:41:05-05:00[K
[[34m[1mINFO[m] [1m------------------------------------------------------------------------[22m[K
mvn clean
[?2004l[6n[m[?25h[[34m[1mINFO[m] Scanning for projects...
[[34m[1mINFO[m] 
[[34m[1mINFO[m] [1m----------------< [36m[22medu.auburn.comp4970:webapp5a-lgw0020[m[1m >----------------[22m[K
[[34m[1mINFO[m] [1mBuilding webapp5a-lgw0020 0.0.1-SNAPSHOT[22m[K
[[34m[1mINFO[m]   from pom.xml[K
[[34m[1mINFO[m] [1m--------------------------------[ war ]---------------------------------[22m[K
[[34m[1mINFO[m] 
[[34m[1mINFO[m] [1m--- [32m[22mclean:3.2.0:clean [m[1m(default-clean)[22m @ [36mwebapp5a-lgw0020[m[1m ---[22m[K
[[34m[1mINFO[m] Deleting C:\cygwin64\home\Laura\COMP5970\m5-assign-a\target
[[34m[1mINFO[m] [1m------------------------------------------------------------------------[22m
[[34m[1mINFO[m] [32m[1mBUILD SUCCESS[m[K
[[34m[1mINFO[m] [1m------------------------------------------------------------------------[22m[K
[[34m[1mINFO[m] Total time:  0.502 s[K
[[34m[1mINFO[m] Finished at: 2024-07-24T21:41:12-05:00[K
[[34m[1mINFO[m] [1m------------------------------------------------------------------------[22m[K
[?2004h]0;~/COMP5970/m5-assign-a
[32mLaura@DESKTOP-OJAS8R7 [33m~/COMP5970/m5-assign-a[0m
$ 
[?2004l[?2004h]0;~/COMP5970/m5-assign-a
[32mLaura@DESKTOP-OJAS8R7 [33m~/COMP5970/m5-assign-a[0m
$ mvn package
[?2004l[6n[m[?25h[[34m[1mINFO[m] Scanning for projects...
[[34m[1mINFO[m] 
[[34m[1mINFO[m] [1m----------------< [36m[22medu.auburn.comp4970:webapp5a-lgw0020[m[1m >----------------[22m[K
[[34m[1mINFO[m] [1mBuilding webapp5a-lgw0020 0.0.1-SNAPSHOT[22m[K
[[34m[1mINFO[m]   from pom.xml[K
[[34m[1mINFO[m] [1m--------------------------------[ war ]---------------------------------[22m[K
[[33m[1mWARNING[m] 1 problem was encountered while building the effective model for org.javassist:javassist:
[23;99H:jar:3.20.0-GA
[[34m[1mINFO[m] 
[[34m[1mINFO[m] [1m--- [32m[22mresources:3.2.0:resources [m[1m(default-resources)[22m @ [36mwebapp5a-lgw0020[m[1m ---[22m[K
[[34m[1mINFO[m] Using 'UTF-8' encoding to copy filtered resources.
[[34m[1mINFO[m] Using 'UTF-8' encoding to copy filtered properties files.[K
[[34m[1mINFO[m] Copying 1 resource[K
[[34m[1mINFO[m] Copying 7 resources[K
[[34m[1mINFO[m] 
[[34m[1mINFO[m] [1m--- [32m[22mcompiler:3.10.1:compile [m[1m(default-compile)[22m @ [36mwebapp5a-lgw0020[m[1m ---[22m[K
[[34m[1mINFO[m] Changes detected - recompiling the module!
[[34m[1mINFO[m] Compiling 3 source files to C:\cygwin64\home\Laura\COMP5970\m5-assign-a\target\classes      [24;1H
[[34m[1mINFO[m] 
[[34m[1mINFO[m] [1m--- [32m[22mresources:3.2.0:testResources [m[1m(default-testResources)[22m @ [36mwebapp5a-lgw0020[m[1m ---[22m[K
[[34m[1mINFO[m] Using 'UTF-8' encoding to copy filtered resources.[K
[[34m[1mINFO[m] Using 'UTF-8' encoding to copy filtered properties files.[K
[[34m[1mINFO[m] skip non existing resourceDirectory C:\cygwin64\home\Laura\COMP5970\m5-assign-a\src\test\res
[23;99Hsources
[[34m[1mINFO[m][K
[[34m[1mINFO[m] [1m--- [32m[22mcompiler:3.10.1:testCompile [m[1m(default-testCompile)[22m @ [36mwebapp5a-lgw0020[m[1m ---[22m[K
[[34m[1mINFO[m] Changes detected - recompiling the module![K
[[34m[1mINFO[m] Compiling 1 source file to C:\cygwin64\home\Laura\COMP5970\m5-assign-a\target\test-classes  [24;1H
[[34m[1mINFO[m] 
[[34m[1mINFO[m] [1m--- [32m[22msurefire:2.22.2:test [m[1m(default-test)[22m @ [36mwebapp5a-lgw0020[m[1m ---[22m[K
[[34m[1mINFO[m] 
[[34m[1mINFO[m] -------------------------------------------------------[K
[[34m[1mINFO[m]  T E S T S[K
[[34m[1mINFO[m] -------------------------------------------------------[K
[[34m[1mINFO[m] Running edu.auburn.cpsc4970.webapp5a.[1mWebapp5aPwbApplicationTests[22m
21:41:22.892 [main] DEBUG org.springframework.test.context.BootstrapUtils - Instantiating CacheAwar
[23;99HreContextLoaderDelegate from class [org.springframework.test.context.cache.DefaultCacheAwareContextL
[23;99HLoaderDelegate]
21:41:22.901 [main] DEBUG org.springframework.test.context.BootstrapUtils - Instantiating Bootstrap
[23;99HpContext using constructor [public org.springframework.test.context.support.DefaultBootstrapContext(
[23;99H(java.lang.Class,org.springframework.test.context.CacheAwareContextLoaderDelegate)]
21:41:22.937 [main] DEBUG org.springframework.test.context.BootstrapUtils - Instantiating TestConte
[23;99HextBootstrapper for test class [edu.auburn.cpsc4970.webapp5a.Webapp5aPwbApplicationTests] from class
[23;99Hs [org.springframework.boot.test.context.SpringBootTestContextBootstrapper]
21:41:22.946 [main] INFO org.springframework.boot.test.context.SpringBootTestContextBootstrapper - 
[23;99H Neither @ContextConfiguration nor @ContextHierarchy found for test class [edu.auburn.cpsc4970.webap
[23;99Hpp5a.Webapp5aPwbApplicationTests], using SpringBootContextLoader
21:41:22.950 [main] DEBUG org.springframework.test.context.support.AbstractContextLoader - Did not 
[23;99H detect default resource location for test class [edu.auburn.cpsc4970.webapp5a.Webapp5aPwbApplicatio
[23;99HonTests]: class path resource [edu/auburn/cpsc4970/webapp5a/Webapp5aPwbApplicationTests-context.xml]
[23;99H] does not exist
21:41:22.950 [main] DEBUG org.springframework.test.context.support.AbstractContextLoader - Did not 
[23;99H detect default resource location for test class [edu.auburn.cpsc4970.webapp5a.Webapp5aPwbApplicatio
[23;99HonTests]: class path resource [edu/auburn/cpsc4970/webapp5a/Webapp5aPwbApplicationTestsContext.groov
[23;99Hvy] does not exist
21:41:22.950 [main] INFO org.springframework.test.context.support.AbstractContextLoader - Could not
[23;99Ht detect default resource locations for test class [edu.auburn.cpsc4970.webapp5a.Webapp5aPwbApplicat
[23;99HtionTests]: no resource found for suffixes {-context.xml, Context.groovy}.
21:41:22.951 [main] INFO org.springframework.test.context.support.AnnotationConfigContextLoaderUtil
[23;99Hls - Could not detect default configuration classes for test class [edu.auburn.cpsc4970.webapp5a.Web
[23;99Hbapp5aPwbApplicationTests]: Webapp5aPwbApplicationTests does not declare any static, non-private, no
[23;99Hon-final, nested classes annotated with @Configuration.
21:41:22.985 [main] DEBUG org.springframework.test.context.support.ActiveProfilesUtils - Could not 
[23;99H find an 'annotation declaring class' for annotation type [org.springframework.test.context.ActivePr
[23;99Hrofiles] and class [edu.auburn.cpsc4970.webapp5a.Webapp5aPwbApplicationTests]
21:41:23.048 [main] DEBUG org.springframework.context.annotation.ClassPathScanningCandidateComponen
[23;99HntProvider - Identified candidate component class: file [C:\cygwin64\home\Laura\COMP5970\m5-assign-a
[23;99Ha\target\classes\edu\auburn\cpsc4970\webapp5a\SpringBootApplication.class]
21:41:23.057 [main] INFO org.springframework.boot.test.context.SpringBootTestContextBootstrapper - 
[23;99H Found @SpringBootConfiguration edu.auburn.cpsc4970.webapp5a.SpringBootApplication for test class ed
[23;99Hdu.auburn.cpsc4970.webapp5a.Webapp5aPwbApplicationTests
21:41:23.156 [main] DEBUG org.springframework.boot.test.context.SpringBootTestContextBootstrapper -
[23;99H- @TestExecutionListeners is not present for class [edu.auburn.cpsc4970.webapp5a.Webapp5aPwbApplicat
[23;99HtionTests]: using defaults.
21:41:23.157 [main] INFO org.springframework.boot.test.context.SpringBootTestContextBootstrapper - 
[23;99H Loaded default TestExecutionListener class names from location [META-INF/spring.factories]: [org.sp
[23;99Hpringframework.boot.test.mock.mockito.MockitoTestExecutionListener, org.springframework.boot.test.mo
[23;99Hock.mockito.ResetMocksTestExecutionListener, org.springframework.boot.test.autoconfigure.restdocs.Re
[23;99HestDocsTestExecutionListener, org.springframework.boot.test.autoconfigure.web.client.MockRestService
[23;99HeServerResetTestExecutionListener, org.springframework.boot.test.autoconfigure.web.servlet.MockMvcPr
[23;99HrintOnlyOnFailureTestExecutionListener, org.springframework.boot.test.autoconfigure.web.servlet.WebD
[23;99HDriverTestExecutionListener, org.springframework.boot.test.autoconfigure.webservices.client.MockWebS
[23;99HServiceServerTestExecutionListener, org.springframework.test.context.web.ServletTestExecutionListene
[23;99Her, org.springframework.test.context.support.DirtiesContextBeforeModesTestExecutionListener, org.spr
[23;99Hringframework.test.context.event.ApplicationEventsTestExecutionListener, org.springframework.test.co
[23;99Hontext.support.DependencyInjectionTestExecutionListener, org.springframework.test.context.support.Di
[23;99HirtiesContextTestExecutionListener, org.springframework.test.context.transaction.TransactionalTestEx
[23;99HxecutionListener, org.springframework.test.context.jdbc.SqlScriptsTestExecutionListener, org.springf
[23;99Hframework.test.context.event.EventPublishingTestExecutionListener]
21:41:23.166 [main] DEBUG org.springframework.boot.test.context.SpringBootTestContextBootstrapper -
[23;99H- Skipping candidate TestExecutionListener [org.springframework.test.context.transaction.Transaction
[23;99HnalTestExecutionListener] due to a missing dependency. Specify custom listener classes or make the d
[23;99Hdefault listener classes and their required dependencies available. Offending class: [org/springfram
[23;99Hmework/transaction/interceptor/TransactionAttributeSource]
21:41:23.167 [main] DEBUG org.springframework.boot.test.context.SpringBootTestContextBootstrapper -
[23;99H- Skipping candidate TestExecutionListener [org.springframework.test.context.jdbc.SqlScriptsTestExec
[23;99HcutionListener] due to a missing dependency. Specify custom listener classes or make the default lis
[23;99Hstener classes and their required dependencies available. Offending class: [org/springframework/tran
[23;99Hnsaction/interceptor/TransactionAttribute]
21:41:23.167 [main] INFO org.springframework.boot.test.context.SpringBootTestContextBootstrapper - 
[23;99H Using TestExecutionListeners: [org.springframework.test.context.web.ServletTestExecutionListener@82
[23;99H2ea68c, org.springframework.test.context.support.DirtiesContextBeforeModesTestExecutionListener@59e5
[23;99H505b2, org.springframework.test.context.event.ApplicationEventsTestExecutionListener@3af0a9da, org.s
[23;99Hspringframework.boot.test.mock.mockito.MockitoTestExecutionListener@43b9fd5, org.springframework.boo
[23;99Hot.test.autoconfigure.SpringBootDependencyInjectionTestExecutionListener@79dc5318, org.springframewo
[23;99Hork.test.context.support.DirtiesContextTestExecutionListener@8e50104, org.springframework.test.conte
[23;99Hext.event.EventPublishingTestExecutionListener@37e4d7bb, org.springframework.boot.test.mock.mockito.
[23;99H.ResetMocksTestExecutionListener@6f7923a5, org.springframework.boot.test.autoconfigure.restdocs.Rest
[23;99HtDocsTestExecutionListener@74a6f9c1, org.springframework.boot.test.autoconfigure.web.client.MockRest
[23;99HtServiceServerResetTestExecutionListener@54eb2b70, org.springframework.boot.test.autoconfigure.web.s
[23;99Hservlet.MockMvcPrintOnlyOnFailureTestExecutionListener@45a37759, org.springframework.boot.test.autoc
[23;99Hconfigure.web.servlet.WebDriverTestExecutionListener@63611043, org.springframework.boot.test.autocon
[23;99Hnfigure.webservices.client.MockWebServiceServerTestExecutionListener@20ca951f]
21:41:23.169 [main] DEBUG org.springframework.test.context.support.AbstractDirtiesContextTestExecut
[23;99HtionListener - Before test class: context [DefaultTestContext@50de186c testClass = Webapp5aPwbApplic
[23;99HcationTests, testInstance = [null], testMethod = [null], testException = [null], mergedContextConfig
[23;99Hguration = [WebMergedContextConfiguration@3f57bcad testClass = Webapp5aPwbApplicationTests, location
[23;99Hns = '{}', classes = '{class edu.auburn.cpsc4970.webapp5a.SpringBootApplication}', contextInitialize
[23;99HerClasses = '[]', activeProfiles = '{}', propertySourceLocations = '{}', propertySourceProperties = 
[23;99H '{org.springframework.boot.test.context.SpringBootTestContextBootstrapper=true}', contextCustomizer
[23;99Hrs = set[org.springframework.boot.test.context.filter.ExcludeFilterContextCustomizer@79da8dc5, org.s
[23;99Hspringframework.boot.test.json.DuplicateJsonObjectContextCustomizerFactory$DuplicateJsonObjectContex
[23;99HxtCustomizer@696da30b, org.springframework.boot.test.mock.mockito.MockitoContextCustomizer@0, org.sp
[23;99Hpringframework.boot.test.web.client.TestRestTemplateContextCustomizer@693fe6c9, org.springframework.
[23;99H.boot.test.autoconfigure.actuate.metrics.MetricsExportContextCustomizerFactory$DisableMetricExportCo
[23;99HontextCustomizer@10163d6, org.springframework.boot.test.autoconfigure.properties.PropertyMappingCont
[23;99HtextCustomizer@0, org.springframework.boot.test.autoconfigure.web.servlet.WebDriverContextCustomizer
[23;99HrFactory$Customizer@1e683a3e, org.springframework.boot.test.context.SpringBootTestArgs@1, org.spring
[23;99Hgframework.boot.test.context.SpringBootTestWebEnvironment@396f6598], resourceBasePath = 'src/main/we
[23;99Hebapp', contextLoader = 'org.springframework.boot.test.context.SpringBootContextLoader', parent = [n
[23;99Hnull]], attributes = map['org.springframework.test.context.web.ServletTestExecutionListener.activate
[23;99HeListener' -> true]], class annotated with @DirtiesContext [false] with mode [null].

  .   ____          _            __ _ _
 /\\ / ___'_ __ _ _(_)_ __  __ _ \ \ \ \
( ( )\___ | '_ | '_| | '_ \/ _` | \ \ \ \
 \\/  ___)| |_)| | | | | || (_| |  ) ) ) )
  '  |____| .__|_| |_|_| |_\__, | / / / /
 =========|_|==============|___/=/_/_/_/
 :: Spring Boot ::                (v2.7.0)

2024-07-24 21:41:23.480  INFO 22132 --- [           main] e.a.c.w.Webapp5aPwbApplicationTests      
[23;99H : Starting Webapp5aPwbApplicationTests using Java 17.0.1 on DESKTOP-OJAS8R7 with PID 22132 (started
[23;99Hd by Laura in C:\cygwin64\home\Laura\COMP5970\m5-assign-a)
2024-07-24 21:41:23.482  INFO 22132 --- [           main] e.a.c.w.Webapp5aPwbApplicationTests      
[23;99H : No active profile set, falling back to 1 default profile: "default"
2024-07-24 21:41:24.619  INFO 22132 --- [           main] o.s.b.a.w.s.WelcomePageHandlerMapping    
[23;99H : Adding welcome page template: index
2024-07-24 21:41:24.886  INFO 22132 --- [           main] e.a.c.w.Webapp5aPwbApplicationTests      
[23;99H : Started Webapp5aPwbApplicationTests in 1.675 seconds (JVM running for 2.573)
[[34m[1mINFO[m] [32m[1mTests run: 1[m, Failures: 0, Errors: 0, Skipped: 0, Time elapsed: 2.484 s - in edu.auburn.cpsc
[23;99Hc4970.webapp5a.[1mWebapp5aPwbApplicationTests[22m[K
[[34m[1mINFO[m] 
[[34m[1mINFO[m] Results:[K
[[34m[1mINFO[m][K
[[34m[1mINFO[m] [32m[1mTests run: 1, Failures: 0, Errors: 0, Skipped: 0[m[K
[[34m[1mINFO[m][K
[[34m[1mINFO[m][K
[[34m[1mINFO[m] [1m--- [32m[22mwar:3.3.2:war [m[1m(default-war)[22m @ [36mwebapp5a-lgw0020[m[1m ---[22m[K
[[34m[1mINFO[m] Packaging webapp
[[34m[1mINFO[m] Assembling webapp [webapp5a-lgw0020] in [C:\cygwin64\home\Laura\COMP5970\m5-assign-a\target\
[23;99H\webapp5a-lgw0020-0.0.1-SNAPSHOT]
[[34m[1mINFO[m] Processing war project[K
[[34m[1mINFO[m] Building war: C:\cygwin64\home\Laura\COMP5970\m5-assign-a\target\webapp5a-lgw0020-0.0.1-SNAP
[23;99HPSHOT.war
[[34m[1mINFO[m] 
[[34m[1mINFO[m] [1m--- [32m[22mspring-boot:2.7.0:repackage [m[1m(repackage)[22m @ [36mwebapp5a-lgw0020[m[1m ---[22m[K
[[34m[1mINFO[m] Replacing main artifact with repackaged archive
[[34m[1mINFO[m] [1m------------------------------------------------------------------------[22m[K
[[34m[1mINFO[m] [32m[1mBUILD SUCCESS[m[K
[[34m[1mINFO[m] [1m------------------------------------------------------------------------[22m[K
[[34m[1mINFO[m] Total time:  7.841 s[K
[[34m[1mINFO[m] Finished at: 2024-07-24T21:41:27-05:00[K
[[34m[1mINFO[m] [1m------------------------------------------------------------------------[22m[K
[?2004h]0;~/COMP5970/m5-assign-a
[32mLaura@DESKTOP-OJAS8R7 [33m~/COMP5970/m5-assign-a[0m
$ mvn package[2Pcleanspring-boot:run[C[C[C[C[C[C[8Ppackagespring-boot:run
[?2004l[6n[m[?25h[[34m[1mINFO[m] Scanning for projects...
[[34m[1mINFO[m] 
[[34m[1mINFO[m] [1m----------------< [36m[22medu.auburn.comp4970:webapp5a-lgw0020[m[1m >----------------[22m[K
[[34m[1mINFO[m] [1mBuilding webapp5a-lgw0020 0.0.1-SNAPSHOT[22m[K
[[34m[1mINFO[m]   from pom.xml[K
[[34m[1mINFO[m] [1m--------------------------------[ war ]---------------------------------[22m[K
[[34m[1mINFO[m] 
[[34m[1mINFO[m] [1m>>> [32m[22mspring-boot:2.7.0:run [m[1m(default-cli) > test-compile[22m @ [36mwebapp5a-lgw0020[m[1m >>>[22m[K
[[33m[1mWARNING[m] 1 problem was encountered while building the effective model for org.javassist:javassist:
[23;99H:jar:3.20.0-GA
[[34m[1mINFO[m] 
[[34m[1mINFO[m] [1m--- [32m[22mresources:3.2.0:resources [m[1m(default-resources)[22m @ [36mwebapp5a-lgw0020[m[1m ---[22m[K
[[34m[1mINFO[m] Using 'UTF-8' encoding to copy filtered resources.
[[34m[1mINFO[m] Using 'UTF-8' encoding to copy filtered properties files.[K
[[34m[1mINFO[m] Copying 1 resource[K
[[34m[1mINFO[m] Copying 7 resources
[[34m[1mINFO[m][K
[[34m[1mINFO[m] [1m--- [32m[22mcompiler:3.10.1:compile [m[1m(default-compile)[22m @ [36mwebapp5a-lgw0020[m[1m ---[22m[K
[[34m[1mINFO[m] Nothing to compile - all classes are up to date
[[34m[1mINFO[m][K
[[34m[1mINFO[m] [1m--- [32m[22mresources:3.2.0:testResources [m[1m(default-testResources)[22m @ [36mwebapp5a-lgw0020[m[1m ---[22m[K
[[34m[1mINFO[m] Using 'UTF-8' encoding to copy filtered resources.[K
[[34m[1mINFO[m] Using 'UTF-8' encoding to copy filtered properties files.[K
[[34m[1mINFO[m] skip non existing resourceDirectory C:\cygwin64\home\Laura\COMP5970\m5-assign-a\src\test\res
[23;99Hsources
[[34m[1mINFO[m][K
[[34m[1mINFO[m] [1m--- [32m[22mcompiler:3.10.1:testCompile [m[1m(default-testCompile)[22m @ [36mwebapp5a-lgw0020[m[1m ---[22m[K
[[34m[1mINFO[m] Nothing to compile - all classes are up to date
[[34m[1mINFO[m][K
[[34m[1mINFO[m] [1m<<< [32m[22mspring-boot:2.7.0:run [m[1m(default-cli) < test-compile[22m @ [36mwebapp5a-lgw0020[m[1m <<<[22m[K
[[34m[1mINFO[m][K
[[34m[1mINFO[m][K
[[34m[1mINFO[m] [1m--- [32m[22mspring-boot:2.7.0:run [m[1m(default-cli)[22m @ [36mwebapp5a-lgw0020[m[1m ---[22m[K
[[34m[1mINFO[m] Attaching agents: []

  .   ____          _            __ _ _
 /\\ / ___'_ __ _ _(_)_ __  __ _ \ \ \ \
( ( )\___ | '_ | '_| | '_ \/ _` | \ \ \ \
 \\/  ___)| |_)| | | | | || (_| |  ) ) ) )
  '  |____| .__|_| |_|_| |_\__, | / / / /
 =========|_|==============|___/=/_/_/_/
 :: Spring Boot ::                (v2.7.0)

2024-07-24 21:41:38.201  INFO 5956 --- [           main] e.a.c.webapp5a.SpringBootApplication     :
[23;99H: Starting SpringBootApplication using Java 17.0.1 on DESKTOP-OJAS8R7 with PID 5956 (C:\cygwin64\hom
[23;99Hme\Laura\COMP5970\m5-assign-a\target\classes started by Laura in C:\cygwin64\home\Laura\COMP5970\m5-
[23;99H-assign-a)
2024-07-24 21:41:38.204  INFO 5956 --- [           main] e.a.c.webapp5a.SpringBootApplication     :
[23;99H: No active profile set, falling back to 1 default profile: "default"
2024-07-24 21:41:39.003  INFO 5956 --- [           main] o.s.b.w.embedded.tomcat.TomcatWebServer  :
[23;99H: Tomcat initialized with port(s): 8080 (http)
2024-07-24 21:41:39.011  INFO 5956 --- [           main] o.apache.catalina.core.StandardService   :
[23;99H: Starting service [Tomcat]
2024-07-24 21:41:39.012  INFO 5956 --- [           main] org.apache.catalina.core.StandardEngine  :
[23;99H: Starting Servlet engine: [Apache Tomcat/9.0.63]
2024-07-24 21:41:39.098  INFO 5956 --- [           main] o.a.c.c.C.[Tomcat].[localhost].[/]       :
[23;99H: Initializing Spring embedded WebApplicationContext
2024-07-24 21:41:39.098  INFO 5956 --- [           main] w.s.c.ServletWebServerApplicationContext :
[23;99H: Root WebApplicationContext: initialization completed in 853 ms
2024-07-24 21:41:39.257  INFO 5956 --- [           main] o.s.b.a.w.s.WelcomePageHandlerMapping    :
[23;99H: Adding welcome page template: index
2024-07-24 21:41:39.381  INFO 5956 --- [           main] o.s.b.w.embedded.tomcat.TomcatWebServer  :
[23;99H: Tomcat started on port(s): 8080 (http) with context path ''
2024-07-24 21:41:39.388  INFO 5956 --- [           main] e.a.c.webapp5a.SpringBootApplication     :
[23;99H: Started SpringBootApplication in 1.516 seconds (JVM running for 1.818)
2024-07-24 21:41:41.875  INFO 5956 --- [nio-8080-exec-1] o.a.c.c.C.[Tomcat].[localhost].[/]       :
[23;99H: Initializing Spring DispatcherServlet 'dispatcherServlet'
2024-07-24 21:41:41.876  INFO 5956 --- [nio-8080-exec-1] o.s.web.servlet.DispatcherServlet        :
[23;99H: Initializing Servlet 'dispatcherServlet'
2024-07-24 21:41:41.878  INFO 5956 --- [nio-8080-exec-1] o.s.web.servlet.DispatcherServlet        :
[23;99H: Completed initialization in 1 ms

[?2004h]0;~/COMP5970/m5-assign-a
[32mLaura@DESKTOP-OJAS8R7 [33m~/COMP5970/m5-assign-a[0m
$ [[34m[1mINFO[m] [1m------------------------------------------------------------------------[22m
[[34m[1mINFO[m] [32m[1mBUILD SUCCESS[m[K
[[34m[1mINFO[m] [1m------------------------------------------------------------------------[22m[K
[[34m[1mINFO[m] Total time:  28.359 s[K
[[34m[1mINFO[m] Finished at: 2024-07-24T21:42:04-05:00[K
[[34m[1mINFO[m] [1m------------------------------------------------------------------------[22m[K
git status
[?2004l[6n[m[?25hOn branch feature-webapp
Your branch is up to date with 'origin/feature-webapp'.

Changes to be committed:
  (use "git restore --staged <file>..." to unstage)
        [32mnew file:   src/main/java/edu/auburn/cpsc4970/webapp5a/WebPageController.java[K[m
        [32mnew file:   src/main/resources/templates/error.html[K[m
        [32mnew file:   src/main/resources/templates/login.html[K[m

Changes not staged for commit:
  (use "git add <file>..." to update what will be committed)
  (use "git restore <file>..." to discard changes in working directory)
        [31mmodified:   pom.xml[K[m
        [31mmodified:   src/main/java/edu/auburn/cpsc4970/webapp5a/WebPageController.java[K[m
        [31mmodified:   src/main/resources/templates/error.html[K[m
        [31mmodified:   src/main/resources/templates/login.html[K[m

Untracked files:
  (use "git add <file>..." to include in what will be committed)
        [31mM5.txt[K[m
        [31msrc/main/resources/templates/index.html[K[m

[?2004h]0;~/COMP5970/m5-assign-a
[32mLaura@DESKTOP-OJAS8R7 [33m~/COMP5970/m5-assign-a[0m
$ git[K[K[Kgit branch
[?2004l[6n[m[?25h* [32mfeature-webapp[m
  main[?1h[?1l>
[?2004h]0;~/COMP5970/m5-assign-a
[32mLaura@DESKTOP-OJAS8R7 [33m~/COMP5970/m5-assign-a[0m
$ git add [K[K[Kdd pom.xml
[?2004l[6n[m[?25h[?2004h]0;~/COMP5970/m5-assign-a
[32mLaura@DESKTOP-OJAS8R7 [33m~/COMP5970/m5-assign-a[0m
$ cd src/meani[K[K[K[Kain/resources/templates/index,[K.htmm[Kl
[?2004lbash: cd: src/main/resources/templates/index.html: Not a directory
[?2004h]0;~/COMP5970/m5-assign-a
[32mLaura@DESKTOP-OJAS8R7 [33m~/COMP5970/m5-assign-a[0m
$ cd src/main/resources/templates/index.html[K[K[K[K[K[K[K[K[K[K[K[Ks
[?2004l[?2004h]0;~/COMP5970/m5-assign-a/src/main/resources/templates
[32mLaura@DESKTOP-OJAS8R7 [33m~/COMP5970/m5-assign-a/src/main/resources/templates[0m
$ ls
[?2004lerror.html  index.html	login.html
[?2004h]0;~/COMP5970/m5-assign-a/src/main/resources/templates
[32mLaura@DESKTOP-OJAS8R7 [33m~/COMP5970/m5-assign-a/src/main/resources/templates[0m
$ git add index.html
[?2004l[6n[m[?25h[?2004h]0;~/COMP5970/m5-assign-a/src/main/resources/templates
[32mLaura@DESKTOP-OJAS8R7 [33m~/COMP5970/m5-assign-a/src/main/resources/templates[0m
$ git add index.html[K[K[K[K[K[K[K[K[K[Klogin.html
[?2004l[6n[m[?25h[?2004h]0;~/COMP5970/m5-assign-a/src/main/resources/templates
[32mLaura@DESKTOP-OJAS8R7 [33m~/COMP5970/m5-assign-a/src/main/resources/templates[0m
$ git add login.html[C[1P.html[1P.html[1P.html[1P.html[1P.htmle.htmlr.htmlr.htmlo.htmlr.html
[?2004l[6n[m[?25h[?2004h]0;~/COMP5970/m5-assign-a/src/main/resources/templates
[32mLaura@DESKTOP-OJAS8R7 [33m~/COMP5970/m5-assign-a/src/main/resources/templates[0m
$ gti[K[Kit status
[?2004l[6n[m[?25hOn branch feature-webapp
Your branch is up to date with 'origin/feature-webapp'.

Changes to be committed:
  (use "git restore --staged <file>..." to unstage)
        [32mmodified:   ../../../../pom.xml[K[m
        [32mnew file:   ../../java/edu/auburn/cpsc4970/webapp5a/WebPageController.java[K[m
        [32mnew file:   error.html[K[m
        [32mnew file:   index.html[K[m
        [32mnew file:   login.html[K[m

Changes not staged for commit:
  (use "git add <file>..." to update what will be committed)
  (use "git restore <file>..." to discard changes in working directory)
        [31mmodified:   ../../java/edu/auburn/cpsc4970/webapp5a/WebPageController.java[K[m

Untracked files:
  (use "git add <file>..." to include in what will be committed)
        [31m../../../../M5.txt[K[m

[?2004h]0;~/COMP5970/m5-assign-a/src/main/resources/templates
[32mLaura@DESKTOP-OJAS8R7 [33m~/COMP5970/m5-assign-a/src/main/resources/templates[0m
$ cd ..
[?2004l[?2004h]0;~/COMP5970/m5-assign-a/src/main/resources
[32mLaura@DESKTOP-OJAS8R7 [33m~/COMP5970/m5-assign-a/src/main/resources[0m
$ cd ..
[?2004l[?2004h]0;~/COMP5970/m5-assign-a/src/main
[32mLaura@DESKTOP-OJAS8R7 [33m~/COMP5970/m5-assign-a/src/main[0m
$ cd ..
[?2004l[?2004h]0;~/COMP5970/m5-assign-a/src
[32mLaura@DESKTOP-OJAS8R7 [33m~/COMP5970/m5-assign-a/src[0m
$ ls
[?2004lmain  test
[?2004h]0;~/COMP5970/m5-assign-a/src
[32mLaura@DESKTOP-OJAS8R7 [33m~/COMP5970/m5-assign-a/src[0m
$ cd main/java/edu/auburn/cpsc4970/webapp5a
[?2004l[?2004h]0;~/COMP5970/m5-assign-a/src/main/java/edu/auburn/cpsc4970/webapp5a
[32mLaura@DESKTOP-OJAS8R7 [33m~/COMP5970/m5-assign-a/src/main/java/edu/auburn/cpsc4970/webapp5a[0m
$ lls
[?2004lbash: lls: command not found
[?2004h]0;~/COMP5970/m5-assign-a/src/main/java/edu/auburn/cpsc4970/webapp5a
[32mLaura@DESKTOP-OJAS8R7 [33m~/COMP5970/m5-assign-a/src/main/java/edu/auburn/cpsc4970/webapp5a[0m
$ ls
[?2004lServletInitializer.java  SpringBootApplication.java  WebPageController.java
[?2004h]0;~/COMP5970/m5-assign-a/src/main/java/edu/auburn/cpsc4970/webapp5a
[32mLaura@DESKTOP-OJAS8R7 [33m~/COMP5970/m5-assign-a/src/main/java/edu/auburn/cpsc4970/webapp5a[0m
$ git status
[?2004l[6n[m[?25hOn branch feature-webapp
Your branch is up to date with 'origin/feature-webapp'.

Changes to be committed:
  (use "git restore --staged <file>..." to unstage)
        [32mmodified:   ../../../../../../../pom.xml[K[m
        [32mnew file:   WebPageController.java[K[m
        [32mnew file:   ../../../../../resources/templates/error.html[K[m
        [32mnew file:   ../../../../../resources/templates/index.html[K[m
        [32mnew file:   ../../../../../resources/templates/login.html[K[m

Changes not staged for commit:
  (use "git add <file>..." to update what will be committed)
  (use "git restore <file>..." to discard changes in working directory)
        [31mmodified:   WebPageController.java[K[m

Untracked files:
  (use "git add <file>..." to include in what will be committed)
        [31m../../../../../../../M5.txt[K[m

[?2004h]0;~/COMP5970/m5-assign-a/src/main/java/edu/auburn/cpsc4970/webapp5a
[32mLaura@DESKTOP-OJAS8R7 [33m~/COMP5970/m5-assign-a/src/main/java/edu/auburn/cpsc4970/webapp5a[0m
$ git add WebPageController.java
[?2004l[6n[m[?25h[?2004h]0;~/COMP5970/m5-assign-a/src/main/java/edu/auburn/cpsc4970/webapp5a
[32mLaura@DESKTOP-OJAS8R7 [33m~/COMP5970/m5-assign-a/src/main/java/edu/auburn/cpsc4970/webapp5a[0m
$ git status
[?2004l[6n[m[?25hOn branch feature-webapp
Your branch is up to date with 'origin/feature-webapp'.

Changes to be committed:
  (use "git restore --staged <file>..." to unstage)
        [32mmodified:   ../../../../../../../pom.xml[K[m
        [32mnew file:   WebPageController.java[K[m
        [32mnew file:   ../../../../../resources/templates/error.html[K[m
        [32mnew file:   ../../../../../resources/templates/index.html[K[m
        [32mnew file:   ../../../../../resources/templates/login.html[K[m

Untracked files:
  (use "git add <file>..." to include in what will be committed)
        [31m../../../../../../../M5.txt[K[m

[?2004h]0;~/COMP5970/m5-assign-a/src/main/java/edu/auburn/cpsc4970/webapp5a
[32mLaura@DESKTOP-OJAS8R7 [33m~/COMP5970/m5-assign-a/src/main/java/edu/auburn/cpsc4970/webapp5a[0m
$ git commit[K[K[K[K[K[K[K[K[K[Kcd ..
[?2004l[?2004h]0;~/COMP5970/m5-assign-a/src/main/java/edu/auburn/cpsc4970
[32mLaura@DESKTOP-OJAS8R7 [33m~/COMP5970/m5-assign-a/src/main/java/edu/auburn/cpsc4970[0m
$ cd ..
[?2004l[?2004h]0;~/COMP5970/m5-assign-a/src/main/java/edu/auburn
[32mLaura@DESKTOP-OJAS8R7 [33m~/COMP5970/m5-assign-a/src/main/java/edu/auburn[0m
$ cd ..
[?2004l[?2004h]0;~/COMP5970/m5-assign-a/src/main/java/edu
[32mLaura@DESKTOP-OJAS8R7 [33m~/COMP5970/m5-assign-a/src/main/java/edu[0m
$ cd ..
[?2004l[?2004h]0;~/COMP5970/m5-assign-a/src/main/java
[32mLaura@DESKTOP-OJAS8R7 [33m~/COMP5970/m5-assign-a/src/main/java[0m
$ cd ..
[?2004l[?2004h]0;~/COMP5970/m5-assign-a/src/main
[32mLaura@DESKTOP-OJAS8R7 [33m~/COMP5970/m5-assign-a/src/main[0m
$ cd ..
[?2004l[?2004h]0;~/COMP5970/m5-assign-a/src
[32mLaura@DESKTOP-OJAS8R7 [33m~/COMP5970/m5-assign-a/src[0m
$ cd ..
[?2004l[?2004h]0;~/COMP5970/m5-assign-a
[32mLaura@DESKTOP-OJAS8R7 [33m~/COMP5970/m5-assign-a[0m
$ ls
[?2004lM5.txt	README.md  ci_settings.xml  pom.xml  src  target
[?2004h]0;~/COMP5970/m5-assign-a
[32mLaura@DESKTOP-OJAS8R7 [33m~/COMP5970/m5-assign-a[0m
$ git commit -m "initial commit"
[?2004l[6n[m[?25h[feature-webapp cadc79f] initial commit
 5 files changed, 135 insertions(+), 2 deletions(-)
 create mode 100644 src/main/java/edu/auburn/cpsc4970/webapp5a/WebPageController.java
 create mode 100644 src/main/resources/templates/error.html
 create mode 100644 src/main/resources/templates/index.html
 create mode 100644 src/main/resources/templates/login.html
[?2004h]0;~/COMP5970/m5-assign-a
[32mLaura@DESKTOP-OJAS8R7 [33m~/COMP5970/m5-assign-a[0m
$ git push
[?2004l[6n[m[?25hEnumerating objects: 26, done.
Counting objects: 100% (26/26), done.
Delta compression using up to 12 threads
Compressing objects: 100% (12/12), done.
Writing objects: 100% (16/16), 2.35 KiB | 1.17 MiB/s, done.
Total 16 (delta 3), reused 0 (delta 0), pack-reused 0 (from 0)
remote: 
remote: View merge request for feature-webapp:
remote:   https://gitlab.com/sec-sw-const-sum-24-b/students/lgw0020/m5-assign-a/-/merge_requests/1 [24;99H
remote:[1C
To https://gitlab.com/sec-sw-const-sum-24-b/students/lgw0020/m5-assign-a.git
   c927bd7..cadc79f  feature-webapp -> feature-webapp
[?2004h]0;~/COMP5970/m5-assign-a
[32mLaura@DESKTOP-OJAS8R7 [33m~/COMP5970/m5-assign-a[0m
$ git checkout main
[?2004l[6n[m[?25hSwitched to branch 'main'
Your branch is up to date with 'origin/main'.
[?2004h]0;~/COMP5970/m5-assign-a
[32mLaura@DESKTOP-OJAS8R7 [33m~/COMP5970/m5-assign-a[0m
$ git merge feature-webapp
[?2004l[6n[m[?25hUpdating c927bd7..cadc79f
Fast-forward
 pom.xml                                            |  4 [32m+[31m-[m
 .../cpsc4970/webapp5a/WebPageController.java       | 26 [32m++++++[K[m
 src/main/resources/templates/error.html            |  8 [32m++[K[m
 src/main/resources/templates/index.html            |  7 [32m++[K[m
 src/main/resources/templates/login.html            | 92 [32m++++++++++++++++++++++[K[m
 5 files changed, 135 insertions(+), 2 deletions(-)
 create mode 100644 src/main/java/edu/auburn/cpsc4970/webapp5a/WebPageController.java
 create mode 100644 src/main/resources/templates/error.html
 create mode 100644 src/main/resources/templates/index.html
 create mode 100644 src/main/resources/templates/login.html
[?2004h]0;~/COMP5970/m5-assign-a
[32mLaura@DESKTOP-OJAS8R7 [33m~/COMP5970/m5-assign-a[0m
$ gir [K[Kt branch
[?2004l[6n[m[?25h  feature-webapp
* [32mmain[K[?1h[?1l>[m
[?2004h]0;~/COMP5970/m5-assign-a
[32mLaura@DESKTOP-OJAS8R7 [33m~/COMP5970/m5-assign-a[0m
$ git branch pup[K[Kipeline-config
[?2004l[6n[m[?25h[?2004h]0;~/COMP5970/m5-assign-a
[32mLaura@DESKTOP-OJAS8R7 [33m~/COMP5970/m5-assign-a[0m
$ git checkout pipeline-config
[?2004l[6n[m[?25hSwitched to branch 'pipeline-config'
[?2004h]0;~/COMP5970/m5-assign-a
[32mLaura@DESKTOP-OJAS8R7 [33m~/COMP5970/m5-assign-a[0m
$ ls
[?2004lM5.txt	README.md  ci_settings.xml  pom.xml  src  target
[?2004h]0;~/COMP5970/m5-assign-a
[32mLaura@DESKTOP-OJAS8R7 [33m~/COMP5970/m5-assign-a[0m
$ touch .gitlab-ci.yml
[?2004l[?2004h]0;~/COMP5970/m5-assign-a
[32mLaura@DESKTOP-OJAS8R7 [33m~/COMP5970/m5-assign-a[0m
$ git staus[K[K[K[K[Kadd .gitlab-ci.yml
[?2004l[6n[m[?25h[?2004h]0;~/COMP5970/m5-assign-a
[32mLaura@DESKTOP-OJAS8R7 [33m~/COMP5970/m5-assign-a[0m
$ git commit -m "initial commit"[K[K[K[K[K[K[K[K[K[K[K[K[K[K[K[K[K[K[K[K[K[K[K[K[K[K[K push --set-upstream origin pipeline-config
[?2004l[6n[m[?25hTotal 0 (delta 0), reused 0 (delta 0), pack-reused 0 (from 0)
remote: 
remote: To create a merge request for pipeline-config, visit:
remote:   https://gitlab.com/sec-sw-const-sum-24-b/students/lgw0020/m5-assign-a/-/merge_requests/ne
[23;99Hew?merge_request%5Bsource_branch%5D=pipeline-config
remote:[1C
To https://gitlab.com/sec-sw-const-sum-24-b/students/lgw0020/m5-assign-a.git
 * [new branch]      pipeline-config -> pipeline-config
branch 'pipeline-config' set up to track 'origin/pipeline-config'.
[?2004h]0;~/COMP5970/m5-assign-a
[32mLaura@DESKTOP-OJAS8R7 [33m~/COMP5970/m5-assign-a[0m
$ git push
[?2004l[6n[m[?25hEverything up-to-date
[?2004h]0;~/COMP5970/m5-assign-a
[32mLaura@DESKTOP-OJAS8R7 [33m~/COMP5970/m5-assign-a[0m
$ git commit -m "int[Kitial commit"
[?2004l[6n[m[?25h[pipeline-config 4cd72bb] initial commit
 1 file changed, 23 insertions(+)
 create mode 100644 .gitlab-ci.yml
[?2004h]0;~/COMP5970/m5-assign-a
[32mLaura@DESKTOP-OJAS8R7 [33m~/COMP5970/m5-assign-a[0m
$ git push
[?2004l[6n[m[?25hEnumerating objects: 4, done.
Counting objects: 100% (4/4), done.
Delta compression using up to 12 threads
Compressing objects: 100% (3/3), done.
Writing objects: 100% (3/3), 499 bytes | 499.00 KiB/s, done.
Total 3 (delta 1), reused 0 (delta 0), pack-reused 0 (from 0)
remote: 
remote: To create a merge request for pipeline-config, visit:
remote:   https://gitlab.com/sec-sw-const-sum-24-b/students/lgw0020/m5-assign-a/-/merge_requests/ne
[23;99Hew?merge_request%5Bsource_branch%5D=pipeline-config
remote:[1C
To https://gitlab.com/sec-sw-const-sum-24-b/students/lgw0020/m5-assign-a.git
   cadc79f..4cd72bb  pipeline-config -> pipeline-config
[?2004h]0;~/COMP5970/m5-assign-a
[32mLaura@DESKTOP-OJAS8R7 [33m~/COMP5970/m5-assign-a[0m
$  [Kgit branch main
[?2004l[6n[m[?25hfatal: a branch named 'main' already exists
[?2004h]0;~/COMP5970/m5-assign-a
[32mLaura@DESKTOP-OJAS8R7 [33m~/COMP5970/m5-assign-a[0m
$ git b[Kmerge [K[K[K[K[K[K[K[K[K[Kgit checkout main
[?2004l[6n[m[?25hSwitched to branch 'main'
Your branch is ahead of 'origin/main' by 1 commit.
  (use "git push" to publish your local commits)
[?2004h]0;~/COMP5970/m5-assign-a
[32mLaura@DESKTOP-OJAS8R7 [33m~/COMP5970/m5-assign-a[0m
$ git merge pipeline-config
[?2004l[6n[m[?25hUpdating cadc79f..4cd72bb
Fast-forward
 .gitlab-ci.yml | 23 [32m+++++++++++++++++++++++[m
 1 file changed, 23 insertions(+)
 create mode 100644 .gitlab-ci.yml
[?2004h]0;~/COMP5970/m5-assign-a
[32mLaura@DESKTOP-OJAS8R7 [33m~/COMP5970/m5-assign-a[0m
$ mcn [K[K[Kvn clean
[?2004l[6n[m[?25h[[34m[1mINFO[m] Scanning for projects...
[[34m[1mINFO[m] 
[[34m[1mINFO[m] [1m----------------< [36m[22medu.auburn.comp4970:webapp5a-lgw0020[m[1m >----------------[22m[K
[[34m[1mINFO[m] [1mBuilding webapp5a-lgw0020 0.0.1-SNAPSHOT[22m[K
[[34m[1mINFO[m]   from pom.xml[K
[[34m[1mINFO[m] [1m--------------------------------[ war ]---------------------------------[22m[K
[[34m[1mINFO[m] 
[[34m[1mINFO[m] [1m--- [32m[22mclean:3.2.0:clean [m[1m(default-clean)[22m @ [36mwebapp5a-lgw0020[m[1m ---[22m[K
[[34m[1mINFO[m] Deleting C:\cygwin64\home\Laura\COMP5970\m5-assign-a\target
[[34m[1mINFO[m] [1m------------------------------------------------------------------------[22m
[[34m[1mINFO[m] [32m[1mBUILD SUCCESS[m[K
[[34m[1mINFO[m] [1m------------------------------------------------------------------------[22m[K
[[34m[1mINFO[m] Total time:  0.506 s[K
[[34m[1mINFO[m] Finished at: 2024-07-24T21:49:46-05:00[K
[[34m[1mINFO[m] [1m------------------------------------------------------------------------[22m[K
[?2004h]0;~/COMP5970/m5-assign-a
[32mLaura@DESKTOP-OJAS8R7 [33m~/COMP5970/m5-assign-a[0m
$ mvn package
[?2004l[6n[m[?25h[[34m[1mINFO[m] Scanning for projects...
[[34m[1mINFO[m] 
[[34m[1mINFO[m] [1m----------------< [36m[22medu.auburn.comp4970:webapp5a-lgw0020[m[1m >----------------[22m[K
[[34m[1mINFO[m] [1mBuilding webapp5a-lgw0020 0.0.1-SNAPSHOT[22m[K
[[34m[1mINFO[m]   from pom.xml[K
[[34m[1mINFO[m] [1m--------------------------------[ war ]---------------------------------[22m[K
[[33m[1mWARNING[m] 1 problem was encountered while building the effective model for org.javassist:javassist:
[23;99H:jar:3.20.0-GA
[[34m[1mINFO[m] 
[[34m[1mINFO[m] [1m--- [32m[22mresources:3.2.0:resources [m[1m(default-resources)[22m @ [36mwebapp5a-lgw0020[m[1m ---[22m[K
[[34m[1mINFO[m] Using 'UTF-8' encoding to copy filtered resources.
[[34m[1mINFO[m] Using 'UTF-8' encoding to copy filtered properties files.[K
[[34m[1mINFO[m] Copying 1 resource[K
[[34m[1mINFO[m] Copying 7 resources[K
[[34m[1mINFO[m] 
[[34m[1mINFO[m] [1m--- [32m[22mcompiler:3.10.1:compile [m[1m(default-compile)[22m @ [36mwebapp5a-lgw0020[m[1m ---[22m[K
[[34m[1mINFO[m] Changes detected - recompiling the module!
[[34m[1mINFO[m] Compiling 3 source files to C:\cygwin64\home\Laura\COMP5970\m5-assign-a\target\classes      [24;1H
[[34m[1mINFO[m] 
[[34m[1mINFO[m] [1m--- [32m[22mresources:3.2.0:testResources [m[1m(default-testResources)[22m @ [36mwebapp5a-lgw0020[m[1m ---[22m[K
[[34m[1mINFO[m] Using 'UTF-8' encoding to copy filtered resources.[K
[[34m[1mINFO[m] Using 'UTF-8' encoding to copy filtered properties files.[K
[[34m[1mINFO[m] skip non existing resourceDirectory C:\cygwin64\home\Laura\COMP5970\m5-assign-a\src\test\res
[23;99Hsources
[[34m[1mINFO[m][K
[[34m[1mINFO[m] [1m--- [32m[22mcompiler:3.10.1:testCompile [m[1m(default-testCompile)[22m @ [36mwebapp5a-lgw0020[m[1m ---[22m[K
[[34m[1mINFO[m] Changes detected - recompiling the module![K
[[34m[1mINFO[m] Compiling 1 source file to C:\cygwin64\home\Laura\COMP5970\m5-assign-a\target\test-classes
[[34m[1mINFO[m] 
[[34m[1mINFO[m] [1m--- [32m[22msurefire:2.22.2:test [m[1m(default-test)[22m @ [36mwebapp5a-lgw0020[m[1m ---[22m[K
[[34m[1mINFO[m] 
[[34m[1mINFO[m] -------------------------------------------------------[K
[[34m[1mINFO[m]  T E S T S[K
[[34m[1mINFO[m] -------------------------------------------------------[K
[[34m[1mINFO[m] Running edu.auburn.cpsc4970.webapp5a.[1mWebapp5aPwbApplicationTests[22m
21:49:55.952 [main] DEBUG org.springframework.test.context.BootstrapUtils - Instantiating CacheAwar
[23;99HreContextLoaderDelegate from class [org.springframework.test.context.cache.DefaultCacheAwareContextL
[23;99HLoaderDelegate]
21:49:55.960 [main] DEBUG org.springframework.test.context.BootstrapUtils - Instantiating Bootstrap
[23;99HpContext using constructor [public org.springframework.test.context.support.DefaultBootstrapContext(
[23;99H(java.lang.Class,org.springframework.test.context.CacheAwareContextLoaderDelegate)]
21:49:56.000 [main] DEBUG org.springframework.test.context.BootstrapUtils - Instantiating TestConte
[23;99HextBootstrapper for test class [edu.auburn.cpsc4970.webapp5a.Webapp5aPwbApplicationTests] from class
[23;99Hs [org.springframework.boot.test.context.SpringBootTestContextBootstrapper]
21:49:56.012 [main] INFO org.springframework.boot.test.context.SpringBootTestContextBootstrapper - 
[23;99H Neither @ContextConfiguration nor @ContextHierarchy found for test class [edu.auburn.cpsc4970.webap
[23;99Hpp5a.Webapp5aPwbApplicationTests], using SpringBootContextLoader
21:49:56.015 [main] DEBUG org.springframework.test.context.support.AbstractContextLoader - Did not 
[23;99H detect default resource location for test class [edu.auburn.cpsc4970.webapp5a.Webapp5aPwbApplicatio
[23;99HonTests]: class path resource [edu/auburn/cpsc4970/webapp5a/Webapp5aPwbApplicationTests-context.xml]
[23;99H] does not exist
21:49:56.016 [main] DEBUG org.springframework.test.context.support.AbstractContextLoader - Did not 
[23;99H detect default resource location for test class [edu.auburn.cpsc4970.webapp5a.Webapp5aPwbApplicatio
[23;99HonTests]: class path resource [edu/auburn/cpsc4970/webapp5a/Webapp5aPwbApplicationTestsContext.groov
[23;99Hvy] does not exist
21:49:56.016 [main] INFO org.springframework.test.context.support.AbstractContextLoader - Could not
[23;99Ht detect default resource locations for test class [edu.auburn.cpsc4970.webapp5a.Webapp5aPwbApplicat
[23;99HtionTests]: no resource found for suffixes {-context.xml, Context.groovy}.
21:49:56.017 [main] INFO org.springframework.test.context.support.AnnotationConfigContextLoaderUtil
[23;99Hls - Could not detect default configuration classes for test class [edu.auburn.cpsc4970.webapp5a.Web
[23;99Hbapp5aPwbApplicationTests]: Webapp5aPwbApplicationTests does not declare any static, non-private, no
[23;99Hon-final, nested classes annotated with @Configuration.
21:49:56.075 [main] DEBUG org.springframework.test.context.support.ActiveProfilesUtils - Could not 
[23;99H find an 'annotation declaring class' for annotation type [org.springframework.test.context.ActivePr
[23;99Hrofiles] and class [edu.auburn.cpsc4970.webapp5a.Webapp5aPwbApplicationTests]
21:49:56.141 [main] DEBUG org.springframework.context.annotation.ClassPathScanningCandidateComponen
[23;99HntProvider - Identified candidate component class: file [C:\cygwin64\home\Laura\COMP5970\m5-assign-a
[23;99Ha\target\classes\edu\auburn\cpsc4970\webapp5a\SpringBootApplication.class]
21:49:56.150 [main] INFO org.springframework.boot.test.context.SpringBootTestContextBootstrapper - 
[23;99H Found @SpringBootConfiguration edu.auburn.cpsc4970.webapp5a.SpringBootApplication for test class ed
[23;99Hdu.auburn.cpsc4970.webapp5a.Webapp5aPwbApplicationTests
21:49:56.254 [main] DEBUG org.springframework.boot.test.context.SpringBootTestContextBootstrapper -
[23;99H- @TestExecutionListeners is not present for class [edu.auburn.cpsc4970.webapp5a.Webapp5aPwbApplicat
[23;99HtionTests]: using defaults.
21:49:56.254 [main] INFO org.springframework.boot.test.context.SpringBootTestContextBootstrapper - 
[23;99H Loaded default TestExecutionListener class names from location [META-INF/spring.factories]: [org.sp
[23;99Hpringframework.boot.test.mock.mockito.MockitoTestExecutionListener, org.springframework.boot.test.mo
[23;99Hock.mockito.ResetMocksTestExecutionListener, org.springframework.boot.test.autoconfigure.restdocs.Re
[23;99HestDocsTestExecutionListener, org.springframework.boot.test.autoconfigure.web.client.MockRestService
[23;99HeServerResetTestExecutionListener, org.springframework.boot.test.autoconfigure.web.servlet.MockMvcPr
[23;99HrintOnlyOnFailureTestExecutionListener, org.springframework.boot.test.autoconfigure.web.servlet.WebD
[23;99HDriverTestExecutionListener, org.springframework.boot.test.autoconfigure.webservices.client.MockWebS
[23;99HServiceServerTestExecutionListener, org.springframework.test.context.web.ServletTestExecutionListene
[23;99Her, org.springframework.test.context.support.DirtiesContextBeforeModesTestExecutionListener, org.spr
[23;99Hringframework.test.context.event.ApplicationEventsTestExecutionListener, org.springframework.test.co
[23;99Hontext.support.DependencyInjectionTestExecutionListener, org.springframework.test.context.support.Di
[23;99HirtiesContextTestExecutionListener, org.springframework.test.context.transaction.TransactionalTestEx
[23;99HxecutionListener, org.springframework.test.context.jdbc.SqlScriptsTestExecutionListener, org.springf
[23;99Hframework.test.context.event.EventPublishingTestExecutionListener]
21:49:56.265 [main] DEBUG org.springframework.boot.test.context.SpringBootTestContextBootstrapper -
[23;99H- Skipping candidate TestExecutionListener [org.springframework.test.context.transaction.Transaction
[23;99HnalTestExecutionListener] due to a missing dependency. Specify custom listener classes or make the d
[23;99Hdefault listener classes and their required dependencies available. Offending class: [org/springfram
[23;99Hmework/transaction/interceptor/TransactionAttributeSource]
21:49:56.266 [main] DEBUG org.springframework.boot.test.context.SpringBootTestContextBootstrapper -
[23;99H- Skipping candidate TestExecutionListener [org.springframework.test.context.jdbc.SqlScriptsTestExec
[23;99HcutionListener] due to a missing dependency. Specify custom listener classes or make the default lis
[23;99Hstener classes and their required dependencies available. Offending class: [org/springframework/tran
[23;99Hnsaction/interceptor/TransactionAttribute]
21:49:56.266 [main] INFO org.springframework.boot.test.context.SpringBootTestContextBootstrapper - 
[23;99H Using TestExecutionListeners: [org.springframework.test.context.web.ServletTestExecutionListener@82
[23;99H2ea68c, org.springframework.test.context.support.DirtiesContextBeforeModesTestExecutionListener@59e5
[23;99H505b2, org.springframework.test.context.event.ApplicationEventsTestExecutionListener@3af0a9da, org.s
[23;99Hspringframework.boot.test.mock.mockito.MockitoTestExecutionListener@43b9fd5, org.springframework.boo
[23;99Hot.test.autoconfigure.SpringBootDependencyInjectionTestExecutionListener@79dc5318, org.springframewo
[23;99Hork.test.context.support.DirtiesContextTestExecutionListener@8e50104, org.springframework.test.conte
[23;99Hext.event.EventPublishingTestExecutionListener@37e4d7bb, org.springframework.boot.test.mock.mockito.
[23;99H.ResetMocksTestExecutionListener@6f7923a5, org.springframework.boot.test.autoconfigure.restdocs.Rest
[23;99HtDocsTestExecutionListener@74a6f9c1, org.springframework.boot.test.autoconfigure.web.client.MockRest
[23;99HtServiceServerResetTestExecutionListener@54eb2b70, org.springframework.boot.test.autoconfigure.web.s
[23;99Hservlet.MockMvcPrintOnlyOnFailureTestExecutionListener@45a37759, org.springframework.boot.test.autoc
[23;99Hconfigure.web.servlet.WebDriverTestExecutionListener@63611043, org.springframework.boot.test.autocon
[23;99Hnfigure.webservices.client.MockWebServiceServerTestExecutionListener@20ca951f]
21:49:56.268 [main] DEBUG org.springframework.test.context.support.AbstractDirtiesContextTestExecut
[23;99HtionListener - Before test class: context [DefaultTestContext@50de186c testClass = Webapp5aPwbApplic
[23;99HcationTests, testInstance = [null], testMethod = [null], testException = [null], mergedContextConfig
[23;99Hguration = [WebMergedContextConfiguration@3f57bcad testClass = Webapp5aPwbApplicationTests, location
[23;99Hns = '{}', classes = '{class edu.auburn.cpsc4970.webapp5a.SpringBootApplication}', contextInitialize
[23;99HerClasses = '[]', activeProfiles = '{}', propertySourceLocations = '{}', propertySourceProperties = 
[23;99H '{org.springframework.boot.test.context.SpringBootTestContextBootstrapper=true}', contextCustomizer
[23;99Hrs = set[org.springframework.boot.test.context.filter.ExcludeFilterContextCustomizer@79da8dc5, org.s
[23;99Hspringframework.boot.test.json.DuplicateJsonObjectContextCustomizerFactory$DuplicateJsonObjectContex
[23;99HxtCustomizer@696da30b, org.springframework.boot.test.mock.mockito.MockitoContextCustomizer@0, org.sp
[23;99Hpringframework.boot.test.web.client.TestRestTemplateContextCustomizer@693fe6c9, org.springframework.
[23;99H.boot.test.autoconfigure.actuate.metrics.MetricsExportContextCustomizerFactory$DisableMetricExportCo
[23;99HontextCustomizer@10163d6, org.springframework.boot.test.autoconfigure.properties.PropertyMappingCont
[23;99HtextCustomizer@0, org.springframework.boot.test.autoconfigure.web.servlet.WebDriverContextCustomizer
[23;99HrFactory$Customizer@1e683a3e, org.springframework.boot.test.context.SpringBootTestArgs@1, org.spring
[23;99Hgframework.boot.test.context.SpringBootTestWebEnvironment@396f6598], resourceBasePath = 'src/main/we
[23;99Hebapp', contextLoader = 'org.springframework.boot.test.context.SpringBootContextLoader', parent = [n
[23;99Hnull]], attributes = map['org.springframework.test.context.web.ServletTestExecutionListener.activate
[23;99HeListener' -> true]], class annotated with @DirtiesContext [false] with mode [null].

  .   ____          _            __ _ _
 /\\ / ___'_ __ _ _(_)_ __  __ _ \ \ \ \
( ( )\___ | '_ | '_| | '_ \/ _` | \ \ \ \
 \\/  ___)| |_)| | | | | || (_| |  ) ) ) )
  '  |____| .__|_| |_|_| |_\__, | / / / /
 =========|_|==============|___/=/_/_/_/
 :: Spring Boot ::                (v2.7.0)

2024-07-24 21:49:56.607  INFO 19364 --- [           main] e.a.c.w.Webapp5aPwbApplicationTests      
[23;99H : Starting Webapp5aPwbApplicationTests using Java 17.0.1 on DESKTOP-OJAS8R7 with PID 19364 (started
[23;99Hd by Laura in C:\cygwin64\home\Laura\COMP5970\m5-assign-a)
2024-07-24 21:49:56.609  INFO 19364 --- [           main] e.a.c.w.Webapp5aPwbApplicationTests      
[23;99H : No active profile set, falling back to 1 default profile: "default"
2024-07-24 21:49:57.878  INFO 19364 --- [           main] o.s.b.a.w.s.WelcomePageHandlerMapping    
[23;99H : Adding welcome page template: index
2024-07-24 21:49:58.192  INFO 19364 --- [           main] e.a.c.w.Webapp5aPwbApplicationTests      
[23;99H : Started Webapp5aPwbApplicationTests in 1.889 seconds (JVM running for 2.817)
[[34m[1mINFO[m] [32m[1mTests run: 1[m, Failures: 0, Errors: 0, Skipped: 0, Time elapsed: 2.751 s - in edu.auburn.cpsc
[23;99Hc4970.webapp5a.[1mWebapp5aPwbApplicationTests[22m[K
[[34m[1mINFO[m] 
[[34m[1mINFO[m] Results:[K
[[34m[1mINFO[m][K
[[34m[1mINFO[m] [32m[1mTests run: 1, Failures: 0, Errors: 0, Skipped: 0[m[K
[[34m[1mINFO[m][K
[[34m[1mINFO[m][K
[[34m[1mINFO[m] [1m--- [32m[22mwar:3.3.2:war [m[1m(default-war)[22m @ [36mwebapp5a-lgw0020[m[1m ---[22m[K
[[34m[1mINFO[m] Packaging webapp
[[34m[1mINFO[m] Assembling webapp [webapp5a-lgw0020] in [C:\cygwin64\home\Laura\COMP5970\m5-assign-a\target\
[23;99H\webapp5a-lgw0020-0.0.1-SNAPSHOT]
[[34m[1mINFO[m] Processing war project[K
[[34m[1mINFO[m] Building war: C:\cygwin64\home\Laura\COMP5970\m5-assign-a\target\webapp5a-lgw0020-0.0.1-SNAP
[23;99HPSHOT.war
[[34m[1mINFO[m] 
[[34m[1mINFO[m] [1m--- [32m[22mspring-boot:2.7.0:repackage [m[1m(repackage)[22m @ [36mwebapp5a-lgw0020[m[1m ---[22m[K
[[34m[1mINFO[m] Replacing main artifact with repackaged archive
[[34m[1mINFO[m] [1m------------------------------------------------------------------------[22m[K
[[34m[1mINFO[m] [32m[1mBUILD SUCCESS[m[K
[[34m[1mINFO[m] [1m------------------------------------------------------------------------[22m[K
[[34m[1mINFO[m] Total time:  8.642 s[K
[[34m[1mINFO[m] Finished at: 2024-07-24T21:50:00-05:00[K
[[34m[1mINFO[m] [1m------------------------------------------------------------------------[22m[K
[?2004h]0;~/COMP5970/m5-assign-a
[32mLaura@DESKTOP-OJAS8R7 [33m~/COMP5970/m5-assign-a[0m
$ [K$ [K$ [K$ [K$ [K$ mvn test
[?2004l[6n[m[?25h[[34m[1mINFO[m] Scanning for projects...
[[34m[1mINFO[m] 
[[34m[1mINFO[m] [1m----------------< [36m[22medu.auburn.comp4970:webapp5a-lgw0020[m[1m >----------------[22m[K
[[34m[1mINFO[m] [1mBuilding webapp5a-lgw0020 0.0.1-SNAPSHOT[22m[K
[[34m[1mINFO[m]   from pom.xml[K
[[34m[1mINFO[m] [1m--------------------------------[ war ]---------------------------------[22m[K
[[33m[1mWARNING[m] 1 problem was encountered while building the effective model for org.javassist:javassist:jar:3.20.0-GA
[[34m[1mINFO[m] 
[[34m[1mINFO[m] [1m--- [32m[22mresources:3.2.0:resources [m[1m(default-resources)[22m @ [36mwebapp5a-lgw0020[m[1m ---[22m[K
[[34m[1mINFO[m] Using 'UTF-8' encoding to copy filtered resources.
[[34m[1mINFO[m] Using 'UTF-8' encoding to copy filtered properties files.[K
[[34m[1mINFO[m] Copying 1 resource[K
[[34m[1mINFO[m] Copying 7 resources
[[34m[1mINFO[m][K
[[34m[1mINFO[m] [1m--- [32m[22mcompiler:3.10.1:compile [m[1m(default-compile)[22m @ [36mwebapp5a-lgw0020[m[1m ---[22m[K
[[34m[1mINFO[m] Nothing to compile - all classes are up to date
[[34m[1mINFO[m][K
[[34m[1mINFO[m] [1m--- [32m[22mresources:3.2.0:testResources [m[1m(default-testResources)[22m @ [36mwebapp5a-lgw0020[m[1m ---[22m[K
[[34m[1mINFO[m] Using 'UTF-8' encoding to copy filtered resources.[K
[[34m[1mINFO[m] Using 'UTF-8' encoding to copy filtered properties files.[K
[[34m[1mINFO[m] skip non existing resourceDirectory C:\cygwin64\home\Laura\COMP5970\m5-assign-a\src\test\resources[K
[[34m[1mINFO[m][K
[[34m[1mINFO[m] [1m--- [32m[22mcompiler:3.10.1:testCompile [m[1m(default-testCompile)[22m @ [36mwebapp5a-lgw0020[m[1m ---[22m[K
[[34m[1mINFO[m] Nothing to compile - all classes are up to date
[[34m[1mINFO[m][K
[[34m[1mINFO[m] [1m--- [32m[22msurefire:2.22.2:test [m[1m(default-test)[22m @ [36mwebapp5a-lgw0020[m[1m ---[22m[K
[[34m[1mINFO[m] 
[[34m[1mINFO[m] -------------------------------------------------------[K
[[34m[1mINFO[m]  T E S T S[K
[[34m[1mINFO[m] -------------------------------------------------------[K
[[34m[1mINFO[m] Running edu.auburn.cpsc4970.webapp5a.[1mWebapp5aPwbApplicationTests[22m
21:50:44.462 [main] DEBUG org.springframework.test.context.BootstrapUtils - Instantiating CacheAwareContextLoaderDelegate from class [org.springf
[43;145Hframework.test.context.cache.DefaultCacheAwareContextLoaderDelegate]
21:50:44.470 [main] DEBUG org.springframework.test.context.BootstrapUtils - Instantiating BootstrapContext using constructor [public org.springfr
[43;145Hramework.test.context.support.DefaultBootstrapContext(java.lang.Class,org.springframework.test.context.CacheAwareContextLoaderDelegate)]
21:50:44.507 [main] DEBUG org.springframework.test.context.BootstrapUtils - Instantiating TestContextBootstrapper for test class [edu.auburn.cpsc
[43;145Hc4970.webapp5a.Webapp5aPwbApplicationTests] from class [org.springframework.boot.test.context.SpringBootTestContextBootstrapper]
21:50:44.524 [main] INFO org.springframework.boot.test.context.SpringBootTestContextBootstrapper - Neither @ContextConfiguration nor @ContextHier
[43;145Hrarchy found for test class [edu.auburn.cpsc4970.webapp5a.Webapp5aPwbApplicationTests], using SpringBootContextLoader
21:50:44.528 [main] DEBUG org.springframework.test.context.support.AbstractContextLoader - Did not detect default resource location for test clas
[43;145Hss [edu.auburn.cpsc4970.webapp5a.Webapp5aPwbApplicationTests]: class path resource [edu/auburn/cpsc4970/webapp5a/Webapp5aPwbApplicationTests-conte
[43;145Hext.xml] does not exist
21:50:44.528 [main] DEBUG org.springframework.test.context.support.AbstractContextLoader - Did not detect default resource location for test clas
[43;145Hss [edu.auburn.cpsc4970.webapp5a.Webapp5aPwbApplicationTests]: class path resource [edu/auburn/cpsc4970/webapp5a/Webapp5aPwbApplicationTestsContex
[43;145Hxt.groovy] does not exist
21:50:44.528 [main] INFO org.springframework.test.context.support.AbstractContextLoader - Could not detect default resource locations for test cl
[43;145Hlass [edu.auburn.cpsc4970.webapp5a.Webapp5aPwbApplicationTests]: no resource found for suffixes {-context.xml, Context.groovy}.
21:50:44.530 [main] INFO org.springframework.test.context.support.AnnotationConfigContextLoaderUtils - Could not detect default configuration cla
[43;145Hasses for test class [edu.auburn.cpsc4970.webapp5a.Webapp5aPwbApplicationTests]: Webapp5aPwbApplicationTests does not declare any static, non-priv
[43;145Hvate, non-final, nested classes annotated with @Configuration.
21:50:44.577 [main] DEBUG org.springframework.test.context.support.ActiveProfilesUtils - Could not find an 'annotation declaring class' for annot
[43;145Htation type [org.springframework.test.context.ActiveProfiles] and class [edu.auburn.cpsc4970.webapp5a.Webapp5aPwbApplicationTests]
21:50:44.649 [main] DEBUG org.springframework.context.annotation.ClassPathScanningCandidateComponentProvider - Identified candidate component cla
[43;145Hass: file [C:\cygwin64\home\Laura\COMP5970\m5-assign-a\target\classes\edu\auburn\cpsc4970\webapp5a\SpringBootApplication.class]
21:50:44.657 [main] INFO org.springframework.boot.test.context.SpringBootTestContextBootstrapper - Found @SpringBootConfiguration edu.auburn.cpsc
[43;145Hc4970.webapp5a.SpringBootApplication for test class edu.auburn.cpsc4970.webapp5a.Webapp5aPwbApplicationTests
21:50:44.775 [main] DEBUG org.springframework.boot.test.context.SpringBootTestContextBootstrapper - @TestExecutionListeners is not present for cl
[43;145Hlass [edu.auburn.cpsc4970.webapp5a.Webapp5aPwbApplicationTests]: using defaults.
21:50:44.776 [main] INFO org.springframework.boot.test.context.SpringBootTestContextBootstrapper - Loaded default TestExecutionListener class nam
[43;145Hmes from location [META-INF/spring.factories]: [org.springframework.boot.test.mock.mockito.MockitoTestExecutionListener, org.springframework.boot.
[43;145H.test.mock.mockito.ResetMocksTestExecutionListener, org.springframework.boot.test.autoconfigure.restdocs.RestDocsTestExecutionListener, org.spring
[43;145Hgframework.boot.test.autoconfigure.web.client.MockRestServiceServerResetTestExecutionListener, org.springframework.boot.test.autoconfigure.web.ser
[43;145Hrvlet.MockMvcPrintOnlyOnFailureTestExecutionListener, org.springframework.boot.test.autoconfigure.web.servlet.WebDriverTestExecutionListener, org.
[43;145H.springframework.boot.test.autoconfigure.webservices.client.MockWebServiceServerTestExecutionListener, org.springframework.test.context.web.Servle
[43;145HetTestExecutionListener, org.springframework.test.context.support.DirtiesContextBeforeModesTestExecutionListener, org.springframework.test.context
[43;145Ht.event.ApplicationEventsTestExecutionListener, org.springframework.test.context.support.DependencyInjectionTestExecutionListener, org.springframe
[43;145Hework.test.context.support.DirtiesContextTestExecutionListener, org.springframework.test.context.transaction.TransactionalTestExecutionListener, o
[43;145Horg.springframework.test.context.jdbc.SqlScriptsTestExecutionListener, org.springframework.test.context.event.EventPublishingTestExecutionListener
[43;145Hr]
21:50:44.787 [main] DEBUG org.springframework.boot.test.context.SpringBootTestContextBootstrapper - Skipping candidate TestExecutionListener [org
[43;145Hg.springframework.test.context.transaction.TransactionalTestExecutionListener] due to a missing dependency. Specify custom listener classes or mak
[43;145Hke the default listener classes and their required dependencies available. Offending class: [org/springframework/transaction/interceptor/Transacti
[43;145HionAttributeSource]
21:50:44.787 [main] DEBUG org.springframework.boot.test.context.SpringBootTestContextBootstrapper - Skipping candidate TestExecutionListener [org
[43;145Hg.springframework.test.context.jdbc.SqlScriptsTestExecutionListener] due to a missing dependency. Specify custom listener classes or make the defa
[43;145Hault listener classes and their required dependencies available. Offending class: [org/springframework/transaction/interceptor/TransactionAttribut
[43;145Hte]
21:50:44.788 [main] INFO org.springframework.boot.test.context.SpringBootTestContextBootstrapper - Using TestExecutionListeners: [org.springframe
[43;145Hework.test.context.web.ServletTestExecutionListener@14bee915, org.springframework.test.context.support.DirtiesContextBeforeModesTestExecutionListe
[43;145Hener@1115ec15, org.springframework.test.context.event.ApplicationEventsTestExecutionListener@82ea68c, org.springframework.boot.test.mock.mockito.M
[43;145HMockitoTestExecutionListener@59e505b2, org.springframework.boot.test.autoconfigure.SpringBootDependencyInjectionTestExecutionListener@3af0a9da, or
[43;145Hrg.springframework.test.context.support.DirtiesContextTestExecutionListener@43b9fd5, org.springframework.test.context.event.EventPublishingTestExe
[43;145HecutionListener@79dc5318, org.springframework.boot.test.mock.mockito.ResetMocksTestExecutionListener@8e50104, org.springframework.boot.test.autoco
[43;145Honfigure.restdocs.RestDocsTestExecutionListener@37e4d7bb, org.springframework.boot.test.autoconfigure.web.client.MockRestServiceServerResetTestExe
[43;145HecutionListener@6f7923a5, org.springframework.boot.test.autoconfigure.web.servlet.MockMvcPrintOnlyOnFailureTestExecutionListener@74a6f9c1, org.spr
[43;145Hringframework.boot.test.autoconfigure.web.servlet.WebDriverTestExecutionListener@54eb2b70, org.springframework.boot.test.autoconfigure.webservices
[43;145Hs.client.MockWebServiceServerTestExecutionListener@45a37759]
21:50:44.791 [main] DEBUG org.springframework.test.context.support.AbstractDirtiesContextTestExecutionListener - Before test class: context [Defa
[43;145HaultTestContext@457c9034 testClass = Webapp5aPwbApplicationTests, testInstance = [null], testMethod = [null], testException = [null], mergedContex
[43;145HxtConfiguration = [WebMergedContextConfiguration@345f69f3 testClass = Webapp5aPwbApplicationTests, locations = '{}', classes = '{class edu.auburn.
[43;145H.cpsc4970.webapp5a.SpringBootApplication}', contextInitializerClasses = '[]', activeProfiles = '{}', propertySourceLocations = '{}', propertySourc
[43;145HceProperties = '{org.springframework.boot.test.context.SpringBootTestContextBootstrapper=true}', contextCustomizers = set[org.springframework.boot
[43;145Ht.test.context.filter.ExcludeFilterContextCustomizer@11bd0f3b, org.springframework.boot.test.json.DuplicateJsonObjectContextCustomizerFactory$Dupl
[43;145HlicateJsonObjectContextCustomizer@72cde7cc, org.springframework.boot.test.mock.mockito.MockitoContextCustomizer@0, org.springframework.boot.test.w
[43;145Hweb.client.TestRestTemplateContextCustomizer@4e096385, org.springframework.boot.test.autoconfigure.actuate.metrics.MetricsExportContextCustomizerF
[43;145HFactory$DisableMetricExportContextCustomizer@22e357dc, org.springframework.boot.test.autoconfigure.properties.PropertyMappingContextCustomizer@0, 
[43;145H org.springframework.boot.test.autoconfigure.web.servlet.WebDriverContextCustomizerFactory$Customizer@4d02f94e, org.springframework.boot.test.cont
[43;145Htext.SpringBootTestArgs@1, org.springframework.boot.test.context.SpringBootTestWebEnvironment@1f7030a6], resourceBasePath = 'src/main/webapp', con
[43;145HntextLoader = 'org.springframework.boot.test.context.SpringBootContextLoader', parent = [null]], attributes = map['org.springframework.test.contex
[43;145Hxt.web.ServletTestExecutionListener.activateListener' -> true]], class annotated with @DirtiesContext [false] with mode [null].

  .   ____          _            __ _ _
 /\\ / ___'_ __ _ _(_)_ __  __ _ \ \ \ \
( ( )\___ | '_ | '_| | '_ \/ _` | \ \ \ \
 \\/  ___)| |_)| | | | | || (_| |  ) ) ) )
  '  |____| .__|_| |_|_| |_\__, | / / / /
 =========|_|==============|___/=/_/_/_/
 :: Spring Boot ::                (v2.7.0)

2024-07-24 21:50:45.131  INFO 8948 --- [           main] e.a.c.w.Webapp5aPwbApplicationTests      : Starting Webapp5aPwbApplicationTests using Ja
[43;145Hava 17.0.1 on DESKTOP-OJAS8R7 with PID 8948 (started by Laura in C:\cygwin64\home\Laura\COMP5970\m5-assign-a)
2024-07-24 21:50:45.133  INFO 8948 --- [           main] e.a.c.w.Webapp5aPwbApplicationTests      : No active profile set, falling back to 1 defa
[43;145Hault profile: "default"
2024-07-24 21:50:46.294  INFO 8948 --- [           main] o.s.b.a.w.s.WelcomePageHandlerMapping    : Adding welcome page template: index
2024-07-24 21:50:46.583  INFO 8948 --- [           main] e.a.c.w.Webapp5aPwbApplicationTests      : Started Webapp5aPwbApplicationTests in 1.754 
[43;145H seconds (JVM running for 2.647)
[[34m[1mINFO[m] [32m[1mTests run: 1[m, Failures: 0, Errors: 0, Skipped: 0, Time elapsed: 2.612 s - in edu.auburn.cpsc4970.webapp5a.[1mWebapp5aPwbApplicationTests[22m
[[34m[1mINFO[m] 
[[34m[1mINFO[m] Results:[K
[[34m[1mINFO[m][K
[[34m[1mINFO[m] [32m[1mTests run: 1, Failures: 0, Errors: 0, Skipped: 0[m[K
[[34m[1mINFO[m][K
[[34m[1mINFO[m] [1m------------------------------------------------------------------------[22m[K
[[34m[1mINFO[m] [32m[1mBUILD SUCCESS[m[K
[[34m[1mINFO[m] [1m------------------------------------------------------------------------[22m[K
[[34m[1mINFO[m] Total time:  5.657 s[K
[[34m[1mINFO[m] Finished at: 2024-07-24T21:50:47-05:00[K
[[34m[1mINFO[m] [1m------------------------------------------------------------------------[22m[K
[?2004h]0;~/COMP5970/m5-assign-a
[32mLaura@DESKTOP-OJAS8R7 [33m~/COMP5970/m5-assign-a[0m
$ [K$ [K$ [K$ git branch
[?2004l[6n[m[?25h  feature-webapp
* [32mmain[K[m
  pipeline-config[?1h[?1l>
[?2004h]0;~/COMP5970/m5-assign-a
[32mLaura@DESKTOP-OJAS8R7 [33m~/COMP5970/m5-assign-a[0m
$ git branch awa[Ks-ebs-config
[?2004l[6n[m[?25h[?2004h]0;~/COMP5970/m5-assign-a
[32mLaura@DESKTOP-OJAS8R7 [33m~/COMP5970/m5-assign-a[0m
$ git checkout aws-ebs-config
[?2004l[6n[m[?25hSwitched to branch 'aws-ebs-config'
[?2004h]0;~/COMP5970/m5-assign-a
[32mLaura@DESKTOP-OJAS8R7 [33m~/COMP5970/m5-assign-a[0m
$ git push --up[K[Kset-upstream origin 
[?2004l[6n[m[?25hfatal: The current branch aws-ebs-config has no upstream branch.
To push the current branch and set the remote as upstream, use

    git push --set-upstream origin aws-ebs-config

To have this happen automatically for branches without a tracking
upstream, see 'push.autoSetupRemote' in 'git help config'.

[?2004h]0;~/COMP5970/m5-assign-a
[32mLaura@DESKTOP-OJAS8R7 [33m~/COMP5970/m5-assign-a[0m
$ git push --set-upstream origin aws-ebs-config
[?2004l[6n[m[?25hTotal 0 (delta 0), reused 0 (delta 0), pack-reused 0 (from 0)
remote: 
remote: To create a merge request for aws-ebs-config, visit:
remote:   https://gitlab.com/sec-sw-const-sum-24-b/students/lgw0020/m5-assign-a/-
[18;81H-/merge_requests/new?merge_request%5Bsource_branch%5D=aws-ebs-config
remote:[1C[?25l
To https://gitlab.com/sec-sw-const-sum-24-b/students/lgw0020/m5-assign-a.git     [19;77H[?25h
 * [new branch]      aws-ebs-config -> aws-ebs-config
branch 'aws-ebs-config' set up to track 'origin/aws-ebs-config'.
[?2004h]0;~/COMP5970/m5-assign-a
[32mLaura@DESKTOP-OJAS8R7 [33m~/COMP5970/m5-assign-a[0m
$ git status
[?2004l[6n[m[?25hOn branch aws-ebs-config
Your branch is up to date with 'origin/aws-ebs-config'.

Changes not staged for commit:
  (use "git add <file>..." to update what will be committed)
  (use "git restore <file>..." to discard changes in working directory)
        [31mmodified:   .gitlab-ci.yml[K[m

Untracked files:
  (use "git add <file>..." to include in what will be committed)
        [31mM5.txt[K[m

no changes added to commit (use "git add" and/or "git commit -a")
[?2004h]0;~/COMP5970/m5-assign-a
[32mLaura@DESKTOP-OJAS8R7 [33m~/COMP5970/m5-assign-a[0m
$ git add .gitlab-ci.yml
[?2004l[6n[m[?25h[?2004h]0;~/COMP5970/m5-assign-a
[32mLaura@DESKTOP-OJAS8R7 [33m~/COMP5970/m5-assign-a[0m
$ git commit -m "int[Ktial commit"
[?2004l[6n[m[?25h[aws-ebs-config 4c57468] intial commit
 1 file changed, 24 insertions(+), 1 deletion(-)
[?2004h]0;~/COMP5970/m5-assign-a
[32mLaura@DESKTOP-OJAS8R7 [33m~/COMP5970/m5-assign-a[0m
$ git push
[?2004l[6n[m[?25hEnumerating objects: 5, done.
Counting objects: 100% (5/5), done.
Delta compression using up to 12 threads
Compressing objects: 100% (3/3), done.
Writing objects: 100% (3/3), 996 bytes | 996.00 KiB/s, done.
Total 3 (delta 1), reused 0 (delta 0), pack-reused 0 (from 0)
remote: 
remote: To create a merge request for aws-ebs-config, visit:
remote:   https://gitlab.com/sec-sw-const-sum-24-b/students/lgw0020/m5-assign-a/-
[18;81H-/merge_requests/new?merge_request%5Bsource_branch%5D=aws-ebs-config
remote:[1C
To https://gitlab.com/sec-sw-const-sum-24-b/students/lgw0020/m5-assign-a.git
   4cd72bb..4c57468  aws-ebs-config -> aws-ebs-config
[?2004h]0;~/COMP5970/m5-assign-a
[32mLaura@DESKTOP-OJAS8R7 [33m~/COMP5970/m5-assign-a[0m
$ git checkout main
[?2004l[6n[m[?25hSwitched to branch 'main'
Your branch is ahead of 'origin/main' by 2 commits.
  (use "git push" to publish your local commits)
[?2004h]0;~/COMP5970/m5-assign-a
[32mLaura@DESKTOP-OJAS8R7 [33m~/COMP5970/m5-assign-a[0m
$ git merge e[Kaws-ebs-config
[?2004l[6n[m[?25hUpdating 4cd72bb..4c57468
Fast-forward
 .gitlab-ci.yml | 25 [32m++++++++++++++++++++++++[31m-[m
 1 file changed, 24 insertions(+), 1 deletion(-)
[?2004h]0;~/COMP5970/m5-assign-a
[32mLaura@DESKTOP-OJAS8R7 [33m~/COMP5970/m5-assign-a[0m
$ mvn clean
[?2004l[6n[m[?25h[[34m[1mINFO[m] Scanning for projects...
[[34m[1mINFO[m] 
[[34m[1mINFO[m] [1m----------------< [36m[22medu.auburn.comp4970:webapp5a-lgw0020[m[1m >----------------[22m  [19;1H
[[34m[1mINFO[m] [1mBuilding webapp5a-lgw0020 0.0.1-SNAPSHOT[22m[K
[[34m[1mINFO[m]   from pom.xml[K
[[34m[1mINFO[m] [1m--------------------------------[ war ]---------------------------------[22m  [19;1H
[[34m[1mINFO[m] 
[[34m[1mINFO[m] [1m--- [32m[22mclean:3.2.0:clean [m[1m(default-clean)[22m @ [36mwebapp5a-lgw0020[m[1m ---[22m[K
[[34m[1mINFO[m] Deleting C:\cygwin64\home\Laura\COMP5970\m5-assign-a\target
[[34m[1mINFO[m] [1m------------------------------------------------------------------------[22m
[[34m[1mINFO[m] [32m[1mBUILD SUCCESS[m[K
[[34m[1mINFO[m] [1m------------------------------------------------------------------------[22m  [19;1H
[[34m[1mINFO[m] Total time:  0.494 s[K
[[34m[1mINFO[m] Finished at: 2024-07-24T22:01:53-05:00[K
[[34m[1mINFO[m] [1m------------------------------------------------------------------------[22m  [19;1H
[?2004h]0;~/COMP5970/m5-assign-a
[32mLaura@DESKTOP-OJAS8R7 [33m~/COMP5970/m5-assign-a[0m
$ mvn package
[?2004l[6n[m[?25h[[34m[1mINFO[m] Scanning for projects...
[[34m[1mINFO[m] 
[[34m[1mINFO[m] [1m----------------< [36m[22medu.auburn.comp4970:webapp5a-lgw0020[m[1m >----------------[22m  [19;1H
[[34m[1mINFO[m] [1mBuilding webapp5a-lgw0020 0.0.1-SNAPSHOT[22m[K
[[34m[1mINFO[m]   from pom.xml[K
[[34m[1mINFO[m] [1m--------------------------------[ war ]---------------------------------[22m  [19;1H
[[33m[1mWARNING[m] 1 problem was encountered while building the effective model for org.ja
[18;81Havassist:javassist:jar:3.20.0-GA
[[34m[1mINFO[m] 
[[34m[1mINFO[m] [1m--- [32m[22mresources:3.2.0:resources [m[1m(default-resources)[22m @ [36mwebapp5a-lgw0020[m[1m ---[22m  [19;1H
[[34m[1mINFO[m] Using 'UTF-8' encoding to copy filtered resources.
[[34m[1mINFO[m] Using 'UTF-8' encoding to copy filtered properties files.[K
[[34m[1mINFO[m] Copying 1 resource[K
[[34m[1mINFO[m] Copying 7 resources
[[34m[1mINFO[m] 
[[34m[1mINFO[m] [1m--- [32m[22mcompiler:3.10.1:compile [m[1m(default-compile)[22m @ [36mwebapp5a-lgw0020[m[1m ---[22m      [19;1H
[[34m[1mINFO[m] Changes detected - recompiling the module!
[[34m[1mINFO[m] Compiling 3 source files to C:\cygwin64\home\Laura\COMP5970\m5-assign-a\ta
[18;81Harget\classes
[[34m[1mINFO[m] 
[[34m[1mINFO[m] [1m--- [32m[22mresources:3.2.0:testResources [m[1m(default-testResources)[22m @ [36mwebapp5a-lgw00[m
[36m[18;81H020[m[1m ---[36m[22m[K[m
[[34m[1mINFO[m] Using 'UTF-8' encoding to copy filtered resources.[K
[[34m[1mINFO[m] Using 'UTF-8' encoding to copy filtered properties files.[K
[[34m[1mINFO[m] skip non existing resourceDirectory C:\cygwin64\home\Laura\COMP5970\m5-ass
[18;81Hsign-a\src\test\resources
[[34m[1mINFO[m][K
[[34m[1mINFO[m] [1m--- [32m[22mcompiler:3.10.1:testCompile [m[1m(default-testCompile)[22m @ [36mwebapp5a-lgw0020[m[1m -[22m
[1m[18;81H---[22m[K
[[34m[1mINFO[m] Changes detected - recompiling the module![K
[[34m[1mINFO[m] Compiling 1 source file to C:\cygwin64\home\Laura\COMP5970\m5-assign-a\tar
[18;81Hrget\test-classes
[[34m[1mINFO[m] 
[[34m[1mINFO[m] [1m--- [32m[22msurefire:2.22.2:test [m[1m(default-test)[22m @ [36mwebapp5a-lgw0020[m[1m ---[22m[K
[[34m[1mINFO[m] 
[[34m[1mINFO[m] -------------------------------------------------------[K
[[34m[1mINFO[m]  T E S T S[K
[[34m[1mINFO[m] -------------------------------------------------------[K
[[34m[1mINFO[m] Running edu.auburn.cpsc4970.webapp5a.[1mWebapp5aPwbApplicationTests[22m
22:02:02.813 [main] DEBUG org.springframework.test.context.BootstrapUtils - Insta
[18;81Hantiating CacheAwareContextLoaderDelegate from class [org.springframework.test.con
[18;81Hntext.cache.DefaultCacheAwareContextLoaderDelegate]
22:02:02.822 [main] DEBUG org.springframework.test.context.BootstrapUtils - Insta
[18;81Hantiating BootstrapContext using constructor [public org.springframework.test.cont
[18;81Htext.support.DefaultBootstrapContext(java.lang.Class,org.springframework.test.cont
[18;81Htext.CacheAwareContextLoaderDelegate)]
22:02:02.853 [main] DEBUG org.springframework.test.context.BootstrapUtils - Insta
[18;81Hantiating TestContextBootstrapper for test class [edu.auburn.cpsc4970.webapp5a.Web
[18;81Hbapp5aPwbApplicationTests] from class [org.springframework.boot.test.context.Sprin
[18;81HngBootTestContextBootstrapper]
22:02:02.863 [main] INFO org.springframework.boot.test.context.SpringBootTestCont
[18;81HtextBootstrapper - Neither @ContextConfiguration nor @ContextHierarchy found for t
[18;81Htest class [edu.auburn.cpsc4970.webapp5a.Webapp5aPwbApplicationTests], using Sprin
[18;81HngBootContextLoader
22:02:02.866 [main] DEBUG org.springframework.test.context.support.AbstractContex
[18;81HxtLoader - Did not detect default resource location for test class [edu.auburn.cps
[18;81Hsc4970.webapp5a.Webapp5aPwbApplicationTests]: class path resource [edu/auburn/cpsc
[18;81Hc4970/webapp5a/Webapp5aPwbApplicationTests-context.xml] does not exist
22:02:02.866 [main] DEBUG org.springframework.test.context.support.AbstractContex
[18;81HxtLoader - Did not detect default resource location for test class [edu.auburn.cps
[18;81Hsc4970.webapp5a.Webapp5aPwbApplicationTests]: class path resource [edu/auburn/cpsc
[18;81Hc4970/webapp5a/Webapp5aPwbApplicationTestsContext.groovy] does not exist
22:02:02.866 [main] INFO org.springframework.test.context.support.AbstractContext
[18;81HtLoader - Could not detect default resource locations for test class [edu.auburn.c
[18;81Hcpsc4970.webapp5a.Webapp5aPwbApplicationTests]: no resource found for suffixes {-c
[18;81Hcontext.xml, Context.groovy}.
22:02:02.867 [main] INFO org.springframework.test.context.support.AnnotationConfi
[18;81HigContextLoaderUtils - Could not detect default configuration classes for test cla
[18;81Hass [edu.auburn.cpsc4970.webapp5a.Webapp5aPwbApplicationTests]: Webapp5aPwbApplica
[18;81HationTests does not declare any static, non-private, non-final, nested classes ann
[18;81Hnotated with @Configuration.
22:02:02.904 [main] DEBUG org.springframework.test.context.support.ActiveProfiles
[18;81HsUtils - Could not find an 'annotation declaring class' for annotation type [org.s
[18;81Hspringframework.test.context.ActiveProfiles] and class [edu.auburn.cpsc4970.webapp
[18;81Hp5a.Webapp5aPwbApplicationTests]
22:02:02.957 [main] DEBUG org.springframework.context.annotation.ClassPathScannin
[18;81HngCandidateComponentProvider - Identified candidate component class: file [C:\cygw
[18;81Hwin64\home\Laura\COMP5970\m5-assign-a\target\classes\edu\auburn\cpsc4970\webapp5a\
[18;81H\SpringBootApplication.class]
22:02:02.965 [main] INFO org.springframework.boot.test.context.SpringBootTestCont
[18;81HtextBootstrapper - Found @SpringBootConfiguration edu.auburn.cpsc4970.webapp5a.Spr
[18;81HringBootApplication for test class edu.auburn.cpsc4970.webapp5a.Webapp5aPwbApplica
[18;81HationTests
22:02:03.055 [main] DEBUG org.springframework.boot.test.context.SpringBootTestCon
[18;81HntextBootstrapper - @TestExecutionListeners is not present for class [edu.auburn.c
[18;81Hcpsc4970.webapp5a.Webapp5aPwbApplicationTests]: using defaults.
22:02:03.055 [main] INFO org.springframework.boot.test.context.SpringBootTestCont
[18;81HtextBootstrapper - Loaded default TestExecutionListener class names from location 
[18;81H [META-INF/spring.factories]: [org.springframework.boot.test.mock.mockito.MockitoT
[18;81HTestExecutionListener, org.springframework.boot.test.mock.mockito.ResetMocksTestEx
[18;81HxecutionListener, org.springframework.boot.test.autoconfigure.restdocs.RestDocsTes
[18;81HstExecutionListener, org.springframework.boot.test.autoconfigure.web.client.MockRe
[18;81HestServiceServerResetTestExecutionListener, org.springframework.boot.test.autoconf
[18;81Hfigure.web.servlet.MockMvcPrintOnlyOnFailureTestExecutionListener, org.springframe
[18;81Hework.boot.test.autoconfigure.web.servlet.WebDriverTestExecutionListener, org.spri
[18;81Hingframework.boot.test.autoconfigure.webservices.client.MockWebServiceServerTestEx
[18;81HxecutionListener, org.springframework.test.context.web.ServletTestExecutionListene
[18;81Her, org.springframework.test.context.support.DirtiesContextBeforeModesTestExecutio
[18;81HonListener, org.springframework.test.context.event.ApplicationEventsTestExecutionL
[18;81HListener, org.springframework.test.context.support.DependencyInjectionTestExecutio
[18;81HonListener, org.springframework.test.context.support.DirtiesContextTestExecutionLi
[18;81Histener, org.springframework.test.context.transaction.TransactionalTestExecutionLi
[18;81Histener, org.springframework.test.context.jdbc.SqlScriptsTestExecutionListener, or
[18;81Hrg.springframework.test.context.event.EventPublishingTestExecutionListener]       
22:02:03.064 [main] DEBUG org.springframework.boot.test.context.SpringBootTestCon
[18;81HntextBootstrapper - Skipping candidate TestExecutionListener [org.springframework.
[18;81H.test.context.transaction.TransactionalTestExecutionListener] due to a missing dep
[18;81Hpendency. Specify custom listener classes or make the default listener classes and
[18;81Hd their required dependencies available. Offending class: [org/springframework/tra
[18;81Hansaction/interceptor/TransactionAttributeSource]
22:02:03.064 [main] DEBUG org.springframework.boot.test.context.SpringBootTestCon
[18;81HntextBootstrapper - Skipping candidate TestExecutionListener [org.springframework.
[18;81H.test.context.jdbc.SqlScriptsTestExecutionListener] due to a missing dependency. S
[18;81HSpecify custom listener classes or make the default listener classes and their req
[18;81Hquired dependencies available. Offending class: [org/springframework/transaction/i
[18;81Hinterceptor/TransactionAttribute]
22:02:03.064 [main] INFO org.springframework.boot.test.context.SpringBootTestCont
[18;81HtextBootstrapper - Using TestExecutionListeners: [org.springframework.test.context
[18;81Ht.web.ServletTestExecutionListener@14bee915, org.springframework.test.context.supp
[18;81Hport.DirtiesContextBeforeModesTestExecutionListener@1115ec15, org.springframework.
[18;81H.test.context.event.ApplicationEventsTestExecutionListener@82ea68c, org.springfram
[18;81Hmework.boot.test.mock.mockito.MockitoTestExecutionListener@59e505b2, org.springfra
[18;81Hamework.boot.test.autoconfigure.SpringBootDependencyInjectionTestExecutionListener
[18;81Hr@3af0a9da, org.springframework.test.context.support.DirtiesContextTestExecutionLi
[18;81Histener@43b9fd5, org.springframework.test.context.event.EventPublishingTestExecuti
[18;81HionListener@79dc5318, org.springframework.boot.test.mock.mockito.ResetMocksTestExe
[18;81HecutionListener@8e50104, org.springframework.boot.test.autoconfigure.restdocs.Rest
[18;81HtDocsTestExecutionListener@37e4d7bb, org.springframework.boot.test.autoconfigure.w
[18;81Hweb.client.MockRestServiceServerResetTestExecutionListener@6f7923a5, org.springfra
[18;81Hamework.boot.test.autoconfigure.web.servlet.MockMvcPrintOnlyOnFailureTestExecution
[18;81HnListener@74a6f9c1, org.springframework.boot.test.autoconfigure.web.servlet.WebDri
[18;81HiverTestExecutionListener@54eb2b70, org.springframework.boot.test.autoconfigure.we
[18;81Hebservices.client.MockWebServiceServerTestExecutionListener@45a37759]
22:02:03.067 [main] DEBUG org.springframework.test.context.support.AbstractDirtie
[18;81HesContextTestExecutionListener - Before test class: context [DefaultTestContext@45
[18;81H57c9034 testClass = Webapp5aPwbApplicationTests, testInstance = [null], testMethod
[18;81Hd = [null], testException = [null], mergedContextConfiguration = [WebMergedContext
[18;81HtConfiguration@345f69f3 testClass = Webapp5aPwbApplicationTests, locations = '{}',
[18;81H, classes = '{class edu.auburn.cpsc4970.webapp5a.SpringBootApplication}', contextI
[18;81HInitializerClasses = '[]', activeProfiles = '{}', propertySourceLocations = '{}', 
[18;81H propertySourceProperties = '{org.springframework.boot.test.context.SpringBootTest
[18;81HtContextBootstrapper=true}', contextCustomizers = set[org.springframework.boot.tes
[18;81Hst.context.filter.ExcludeFilterContextCustomizer@11bd0f3b, org.springframework.boo
[18;81Hot.test.json.DuplicateJsonObjectContextCustomizerFactory$DuplicateJsonObjectContex
[18;81HxtCustomizer@72cde7cc, org.springframework.boot.test.mock.mockito.MockitoContextCu
[18;81Hustomizer@0, org.springframework.boot.test.web.client.TestRestTemplateContextCusto
[18;81Homizer@4e096385, org.springframework.boot.test.autoconfigure.actuate.metrics.Metri
[18;81HicsExportContextCustomizerFactory$DisableMetricExportContextCustomizer@22e357dc, o
[18;81Horg.springframework.boot.test.autoconfigure.properties.PropertyMappingContextCusto
[18;81Homizer@0, org.springframework.boot.test.autoconfigure.web.servlet.WebDriverContext
[18;81HtCustomizerFactory$Customizer@4d02f94e, org.springframework.boot.test.context.Spri
[18;81HingBootTestArgs@1, org.springframework.boot.test.context.SpringBootTestWebEnvironm
[18;81Hment@1f7030a6], resourceBasePath = 'src/main/webapp', contextLoader = 'org.springf
[18;81Hframework.boot.test.context.SpringBootContextLoader', parent = [null]], attributes
[18;81Hs = map['org.springframework.test.context.web.ServletTestExecutionListener.activat
[18;81HteListener' -> true]], class annotated with @DirtiesContext [false] with mode [nul
[18;81Hll].

  .   ____          _            __ _ _
 /\\ / ___'_ __ _ _(_)_ __  __ _ \ \ \ \
( ( )\___ | '_ | '_| | '_ \/ _` | \ \ \ \
 \\/  ___)| |_)| | | | | || (_| |  ) ) ) )
  '  |____| .__|_| |_|_| |_\__, | / / / /
 =========|_|==============|___/=/_/_/_/
 :: Spring Boot ::                (v2.7.0)

2024-07-24 22:02:03.369  INFO 18916 --- [           main] e.a.c.w.Webapp5aPwbAppl
[18;81HlicationTests      : Starting Webapp5aPwbApplicationTests using Java 17.0.1 on DES
[18;81HSKTOP-OJAS8R7 with PID 18916 (started by Laura in C:\cygwin64\home\Laura\COMP5970\
[18;81H\m5-assign-a)
2024-07-24 22:02:03.371  INFO 18916 --- [           main] e.a.c.w.Webapp5aPwbAppl
[18;81HlicationTests      : No active profile set, falling back to 1 default profile: "de
[18;81Hefault"
2024-07-24 22:02:04.480  INFO 18916 --- [           main] o.s.b.a.w.s.WelcomePage
[18;81HeHandlerMapping    : Adding welcome page template: index
2024-07-24 22:02:04.743  INFO 18916 --- [           main] e.a.c.w.Webapp5aPwbAppl
[18;81HlicationTests      : Started Webapp5aPwbApplicationTests in 1.64 seconds (JVM runn
[18;81Hning for 2.458)
[[34m[1mINFO[m] [32m[1mTests run: 1[m, Failures: 0, Errors: 0, Skipped: 0, Time elapsed: 2.411 s - 
[18;81H in edu.auburn.cpsc4970.webapp5a.[1mWebapp5aPwbApplicationTests[22m[K
[[34m[1mINFO[m] 
[[34m[1mINFO[m] Results:[K
[[34m[1mINFO[m][K
[[34m[1mINFO[m] [32m[1mTests run: 1, Failures: 0, Errors: 0, Skipped: 0[m[K
[[34m[1mINFO[m][K
[[34m[1mINFO[m][K
[[34m[1mINFO[m] [1m--- [32m[22mwar:3.3.2:war [m[1m(default-war)[22m @ [36mwebapp5a-lgw0020[m[1m ---[22m[K
[[34m[1mINFO[m] Packaging webapp
[[34m[1mINFO[m] Assembling webapp [webapp5a-lgw0020] in [C:\cygwin64\home\Laura\COMP5970\m
[18;81Hm5-assign-a\target\webapp5a-lgw0020-0.0.1-SNAPSHOT]
[[34m[1mINFO[m] Processing war project[K
[[34m[1mINFO[m] Building war: C:\cygwin64\home\Laura\COMP5970\m5-assign-a\target\webapp5a-
[18;81H-lgw0020-0.0.1-SNAPSHOT.war
[[34m[1mINFO[m] 
[[34m[1mINFO[m] [1m--- [32m[22mspring-boot:2.7.0:repackage [m[1m(repackage)[22m @ [36mwebapp5a-lgw0020[m[1m ---[22m        [19;1H
[[34m[1mINFO[m] Replacing main artifact with repackaged archive
[[34m[1mINFO[m] [1m------------------------------------------------------------------------[22m  [19;1H
[[34m[1mINFO[m] [32m[1mBUILD SUCCESS[m[K
[[34m[1mINFO[m] [1m------------------------------------------------------------------------[22m  [19;1H
[[34m[1mINFO[m] Total time:  7.639 s[K
[[34m[1mINFO[m] Finished at: 2024-07-24T22:02:07-05:00[K
[[34m[1mINFO[m] [1m------------------------------------------------------------------------[22m  [19;1H
[?2004h]0;~/COMP5970/m5-assign-a
[32mLaura@DESKTOP-OJAS8R7 [33m~/COMP5970/m5-assign-a[0m
$ mvn test
[?2004l[6n[m[?25h[[34m[1mINFO[m] Scanning for projects...
[[34m[1mINFO[m] 
[[34m[1mINFO[m] [1m----------------< [36m[22medu.auburn.comp4970:webapp5a-lgw0020[m[1m >----------------[22m  [19;1H
[[34m[1mINFO[m] [1mBuilding webapp5a-lgw0020 0.0.1-SNAPSHOT[22m[K
[[34m[1mINFO[m]   from pom.xml[K
[[34m[1mINFO[m] [1m--------------------------------[ war ]---------------------------------[22m  [19;1H
[[33m[1mWARNING[m] 1 problem was encountered while building the effective model for org.ja
[18;81Havassist:javassist:jar:3.20.0-GA
[[34m[1mINFO[m] 
[[34m[1mINFO[m] [1m--- [32m[22mresources:3.2.0:resources [m[1m(default-resources)[22m @ [36mwebapp5a-lgw0020[m[1m ---[22m  [19;1H
[[34m[1mINFO[m] Using 'UTF-8' encoding to copy filtered resources.
[[34m[1mINFO[m] Using 'UTF-8' encoding to copy filtered properties files.[K
[[34m[1mINFO[m] Copying 1 resource[K
[[34m[1mINFO[m] Copying 7 resources
[[34m[1mINFO[m][K
[[34m[1mINFO[m] [1m--- [32m[22mcompiler:3.10.1:compile [m[1m(default-compile)[22m @ [36mwebapp5a-lgw0020[m[1m ---[22m      [19;1H
[[34m[1mINFO[m] Nothing to compile - all classes are up to date
[[34m[1mINFO[m][K
[[34m[1mINFO[m] [1m--- [32m[22mresources:3.2.0:testResources [m[1m(default-testResources)[22m @ [36mwebapp5a-lgw00[m
[36m[18;81H020[m[1m ---[36m[22m[K[m
[[34m[1mINFO[m] Using 'UTF-8' encoding to copy filtered resources.[K
[[34m[1mINFO[m] Using 'UTF-8' encoding to copy filtered properties files.[K
[[34m[1mINFO[m] skip non existing resourceDirectory C:\cygwin64\home\Laura\COMP5970\m5-ass
[18;81Hsign-a\src\test\resources
[[34m[1mINFO[m][K
[[34m[1mINFO[m] [1m--- [32m[22mcompiler:3.10.1:testCompile [m[1m(default-testCompile)[22m @ [36mwebapp5a-lgw0020[m[1m -[22m
[1m[18;81H---[22m[K
[[34m[1mINFO[m] Nothing to compile - all classes are up to date
[[34m[1mINFO[m][K
[[34m[1mINFO[m] [1m--- [32m[22msurefire:2.22.2:test [m[1m(default-test)[22m @ [36mwebapp5a-lgw0020[m[1m ---[22m[K
[[34m[1mINFO[m] 
[[34m[1mINFO[m] -------------------------------------------------------[K
[[34m[1mINFO[m]  T E S T S[K
[[34m[1mINFO[m] -------------------------------------------------------[K
[[34m[1mINFO[m] Running edu.auburn.cpsc4970.webapp5a.[1mWebapp5aPwbApplicationTests[22m
22:02:14.699 [main] DEBUG org.springframework.test.context.BootstrapUtils - Insta
[18;81Hantiating CacheAwareContextLoaderDelegate from class [org.springframework.test.con
[18;81Hntext.cache.DefaultCacheAwareContextLoaderDelegate]
22:02:14.706 [main] DEBUG org.springframework.test.context.BootstrapUtils - Insta
[18;81Hantiating BootstrapContext using constructor [public org.springframework.test.cont
[18;81Htext.support.DefaultBootstrapContext(java.lang.Class,org.springframework.test.cont
[18;81Htext.CacheAwareContextLoaderDelegate)]
22:02:14.740 [main] DEBUG org.springframework.test.context.BootstrapUtils - Insta
[18;81Hantiating TestContextBootstrapper for test class [edu.auburn.cpsc4970.webapp5a.Web
[18;81Hbapp5aPwbApplicationTests] from class [org.springframework.boot.test.context.Sprin
[18;81HngBootTestContextBootstrapper]
22:02:14.750 [main] INFO org.springframework.boot.test.context.SpringBootTestCont
[18;81HtextBootstrapper - Neither @ContextConfiguration nor @ContextHierarchy found for t
[18;81Htest class [edu.auburn.cpsc4970.webapp5a.Webapp5aPwbApplicationTests], using Sprin
[18;81HngBootContextLoader
22:02:14.753 [main] DEBUG org.springframework.test.context.support.AbstractContex
[18;81HxtLoader - Did not detect default resource location for test class [edu.auburn.cps
[18;81Hsc4970.webapp5a.Webapp5aPwbApplicationTests]: class path resource [edu/auburn/cpsc
[18;81Hc4970/webapp5a/Webapp5aPwbApplicationTests-context.xml] does not exist
22:02:14.754 [main] DEBUG org.springframework.test.context.support.AbstractContex
[18;81HxtLoader - Did not detect default resource location for test class [edu.auburn.cps
[18;81Hsc4970.webapp5a.Webapp5aPwbApplicationTests]: class path resource [edu/auburn/cpsc
[18;81Hc4970/webapp5a/Webapp5aPwbApplicationTestsContext.groovy] does not exist
22:02:14.754 [main] INFO org.springframework.test.context.support.AbstractContext
[18;81HtLoader - Could not detect default resource locations for test class [edu.auburn.c
[18;81Hcpsc4970.webapp5a.Webapp5aPwbApplicationTests]: no resource found for suffixes {-c
[18;81Hcontext.xml, Context.groovy}.
22:02:14.754 [main] INFO org.springframework.test.context.support.AnnotationConfi
[18;81HigContextLoaderUtils - Could not detect default configuration classes for test cla
[18;81Hass [edu.auburn.cpsc4970.webapp5a.Webapp5aPwbApplicationTests]: Webapp5aPwbApplica
[18;81HationTests does not declare any static, non-private, non-final, nested classes ann
[18;81Hnotated with @Configuration.
22:02:14.795 [main] DEBUG org.springframework.test.context.support.ActiveProfiles
[18;81HsUtils - Could not find an 'annotation declaring class' for annotation type [org.s
[18;81Hspringframework.test.context.ActiveProfiles] and class [edu.auburn.cpsc4970.webapp
[18;81Hp5a.Webapp5aPwbApplicationTests]
22:02:14.856 [main] DEBUG org.springframework.context.annotation.ClassPathScannin
[18;81HngCandidateComponentProvider - Identified candidate component class: file [C:\cygw
[18;81Hwin64\home\Laura\COMP5970\m5-assign-a\target\classes\edu\auburn\cpsc4970\webapp5a\
[18;81H\SpringBootApplication.class]
22:02:14.867 [main] INFO org.springframework.boot.test.context.SpringBootTestCont
[18;81HtextBootstrapper - Found @SpringBootConfiguration edu.auburn.cpsc4970.webapp5a.Spr
[18;81HringBootApplication for test class edu.auburn.cpsc4970.webapp5a.Webapp5aPwbApplica
[18;81HationTests
22:02:14.953 [main] DEBUG org.springframework.boot.test.context.SpringBootTestCon
[18;81HntextBootstrapper - @TestExecutionListeners is not present for class [edu.auburn.c
[18;81Hcpsc4970.webapp5a.Webapp5aPwbApplicationTests]: using defaults.
22:02:14.953 [main] INFO org.springframework.boot.test.context.SpringBootTestCont
[18;81HtextBootstrapper - Loaded default TestExecutionListener class names from location 
[18;81H [META-INF/spring.factories]: [org.springframework.boot.test.mock.mockito.MockitoT
[18;81HTestExecutionListener, org.springframework.boot.test.mock.mockito.ResetMocksTestEx
[18;81HxecutionListener, org.springframework.boot.test.autoconfigure.restdocs.RestDocsTes
[18;81HstExecutionListener, org.springframework.boot.test.autoconfigure.web.client.MockRe
[18;81HestServiceServerResetTestExecutionListener, org.springframework.boot.test.autoconf
[18;81Hfigure.web.servlet.MockMvcPrintOnlyOnFailureTestExecutionListener, org.springframe
[18;81Hework.boot.test.autoconfigure.web.servlet.WebDriverTestExecutionListener, org.spri
[18;81Hingframework.boot.test.autoconfigure.webservices.client.MockWebServiceServerTestEx
[18;81HxecutionListener, org.springframework.test.context.web.ServletTestExecutionListene
[18;81Her, org.springframework.test.context.support.DirtiesContextBeforeModesTestExecutio
[18;81HonListener, org.springframework.test.context.event.ApplicationEventsTestExecutionL
[18;81HListener, org.springframework.test.context.support.DependencyInjectionTestExecutio
[18;81HonListener, org.springframework.test.context.support.DirtiesContextTestExecutionLi
[18;81Histener, org.springframework.test.context.transaction.TransactionalTestExecutionLi
[18;81Histener, org.springframework.test.context.jdbc.SqlScriptsTestExecutionListener, or
[18;81Hrg.springframework.test.context.event.EventPublishingTestExecutionListener]       
22:02:14.962 [main] DEBUG org.springframework.boot.test.context.SpringBootTestCon
[18;81HntextBootstrapper - Skipping candidate TestExecutionListener [org.springframework.
[18;81H.test.context.transaction.TransactionalTestExecutionListener] due to a missing dep
[18;81Hpendency. Specify custom listener classes or make the default listener classes and
[18;81Hd their required dependencies available. Offending class: [org/springframework/tra
[18;81Hansaction/interceptor/TransactionAttributeSource]
22:02:14.962 [main] DEBUG org.springframework.boot.test.context.SpringBootTestCon
[18;81HntextBootstrapper - Skipping candidate TestExecutionListener [org.springframework.
[18;81H.test.context.jdbc.SqlScriptsTestExecutionListener] due to a missing dependency. S
[18;81HSpecify custom listener classes or make the default listener classes and their req
[18;81Hquired dependencies available. Offending class: [org/springframework/transaction/i
[18;81Hinterceptor/TransactionAttribute]
22:02:14.962 [main] INFO org.springframework.boot.test.context.SpringBootTestCont
[18;81HtextBootstrapper - Using TestExecutionListeners: [org.springframework.test.context
[18;81Ht.web.ServletTestExecutionListener@14bee915, org.springframework.test.context.supp
[18;81Hport.DirtiesContextBeforeModesTestExecutionListener@1115ec15, org.springframework.
[18;81H.test.context.event.ApplicationEventsTestExecutionListener@82ea68c, org.springfram
[18;81Hmework.boot.test.mock.mockito.MockitoTestExecutionListener@59e505b2, org.springfra
[18;81Hamework.boot.test.autoconfigure.SpringBootDependencyInjectionTestExecutionListener
[18;81Hr@3af0a9da, org.springframework.test.context.support.DirtiesContextTestExecutionLi
[18;81Histener@43b9fd5, org.springframework.test.context.event.EventPublishingTestExecuti
[18;81HionListener@79dc5318, org.springframework.boot.test.mock.mockito.ResetMocksTestExe
[18;81HecutionListener@8e50104, org.springframework.boot.test.autoconfigure.restdocs.Rest
[18;81HtDocsTestExecutionListener@37e4d7bb, org.springframework.boot.test.autoconfigure.w
[18;81Hweb.client.MockRestServiceServerResetTestExecutionListener@6f7923a5, org.springfra
[18;81Hamework.boot.test.autoconfigure.web.servlet.MockMvcPrintOnlyOnFailureTestExecution
[18;81HnListener@74a6f9c1, org.springframework.boot.test.autoconfigure.web.servlet.WebDri
[18;81HiverTestExecutionListener@54eb2b70, org.springframework.boot.test.autoconfigure.we
[18;81Hebservices.client.MockWebServiceServerTestExecutionListener@45a37759]
22:02:14.965 [main] DEBUG org.springframework.test.context.support.AbstractDirtie
[18;81HesContextTestExecutionListener - Before test class: context [DefaultTestContext@45
[18;81H57c9034 testClass = Webapp5aPwbApplicationTests, testInstance = [null], testMethod
[18;81Hd = [null], testException = [null], mergedContextConfiguration = [WebMergedContext
[18;81HtConfiguration@345f69f3 testClass = Webapp5aPwbApplicationTests, locations = '{}',
[18;81H, classes = '{class edu.auburn.cpsc4970.webapp5a.SpringBootApplication}', contextI
[18;81HInitializerClasses = '[]', activeProfiles = '{}', propertySourceLocations = '{}', 
[18;81H propertySourceProperties = '{org.springframework.boot.test.context.SpringBootTest
[18;81HtContextBootstrapper=true}', contextCustomizers = set[org.springframework.boot.tes
[18;81Hst.context.filter.ExcludeFilterContextCustomizer@11bd0f3b, org.springframework.boo
[18;81Hot.test.json.DuplicateJsonObjectContextCustomizerFactory$DuplicateJsonObjectContex
[18;81HxtCustomizer@72cde7cc, org.springframework.boot.test.mock.mockito.MockitoContextCu
[18;81Hustomizer@0, org.springframework.boot.test.web.client.TestRestTemplateContextCusto
[18;81Homizer@4e096385, org.springframework.boot.test.autoconfigure.actuate.metrics.Metri
[18;81HicsExportContextCustomizerFactory$DisableMetricExportContextCustomizer@22e357dc, o
[18;81Horg.springframework.boot.test.autoconfigure.properties.PropertyMappingContextCusto
[18;81Homizer@0, org.springframework.boot.test.autoconfigure.web.servlet.WebDriverContext
[18;81HtCustomizerFactory$Customizer@4d02f94e, org.springframework.boot.test.context.Spri
[18;81HingBootTestArgs@1, org.springframework.boot.test.context.SpringBootTestWebEnvironm
[18;81Hment@1f7030a6], resourceBasePath = 'src/main/webapp', contextLoader = 'org.springf
[18;81Hframework.boot.test.context.SpringBootContextLoader', parent = [null]], attributes
[18;81Hs = map['org.springframework.test.context.web.ServletTestExecutionListener.activat
[18;81HteListener' -> true]], class annotated with @DirtiesContext [false] with mode [nul
[18;81Hll].

  .   ____          _            __ _ _
 /\\ / ___'_ __ _ _(_)_ __  __ _ \ \ \ \
( ( )\___ | '_ | '_| | '_ \/ _` | \ \ \ \
 \\/  ___)| |_)| | | | | || (_| |  ) ) ) )
  '  |____| .__|_| |_|_| |_\__, | / / / /
 =========|_|==============|___/=/_/_/_/
 :: Spring Boot ::                (v2.7.0)

2024-07-24 22:02:15.274  INFO 17540 --- [           main] e.a.c.w.Webapp5aPwbAppl
[18;81HlicationTests      : Starting Webapp5aPwbApplicationTests using Java 17.0.1 on DES
[18;81HSKTOP-OJAS8R7 with PID 17540 (started by Laura in C:\cygwin64\home\Laura\COMP5970\
[18;81H\m5-assign-a)
2024-07-24 22:02:15.275  INFO 17540 --- [           main] e.a.c.w.Webapp5aPwbAppl
[18;81HlicationTests      : No active profile set, falling back to 1 default profile: "de
[18;81Hefault"
2024-07-24 22:02:16.401  INFO 17540 --- [           main] o.s.b.a.w.s.WelcomePage
[18;81HeHandlerMapping    : Adding welcome page template: index
2024-07-24 22:02:16.665  INFO 17540 --- [           main] e.a.c.w.Webapp5aPwbAppl
[18;81HlicationTests      : Started Webapp5aPwbApplicationTests in 1.668 seconds (JVM run
[18;81Hnning for 2.496)
[[34m[1mINFO[m] [32m[1mTests run: 1[m, Failures: 0, Errors: 0, Skipped: 0, Time elapsed: 2.414 s - 
[18;81H in edu.auburn.cpsc4970.webapp5a.[1mWebapp5aPwbApplicationTests[22m[K
[[34m[1mINFO[m] 
[[34m[1mINFO[m] Results:[K
[[34m[1mINFO[m][K
[[34m[1mINFO[m] [32m[1mTests run: 1, Failures: 0, Errors: 0, Skipped: 0[m[K
[[34m[1mINFO[m][K
[[34m[1mINFO[m] [1m------------------------------------------------------------------------[22m  [19;1H
[[34m[1mINFO[m] [32m[1mBUILD SUCCESS[m[K
[[34m[1mINFO[m] [1m------------------------------------------------------------------------[22m  [19;1H
[[34m[1mINFO[m] Total time:  5.240 s[K
[[34m[1mINFO[m] Finished at: 2024-07-24T22:02:17-05:00[K
[[34m[1mINFO[m] [1m------------------------------------------------------------------------[22m  [19;1H
[?2004h]0;~/COMP5970/m5-assign-a
[32mLaura@DESKTOP-OJAS8R7 [33m~/COMP5970/m5-assign-a[0m
$ mvn testpackage[2Pclean[C[Cgit merge aws-ebs-config[C[C[C[C[C[C[7Pcheckout main[C[C[C[C[C[Cpush[Kcommit -m "intial commit"[C[C[C[C[C[C[7Padd .gitlab-ci.yml[C[C[C[C[C[C[12Pstatusadd .gitlab-ci.yml[C[C[C[C[C[Ccommit -m "intial commit"[C[C[C[C[C[C[7Padd .gitlab-ci.yml[C[C[C[C[C[C[12Pstatuspush --set-upstream origin aws-ebs-config[K[C[C[C[C[C[C[4Pcheckout aws-ebs-config[C[C[C[C[C[C[2Pbranch[C[C[C[C[C[C[C[C[C[C[C[C[C[C[C[C[C[C[C[C[C[C[C[C[C[C[C[K[C[C[2Pmvn testpackage[2Pclean[C[Cgit merge pipeline-config[C[C[C[C[C[C[8Pcheckout main[C[C[C[C[C[C[2Pbranch[C[C[C[C[C[C[C[C[C[C[C[7Ppushcommit -m "initial commit"[C[C[C[C[C[Cpush[K --set-upstream origin pipeline-config[C[C[C[C[C[C[24Padd .gitlab-ci.yml[C[C[2Ptouch[C[C[C[C[C[C[C[C[C[C[C[C[C[C[C[C[Cls[Kgit checkout pipeline-config[C[C[C[C[C[C[2Pbranch[C[C[C[C[C[C[C[C[C[C[C[C[C[C[C[C[C[C[C[C[C[C[C[C[C[C[C[C[Kmerge feature-webapp[C[C[C[C[C[C[7Pcheckout main[C[C[C[C[C[Cpush[Kcommit -m "initial commit"[C[Cls[Kcd ..[C[Cgit statusadd WebPageController.java[C[C[C[C[C[Cstatus[K[C[Cls[Klscd main/java/edu/auburn/cpsc4970/webapp5a[C[Cls[Kcd ..[C[Cgit statusadd error.htmllogin.htmlindex.html[C[Cls[Kcd src/main/resources/templates/index.html[C[C[27Pgit add pom.xml[C[C[C[C[C[C[5Pbranchadd pom.xml[C[C[C[C[C[C[5Pbranchstatus[C[Cmvn spring-boot:run[C[C[C[C[C[C[8Ppackagespring-boot:run
[?2004l[6n[m[?25h[[34m[1mINFO[m] Scanning for projects...
[[34m[1mINFO[m] 
[[34m[1mINFO[m] [1m----------------< [36m[22medu.auburn.comp4970:webapp5a-lgw0020[m[1m >----------------[22m  [19;1H
[[34m[1mINFO[m] [1mBuilding webapp5a-lgw0020 0.0.1-SNAPSHOT[22m[K
[[34m[1mINFO[m]   from pom.xml[K
[[34m[1mINFO[m] [1m--------------------------------[ war ]---------------------------------[22m  [19;1H
[[34m[1mINFO[m] 
[[34m[1mINFO[m] [1m>>> [32m[22mspring-boot:2.7.0:run [m[1m(default-cli) > test-compile[22m @ [36mwebapp5a-lgw0020[m[1m [22m
[1m[18;81H >>>[22m[K
[[33m[1mWARNING[m] 1 problem was encountered while building the effective model for org.ja
[18;81Havassist:javassist:jar:3.20.0-GA
[[34m[1mINFO[m] 
[[34m[1mINFO[m] [1m--- [32m[22mresources:3.2.0:resources [m[1m(default-resources)[22m @ [36mwebapp5a-lgw0020[m[1m ---[22m  [19;1H
[[34m[1mINFO[m] Using 'UTF-8' encoding to copy filtered resources.
[[34m[1mINFO[m] Using 'UTF-8' encoding to copy filtered properties files.[K
[[34m[1mINFO[m] Copying 1 resource[K
[[34m[1mINFO[m] Copying 7 resources
[[34m[1mINFO[m][K
[[34m[1mINFO[m] [1m--- [32m[22mcompiler:3.10.1:compile [m[1m(default-compile)[22m @ [36mwebapp5a-lgw0020[m[1m ---[22m      [19;1H
[[34m[1mINFO[m] Nothing to compile - all classes are up to date
[[34m[1mINFO[m][K
[[34m[1mINFO[m] [1m--- [32m[22mresources:3.2.0:testResources [m[1m(default-testResources)[22m @ [36mwebapp5a-lgw00[m
[36m[18;81H020[m[1m ---[36m[22m[K[m
[[34m[1mINFO[m] Using 'UTF-8' encoding to copy filtered resources.[K
[[34m[1mINFO[m] Using 'UTF-8' encoding to copy filtered properties files.[K
[[34m[1mINFO[m] skip non existing resourceDirectory C:\cygwin64\home\Laura\COMP5970\m5-ass
[18;81Hsign-a\src\test\resources
[[34m[1mINFO[m][K
[[34m[1mINFO[m] [1m--- [32m[22mcompiler:3.10.1:testCompile [m[1m(default-testCompile)[22m @ [36mwebapp5a-lgw0020[m[1m -[22m
[1m[18;81H---[22m[K
[[34m[1mINFO[m] Nothing to compile - all classes are up to date
[[34m[1mINFO[m][K
[[34m[1mINFO[m] [1m<<< [32m[22mspring-boot:2.7.0:run [m[1m(default-cli) < test-compile[22m @ [36mwebapp5a-lgw0020[m[1m [22m
[1m[18;81H <<<[22m[K
[[34m[1mINFO[m][K
[[34m[1mINFO[m][K
[[34m[1mINFO[m] [1m--- [32m[22mspring-boot:2.7.0:run [m[1m(default-cli)[22m @ [36mwebapp5a-lgw0020[m[1m ---[22m[K
[[34m[1mINFO[m] Attaching agents: []

  .   ____          _            __ _ _
 /\\ / ___'_ __ _ _(_)_ __  __ _ \ \ \ \
( ( )\___ | '_ | '_| | '_ \/ _` | \ \ \ \
 \\/  ___)| |_)| | | | | || (_| |  ) ) ) )
  '  |____| .__|_| |_|_| |_\__, | / / / /
 =========|_|==============|___/=/_/_/_/
 :: Spring Boot ::                (v2.7.0)

2024-07-24 22:02:51.234  INFO 24556 --- [           main] e.a.c.webapp5a.SpringBo
[18;81HootApplication     : Starting SpringBootApplication using Java 17.0.1 on DESKTOP-O
[18;81HOJAS8R7 with PID 24556 (C:\cygwin64\home\Laura\COMP5970\m5-assign-a\target\classes
[18;81Hs started by Laura in C:\cygwin64\home\Laura\COMP5970\m5-assign-a)
2024-07-24 22:02:51.237  INFO 24556 --- [           main] e.a.c.webapp5a.SpringBo
[18;81HootApplication     : No active profile set, falling back to 1 default profile: "de
[18;81Hefault"
2024-07-24 22:02:51.979  INFO 24556 --- [           main] o.s.b.w.embedded.tomcat
[18;81Ht.TomcatWebServer  : Tomcat initialized with port(s): 8080 (http)
2024-07-24 22:02:51.986  INFO 24556 --- [           main] o.apache.catalina.core.
[18;81H.StandardService   : Starting service [Tomcat]
2024-07-24 22:02:51.986  INFO 24556 --- [           main] org.apache.catalina.cor
[18;81Hre.StandardEngine  : Starting Servlet engine: [Apache Tomcat/9.0.63]
2024-07-24 22:02:52.062  INFO 24556 --- [           main] o.a.c.c.C.[Tomcat].[loc
[18;81Hcalhost].[/]       : Initializing Spring embedded WebApplicationContext
2024-07-24 22:02:52.063  INFO 24556 --- [           main] w.s.c.ServletWebServerA
[18;81HApplicationContext : Root WebApplicationContext: initialization completed in 785 m
[18;81Hms
2024-07-24 22:02:52.220  INFO 24556 --- [           main] o.s.b.a.w.s.WelcomePage
[18;81HeHandlerMapping    : Adding welcome page template: index
2024-07-24 22:02:52.327  INFO 24556 --- [           main] o.s.b.w.embedded.tomcat
[18;81Ht.TomcatWebServer  : Tomcat started on port(s): 8080 (http) with context path ''  
2024-07-24 22:02:52.334  INFO 24556 --- [           main] e.a.c.webapp5a.SpringBo
[18;81HootApplication     : Started SpringBootApplication in 1.425 seconds (JVM running f
[18;81Hfor 1.683)
2024-07-24 22:03:54.300  INFO 24556 --- [nio-8080-exec-1] o.a.c.c.C.[Tomcat].[loc
[18;81Hcalhost].[/]       : Initializing Spring DispatcherServlet 'dispatcherServlet'    
2024-07-24 22:03:54.300  INFO 24556 --- [nio-8080-exec-1] o.s.web.servlet.Dispatc
[18;81HcherServlet        : Initializing Servlet 'dispatcherServlet'
2024-07-24 22:03:54.300  INFO 24556 --- [nio-8080-exec-1] o.s.web.servlet.Dispatc
[18;81HcherServlet        : Completed initialization in 0 ms

[?2004h]0;~/COMP5970/m5-assign-a
[32mLaura@DESKTOP-OJAS8R7 [33m~/COMP5970/m5-assign-a[0m
$ [[34m[1mINFO[m] [1m------------------------------------------------------------------------[22m
[[34m[1mINFO[m] [32m[1mBUILD SUCCESS[m[K
[[34m[1mINFO[m] [1m------------------------------------------------------------------------[22m  [19;1H
[[34m[1mINFO[m] Total time:  04:22 min[K
[[34m[1mINFO[m] Finished at: 2024-07-24T22:07:11-05:00[K
[[34m[1mINFO[m] [1m------------------------------------------------------------------------[22m  [19;1H
mvn package
[?2004l[6n[m[?25h[[34m[1mINFO[m] Scanning for projects...
[[34m[1mINFO[m] 
[[34m[1mINFO[m] [1m----------------< [36m[22medu.auburn.comp4970:webapp5a-lgw0020[m[1m >----------------[22m  [19;1H
[[34m[1mINFO[m] [1mBuilding webapp5a-lgw0020 0.0.1-SNAPSHOT[22m[K
[[34m[1mINFO[m]   from pom.xml[K
[[34m[1mINFO[m] [1m--------------------------------[ war ]---------------------------------[22m  [19;1H
[[33m[1mWARNING[m] 1 problem was encountered while building the effective model for org.ja
[18;81Havassist:javassist:jar:3.20.0-GA
[[34m[1mINFO[m] 
[[34m[1mINFO[m] [1m--- [32m[22mresources:3.2.0:resources [m[1m(default-resources)[22m @ [36mwebapp5a-lgw0020[m[1m ---[22m  [19;1H
[[34m[1mINFO[m] Using 'UTF-8' encoding to copy filtered resources.
[[34m[1mINFO[m] Using 'UTF-8' encoding to copy filtered properties files.[K
[[34m[1mINFO[m] Copying 1 resource[K
[[34m[1mINFO[m] Copying 7 resources
[[34m[1mINFO[m][K
[[34m[1mINFO[m] [1m--- [32m[22mcompiler:3.10.1:compile [m[1m(default-compile)[22m @ [36mwebapp5a-lgw0020[m[1m ---[22m      [19;1H
[[34m[1mINFO[m] Nothing to compile - all classes are up to date
[[34m[1mINFO[m][K
[[34m[1mINFO[m] [1m--- [32m[22mresources:3.2.0:testResources [m[1m(default-testResources)[22m @ [36mwebapp5a-lgw00[m
[36m[18;81H020[m[1m ---[36m[22m[K[m
[[34m[1mINFO[m] Using 'UTF-8' encoding to copy filtered resources.[K
[[34m[1mINFO[m] Using 'UTF-8' encoding to copy filtered properties files.[K
[[34m[1mINFO[m] skip non existing resourceDirectory C:\cygwin64\home\Laura\COMP5970\m5-ass
[18;81Hsign-a\src\test\resources
[[34m[1mINFO[m][K
[[34m[1mINFO[m] [1m--- [32m[22mcompiler:3.10.1:testCompile [m[1m(default-testCompile)[22m @ [36mwebapp5a-lgw0020[m[1m -[22m
[1m[18;81H---[22m[K
[[34m[1mINFO[m] Nothing to compile - all classes are up to date
[[34m[1mINFO[m][K
[[34m[1mINFO[m] [1m--- [32m[22msurefire:2.22.2:test [m[1m(default-test)[22m @ [36mwebapp5a-lgw0020[m[1m ---[22m[K
[[34m[1mINFO[m] 
[[34m[1mINFO[m] -------------------------------------------------------[K
[[34m[1mINFO[m]  T E S T S[K
[[34m[1mINFO[m] -------------------------------------------------------[K
[[34m[1mINFO[m] Running edu.auburn.cpsc4970.webapp5a.[1mWebapp5aPwbApplicationTests[22m
22:16:54.022 [main] DEBUG org.springframework.test.context.BootstrapUtils - Insta
[18;81Hantiating CacheAwareContextLoaderDelegate from class [org.springframework.test.con
[18;81Hntext.cache.DefaultCacheAwareContextLoaderDelegate]
22:16:54.031 [main] DEBUG org.springframework.test.context.BootstrapUtils - Insta
[18;81Hantiating BootstrapContext using constructor [public org.springframework.test.cont
[18;81Htext.support.DefaultBootstrapContext(java.lang.Class,org.springframework.test.cont
[18;81Htext.CacheAwareContextLoaderDelegate)]
22:16:54.066 [main] DEBUG org.springframework.test.context.BootstrapUtils - Insta
[18;81Hantiating TestContextBootstrapper for test class [edu.auburn.cpsc4970.webapp5a.Web
[18;81Hbapp5aPwbApplicationTests] from class [org.springframework.boot.test.context.Sprin
[18;81HngBootTestContextBootstrapper]
22:16:54.079 [main] INFO org.springframework.boot.test.context.SpringBootTestCont
[18;81HtextBootstrapper - Neither @ContextConfiguration nor @ContextHierarchy found for t
[18;81Htest class [edu.auburn.cpsc4970.webapp5a.Webapp5aPwbApplicationTests], using Sprin
[18;81HngBootContextLoader
22:16:54.083 [main] DEBUG org.springframework.test.context.support.AbstractContex
[18;81HxtLoader - Did not detect default resource location for test class [edu.auburn.cps
[18;81Hsc4970.webapp5a.Webapp5aPwbApplicationTests]: class path resource [edu/auburn/cpsc
[18;81Hc4970/webapp5a/Webapp5aPwbApplicationTests-context.xml] does not exist
22:16:54.083 [main] DEBUG org.springframework.test.context.support.AbstractContex
[18;81HxtLoader - Did not detect default resource location for test class [edu.auburn.cps
[18;81Hsc4970.webapp5a.Webapp5aPwbApplicationTests]: class path resource [edu/auburn/cpsc
[18;81Hc4970/webapp5a/Webapp5aPwbApplicationTestsContext.groovy] does not exist
22:16:54.083 [main] INFO org.springframework.test.context.support.AbstractContext
[18;81HtLoader - Could not detect default resource locations for test class [edu.auburn.c
[18;81Hcpsc4970.webapp5a.Webapp5aPwbApplicationTests]: no resource found for suffixes {-c
[18;81Hcontext.xml, Context.groovy}.
22:16:54.083 [main] INFO org.springframework.test.context.support.AnnotationConfi
[18;81HigContextLoaderUtils - Could not detect default configuration classes for test cla
[18;81Hass [edu.auburn.cpsc4970.webapp5a.Webapp5aPwbApplicationTests]: Webapp5aPwbApplica
[18;81HationTests does not declare any static, non-private, non-final, nested classes ann
[18;81Hnotated with @Configuration.
22:16:54.120 [main] DEBUG org.springframework.test.context.support.ActiveProfiles
[18;81HsUtils - Could not find an 'annotation declaring class' for annotation type [org.s
[18;81Hspringframework.test.context.ActiveProfiles] and class [edu.auburn.cpsc4970.webapp
[18;81Hp5a.Webapp5aPwbApplicationTests]
22:16:54.177 [main] DEBUG org.springframework.context.annotation.ClassPathScannin
[18;81HngCandidateComponentProvider - Identified candidate component class: file [C:\cygw
[18;81Hwin64\home\Laura\COMP5970\m5-assign-a\target\classes\edu\auburn\cpsc4970\webapp5a\
[18;81H\SpringBootApplication.class]
22:16:54.186 [main] INFO org.springframework.boot.test.context.SpringBootTestCont
[18;81HtextBootstrapper - Found @SpringBootConfiguration edu.auburn.cpsc4970.webapp5a.Spr
[18;81HringBootApplication for test class edu.auburn.cpsc4970.webapp5a.Webapp5aPwbApplica
[18;81HationTests
22:16:54.288 [main] DEBUG org.springframework.boot.test.context.SpringBootTestCon
[18;81HntextBootstrapper - @TestExecutionListeners is not present for class [edu.auburn.c
[18;81Hcpsc4970.webapp5a.Webapp5aPwbApplicationTests]: using defaults.
22:16:54.288 [main] INFO org.springframework.boot.test.context.SpringBootTestCont
[18;81HtextBootstrapper - Loaded default TestExecutionListener class names from location 
[18;81H [META-INF/spring.factories]: [org.springframework.boot.test.mock.mockito.MockitoT
[18;81HTestExecutionListener, org.springframework.boot.test.mock.mockito.ResetMocksTestEx
[18;81HxecutionListener, org.springframework.boot.test.autoconfigure.restdocs.RestDocsTes
[18;81HstExecutionListener, org.springframework.boot.test.autoconfigure.web.client.MockRe
[18;81HestServiceServerResetTestExecutionListener, org.springframework.boot.test.autoconf
[18;81Hfigure.web.servlet.MockMvcPrintOnlyOnFailureTestExecutionListener, org.springframe
[18;81Hework.boot.test.autoconfigure.web.servlet.WebDriverTestExecutionListener, org.spri
[18;81Hingframework.boot.test.autoconfigure.webservices.client.MockWebServiceServerTestEx
[18;81HxecutionListener, org.springframework.test.context.web.ServletTestExecutionListene
[18;81Her, org.springframework.test.context.support.DirtiesContextBeforeModesTestExecutio
[18;81HonListener, org.springframework.test.context.event.ApplicationEventsTestExecutionL
[18;81HListener, org.springframework.test.context.support.DependencyInjectionTestExecutio
[18;81HonListener, org.springframework.test.context.support.DirtiesContextTestExecutionLi
[18;81Histener, org.springframework.test.context.transaction.TransactionalTestExecutionLi
[18;81Histener, org.springframework.test.context.jdbc.SqlScriptsTestExecutionListener, or
[18;81Hrg.springframework.test.context.event.EventPublishingTestExecutionListener]       
22:16:54.299 [main] DEBUG org.springframework.boot.test.context.SpringBootTestCon
[18;81HntextBootstrapper - Skipping candidate TestExecutionListener [org.springframework.
[18;81H.test.context.transaction.TransactionalTestExecutionListener] due to a missing dep
[18;81Hpendency. Specify custom listener classes or make the default listener classes and
[18;81Hd their required dependencies available. Offending class: [org/springframework/tra
[18;81Hansaction/interceptor/TransactionAttributeSource]
22:16:54.299 [main] DEBUG org.springframework.boot.test.context.SpringBootTestCon
[18;81HntextBootstrapper - Skipping candidate TestExecutionListener [org.springframework.
[18;81H.test.context.jdbc.SqlScriptsTestExecutionListener] due to a missing dependency. S
[18;81HSpecify custom listener classes or make the default listener classes and their req
[18;81Hquired dependencies available. Offending class: [org/springframework/transaction/i
[18;81Hinterceptor/TransactionAttribute]
22:16:54.299 [main] INFO org.springframework.boot.test.context.SpringBootTestCont
[18;81HtextBootstrapper - Using TestExecutionListeners: [org.springframework.test.context
[18;81Ht.web.ServletTestExecutionListener@14bee915, org.springframework.test.context.supp
[18;81Hport.DirtiesContextBeforeModesTestExecutionListener@1115ec15, org.springframework.
[18;81H.test.context.event.ApplicationEventsTestExecutionListener@82ea68c, org.springfram
[18;81Hmework.boot.test.mock.mockito.MockitoTestExecutionListener@59e505b2, org.springfra
[18;81Hamework.boot.test.autoconfigure.SpringBootDependencyInjectionTestExecutionListener
[18;81Hr@3af0a9da, org.springframework.test.context.support.DirtiesContextTestExecutionLi
[18;81Histener@43b9fd5, org.springframework.test.context.event.EventPublishingTestExecuti
[18;81HionListener@79dc5318, org.springframework.boot.test.mock.mockito.ResetMocksTestExe
[18;81HecutionListener@8e50104, org.springframework.boot.test.autoconfigure.restdocs.Rest
[18;81HtDocsTestExecutionListener@37e4d7bb, org.springframework.boot.test.autoconfigure.w
[18;81Hweb.client.MockRestServiceServerResetTestExecutionListener@6f7923a5, org.springfra
[18;81Hamework.boot.test.autoconfigure.web.servlet.MockMvcPrintOnlyOnFailureTestExecution
[18;81HnListener@74a6f9c1, org.springframework.boot.test.autoconfigure.web.servlet.WebDri
[18;81HiverTestExecutionListener@54eb2b70, org.springframework.boot.test.autoconfigure.we
[18;81Hebservices.client.MockWebServiceServerTestExecutionListener@45a37759]
22:16:54.302 [main] DEBUG org.springframework.test.context.support.AbstractDirtie
[18;81HesContextTestExecutionListener - Before test class: context [DefaultTestContext@45
[18;81H57c9034 testClass = Webapp5aPwbApplicationTests, testInstance = [null], testMethod
[18;81Hd = [null], testException = [null], mergedContextConfiguration = [WebMergedContext
[18;81HtConfiguration@345f69f3 testClass = Webapp5aPwbApplicationTests, locations = '{}',
[18;81H, classes = '{class edu.auburn.cpsc4970.webapp5a.SpringBootApplication}', contextI
[18;81HInitializerClasses = '[]', activeProfiles = '{}', propertySourceLocations = '{}', 
[18;81H propertySourceProperties = '{org.springframework.boot.test.context.SpringBootTest
[18;81HtContextBootstrapper=true}', contextCustomizers = set[org.springframework.boot.tes
[18;81Hst.context.filter.ExcludeFilterContextCustomizer@11bd0f3b, org.springframework.boo
[18;81Hot.test.json.DuplicateJsonObjectContextCustomizerFactory$DuplicateJsonObjectContex
[18;81HxtCustomizer@72cde7cc, org.springframework.boot.test.mock.mockito.MockitoContextCu
[18;81Hustomizer@0, org.springframework.boot.test.web.client.TestRestTemplateContextCusto
[18;81Homizer@4e096385, org.springframework.boot.test.autoconfigure.actuate.metrics.Metri
[18;81HicsExportContextCustomizerFactory$DisableMetricExportContextCustomizer@22e357dc, o
[18;81Horg.springframework.boot.test.autoconfigure.properties.PropertyMappingContextCusto
[18;81Homizer@0, org.springframework.boot.test.autoconfigure.web.servlet.WebDriverContext
[18;81HtCustomizerFactory$Customizer@4d02f94e, org.springframework.boot.test.context.Spri
[18;81HingBootTestArgs@1, org.springframework.boot.test.context.SpringBootTestWebEnvironm
[18;81Hment@1f7030a6], resourceBasePath = 'src/main/webapp', contextLoader = 'org.springf
[18;81Hframework.boot.test.context.SpringBootContextLoader', parent = [null]], attributes
[18;81Hs = map['org.springframework.test.context.web.ServletTestExecutionListener.activat
[18;81HteListener' -> true]], class annotated with @DirtiesContext [false] with mode [nul
[18;81Hll].

  .   ____          _            __ _ _
 /\\ / ___'_ __ _ _(_)_ __  __ _ \ \ \ \
( ( )\___ | '_ | '_| | '_ \/ _` | \ \ \ \
 \\/  ___)| |_)| | | | | || (_| |  ) ) ) )
  '  |____| .__|_| |_|_| |_\__, | / / / /
 =========|_|==============|___/=/_/_/_/
 :: Spring Boot ::                (v2.7.0)

2024-07-24 22:16:54.616  INFO 5604 --- [           main] e.a.c.w.Webapp5aPwbAppli
[18;81HicationTests      : Starting Webapp5aPwbApplicationTests using Java 17.0.1 on DESK
[18;81HKTOP-OJAS8R7 with PID 5604 (started by Laura in C:\cygwin64\home\Laura\COMP5970\m5
[18;81H5-assign-a)
2024-07-24 22:16:54.619  INFO 5604 --- [           main] e.a.c.w.Webapp5aPwbAppli
[18;81HicationTests      : No active profile set, falling back to 1 default profile: "def
[18;81Hfault"
2024-07-24 22:16:55.762  INFO 5604 --- [           main] o.s.b.a.w.s.WelcomePageH
[18;81HHandlerMapping    : Adding welcome page template: index
2024-07-24 22:16:56.022  INFO 5604 --- [           main] e.a.c.w.Webapp5aPwbAppli
[18;81HicationTests      : Started Webapp5aPwbApplicationTests in 1.682 seconds (JVM runn
[18;81Hning for 2.545)
[[34m[1mINFO[m] [32m[1mTests run: 1[m, Failures: 0, Errors: 0, Skipped: 0, Time elapsed: 2.479 s - 
[18;81H in edu.auburn.cpsc4970.webapp5a.[1mWebapp5aPwbApplicationTests[22m[K
[[34m[1mINFO[m] 
[[34m[1mINFO[m] Results:[K
[[34m[1mINFO[m][K
[[34m[1mINFO[m] [32m[1mTests run: 1, Failures: 0, Errors: 0, Skipped: 0[m[K
[[34m[1mINFO[m][K
[[34m[1mINFO[m][K
[[34m[1mINFO[m] [1m--- [32m[22mwar:3.3.2:war [m[1m(default-war)[22m @ [36mwebapp5a-lgw0020[m[1m ---[22m[K
[[34m[1mINFO[m] Packaging webapp
[[34m[1mINFO[m] Assembling webapp [webapp5a-lgw0020] in [C:\cygwin64\home\Laura\COMP5970\m
[18;81Hm5-assign-a\target\webapp5a-lgw0020-0.0.1-SNAPSHOT]
[[34m[1mINFO[m] Processing war project[K
[[34m[1mINFO[m] Building war: C:\cygwin64\home\Laura\COMP5970\m5-assign-a\target\webapp5a-
[18;81H-lgw0020-0.0.1-SNAPSHOT.war
[[34m[1mINFO[m] 
[[34m[1mINFO[m] [1m--- [32m[22mspring-boot:2.7.0:repackage [m[1m(repackage)[22m @ [36mwebapp5a-lgw0020[m[1m ---[22m        [19;1H
[?25l[Hing for 2.545)[K
[[34m[1mINFO[m] [32m[1mTests run: 1[m, Failures: 0, Errors: 0, Skipped: 0, Time elapsed: 2.479 s - in edu.auburn.cpsc4970.webapp5a.[1mWebapp5aPwbApplicationTests[22m[K
[[34m[1mINFO[m][K
[[34m[1mINFO[m] Results:[K
[[34m[1mINFO[m][K
[[34m[1mINFO[m] [32m[1mTests run: 1, Failures: 0, Errors: 0, Skipped: 0[m[K
[[34m[1mINFO[m][K
[[34m[1mINFO[m][K
[[34m[1mINFO[m] [1m--- [32m[22mwar:3.3.2:war [m[1m(default-war)[22m @ [36mwebapp5a-lgw0020[m[1m ---[22m[K
[[34m[1mINFO[m] Packaging webapp[K
[[34m[1mINFO[m] Assembling webapp [webapp5a-lgw0020] in [C:\cygwin64\home\Laura\COMP5970\m5-assign-a\target\webapp5a-lgw0020-0.0.1-SNAPSHOT][K
[[34m[1mINFO[m] Processing war project[K
[[34m[1mINFO[m] Building war: C:\cygwin64\home\Laura\COMP5970\m5-assign-a\target\webapp5a-lgw0020-0.0.1-SNAPSHOT.war[K
[[34m[1mINFO[m][K
[[34m[1mINFO[m] [1m--- [32m[22mspring-boot:2.7.0:repackage [m[1m(repackage)[22m @ [36mwebapp5a-lgw0020[m[1m ---[22m        
[K
[K
[K
[K
[K
[K
[K
[K
[K
[K[19;1H[?25h[[34m[1mINFO[m] Replacing main artifact with repackaged archive
[[34m[1mINFO[m] [1m------------------------------------------------------------------------[22m
[[34m[1mINFO[m] [32m[1mBUILD SUCCESS[m
[[34m[1mINFO[m] [1m------------------------------------------------------------------------[22m
[[34m[1mINFO[m] Total time:  6.821 s
[[34m[1mINFO[m] Finished at: 2024-07-24T22:16:58-05:00
[[34m[1mINFO[m] [1m------------------------------------------------------------------------
[22m[?2004h]0;~/COMP5970/m5-assign-a
[32mLaura@DESKTOP-OJAS8R7 [33m~/COMP5970/m5-assign-a[0m
$ git branch pipeline-dash
[?2004l[6n[m[?25h[?2004h]0;~/COMP5970/m5-assign-a
[32mLaura@DESKTOP-OJAS8R7 [33m~/COMP5970/m5-assign-a[0m
$ git checkout pipeline-dash
[?2004l[6n[m[?25hSwitched to branch 'pipeline-dash'
[?2004h]0;~/COMP5970/m5-assign-a
[32mLaura@DESKTOP-OJAS8R7 [33m~/COMP5970/m5-assign-a[0m
$ git push --set-upstram[K[Keam origin pipeline-dash
[?2004l[6n[m[?25hTotal 0 (delta 0), reused 0 (delta 0), pack-reused 0 (from 0)
remote: 
remote: To create a merge request for pipeline-dash, visit:
remote:   https://gitlab.com/sec-sw-const-sum-24-b/students/lgw0020/m5-assign-a/-
[27;81H-/merge_requests/new?merge_request%5Bsource_branch%5D=pipeline-dash
remote:[1C[?25l
To https://gitlab.com/sec-sw-const-sum-24-b/students/lgw0020/m5-assign-a.git     [28;77H[?25h
 * [new branch]      pipeline-dash -> pipeline-dash
branch 'pipeline-dash' set up to track 'origin/pipeline-dash'.
[?2004h]0;~/COMP5970/m5-assign-a
[32mLaura@DESKTOP-OJAS8R7 [33m~/COMP5970/m5-assign-a[0m
$ git status
[?2004l[6n[m[?25hOn branch pipeline-dash
Your branch is up to date with 'origin/pipeline-dash'.

Changes not staged for commit:
  (use "git add <file>..." to update what will be committed)
  (use "git restore <file>..." to discard changes in working directory)
        [31mmodified:   .gitlab-ci.yml[K[m

Untracked files:
  (use "git add <file>..." to include in what will be committed)
        [31mM5.txt[K[m

no changes added to commit (use "git add" and/or "git commit -a")
[?2004h]0;~/COMP5970/m5-assign-a
[32mLaura@DESKTOP-OJAS8R7 [33m~/COMP5970/m5-assign-a[0m
$ git add .gitlabci[K[K-ci.yml
[?2004l[6n[m[?25h[?2004h]0;~/COMP5970/m5-assign-a
[32mLaura@DESKTOP-OJAS8R7 [33m~/COMP5970/m5-assign-a[0m
$ git commit - "i[K[K[Km '[K"initial commit"
[?2004l[6n[m[?25h[pipeline-dash 9cb1a9e] initial commit
 1 file changed, 12 insertions(+)
[?2004h]0;~/COMP5970/m5-assign-a
[32mLaura@DESKTOP-OJAS8R7 [33m~/COMP5970/m5-assign-a[0m
$ git push
[?2004l[6n[m[?25hEnumerating objects: 5, done.
Counting objects: 100% (5/5), done.
Delta compression using up to 12 threads
Compressing objects: 100% (3/3), done.
Writing objects: 100% (3/3), 535 bytes | 535.00 KiB/s, done.
Total 3 (delta 2), reused 0 (delta 0), pack-reused 0 (from 0)
remote: 
remote: To create a merge request for pipeline-dash, visit:
remote:   https://gitlab.com/sec-sw-const-sum-24-b/students/lgw0020/m5-assign-a/-
[27;81H-/merge_requests/new?merge_request%5Bsource_branch%5D=pipeline-dash
remote:[1C[?25l
To https://gitlab.com/sec-sw-const-sum-24-b/students/lgw0020/m5-assign-a.git     [28;77H[?25h
   4c57468..9cb1a9e  pipeline-dash -> pipeline-dash
[?2004h]0;~/COMP5970/m5-assign-a
[32mLaura@DESKTOP-OJAS8R7 [33m~/COMP5970/m5-assign-a[0m
$ git checkout main
[?2004l[6n[m[?25hSwitched to branch 'main'
Your branch is ahead of 'origin/main' by 3 commits.
  (use "git push" to publish your local commits)
[?2004h]0;~/COMP5970/m5-assign-a
[32mLaura@DESKTOP-OJAS8R7 [33m~/COMP5970/m5-assign-a[0m
$ git merge pipeline-dash
[?2004l[6n[m[?25hUpdating 4c57468..9cb1a9e
Fast-forward
 .gitlab-ci.yml | 12 [32m++++++++++++[m
 1 file changed, 12 insertions(+)
[?2004h]0;~/COMP5970/m5-assign-a
[32mLaura@DESKTOP-OJAS8R7 [33m~/COMP5970/m5-assign-a[0m
$ git merge pipeline-dash[C[1P pipeline-dash[C[C[C[C[C[C[C[C[C[C[1P pipeline-dash[C[C[C[C[C[C[C[C[C[1P pipeline-dash[C[C[C[C[C[C[C[C[1P pipeline-dash[C[C[C[C[C[C[C[1P pipeline-dash[C[C[C[C[C[Cc pipeline-dash[C[C[C[C[C[C[Ch pipeline-dash[C[C[C[C[C[C[C[Ce pipeline-dash[C[C[C[C[C[C[C[C[Cc pipeline-dash[C[C[C[C[C[C[C[C[C[Ck pipeline-dash[C[C[C[C[C[C[C[C[C[C[Co pipeline-dash[C[C[C[C[C[C[C[C[C[C[C[Cu pipeline-dasht pipeline-dash
[?2004l[6n[m[?25hM[7C.gitlab-ci.yml
Switched to branch 'pipeline-dash'
Your branch is up to date with 'origin/pipeline-dash'.
[?2004h]0;~/COMP5970/m5-assign-a
[32mLaura@DESKTOP-OJAS8R7 [33m~/COMP5970/m5-assign-a[0m
$ git checkout pipeline-dash[C[C[C[C[C[C[3Pmerge[C[C[C[C[C[C[C[C[C[C[C[C[C[C[C[C[C[C[C[C[6Pcheckout main[C[C[C[C[C[Cpush[Kcommit -m "initial commit"[C[C[C[C[C[C[8Padd .gitlab-ci.yml
[?2004l[6n[m[?25h[?2004h]0;~/COMP5970/m5-assign-a
[32mLaura@DESKTOP-OJAS8R7 [33m~/COMP5970/m5-assign-a[0m
$ git add .gitlab-ci.yml[C[C[C[C[C[Ccheckout pipeline-dash[C[C[C[C[C[C[3Pmerge[C[C[C[C[C[C[C[C[C[C[C[C[C[C[C[C[C[C[C[C[6Pcheckout main[C[C[C[C[C[Cpush[Kcommit -m "initial commit"
[?2004l[6n[m[?25h[pipeline-dash 3c66398] initial commit
 1 file changed, 1 insertion(+), 1 deletion(-)
[?2004h]0;~/COMP5970/m5-assign-a
[32mLaura@DESKTOP-OJAS8R7 [33m~/COMP5970/m5-assign-a[0m
$ git commit -m "initial commit"[C[C[C[C[C[C[8Padd .gitlab-ci.yml[C[C[C[C[C[Ccheckout pipeline-dash[C[C[C[C[C[C[3Pmerge[C[C[C[C[C[C[C[C[C[C[C[C[C[C[C[C[C[C[C[C[6Pcheckout main[C[C[C[C[C[Cpush[K
[?2004l[6n[m[?25hEnumerating objects: 5, done.
Counting objects: 100% (5/5), done.
Delta compression using up to 12 threads
Compressing objects: 100% (3/3), done.
Writing objects: 100% (3/3), 291 bytes | 291.00 KiB/s, done.
Total 3 (delta 2), reused 0 (delta 0), pack-reused 0 (from 0)
remote: 
remote: View merge request for pipeline-dash:
remote:   https://gitlab.com/sec-sw-const-sum-24-b/students/lgw0020/m5-assign-a/-
[27;81H-/merge_requests/3
remote:[1C[?25l
To https://gitlab.com/sec-sw-const-sum-24-b/students/lgw0020/m5-assign-a.git     [28;77H[?25h
   9cb1a9e..3c66398  pipeline-dash -> pipeline-dash
[?2004h]0;~/COMP5970/m5-assign-a
[32mLaura@DESKTOP-OJAS8R7 [33m~/COMP5970/m5-assign-a[0m
$ git pushcommit -m "initial commit"[C[C[C[C[C[C[8Padd .gitlab-ci.yml
[?2004l[6n[m[?25h[?2004h]0;~/COMP5970/m5-assign-a
[32mLaura@DESKTOP-OJAS8R7 [33m~/COMP5970/m5-assign-a[0m
$ git add .gitlab-ci.yml[C[C[C[C[C[Cpush[Kcommit -m "initial commit"
[?2004l[6n[m[?25h[pipeline-dash 6b3ed53] initial commit
 1 file changed, 3 insertions(+), 3 deletions(-)
[?2004h]0;~/COMP5970/m5-assign-a
[32mLaura@DESKTOP-OJAS8R7 [33m~/COMP5970/m5-assign-a[0m
$ git commit -m "initial commit"[C[C[C[C[C[C[8Padd .gitlab-ci.yml[C[C[C[C[C[Cpush[K
[?2004l[6n[m[?25hEnumerating objects: 5, done.
Counting objects: 100% (5/5), done.
Delta compression using up to 12 threads
Compressing objects: 100% (3/3), done.
Writing objects: 100% (3/3), 319 bytes | 319.00 KiB/s, done.
Total 3 (delta 2), reused 0 (delta 0), pack-reused 0 (from 0)
remote: 
remote: View merge request for pipeline-dash:
remote:   https://gitlab.com/sec-sw-const-sum-24-b/students/lgw0020/m5-assign-a/-
[27;81H-/merge_requests/3
remote:[1C[?25l
To https://gitlab.com/sec-sw-const-sum-24-b/students/lgw0020/m5-assign-a.git     [28;77H[?25h
   3c66398..6b3ed53  pipeline-dash -> pipeline-dash
[?2004h]0;~/COMP5970/m5-assign-a
[32mLaura@DESKTOP-OJAS8R7 [33m~/COMP5970/m5-assign-a[0m
$ git checkout main
[?2004l[6n[m[?25hSwitched to branch 'main'
Your branch is ahead of 'origin/main' by 4 commits.
  (use "git push" to publish your local commits)
[?2004h]0;~/COMP5970/m5-assign-a
[32mLaura@DESKTOP-OJAS8R7 [33m~/COMP5970/m5-assign-a[0m
$ git merge pipeline-dash
[?2004l[6n[m[?25hUpdating 9cb1a9e..6b3ed53
Fast-forward
 .gitlab-ci.yml | 8 [32m++++[31m----[m
 1 file changed, 4 insertions(+), 4 deletions(-)
[?2004h]0;~/COMP5970/m5-assign-a
[32mLaura@DESKTOP-OJAS8R7 [33m~/COMP5970/m5-assign-a[0m
$ exit
[?2004lexit

Script done on 2024-07-24 22:35:22-05:00 [COMMAND_EXIT_CODE="0"]
